#
# There is insufficient memory for the Java Runtime Environment to continue.
# Native memory allocation (mmap) failed to map 358612992 bytes for committing reserved memory.
# Possible reasons:
#   The system is out of physical RAM or swap space
#   The process is running with CompressedOops enabled, and the Java Heap may be blocking the growth of the native heap
# Possible solutions:
#   Reduce memory load on the system
#   Increase physical memory or swap space
#   Check if swap backing store is full
#   Decrease Java heap size (-Xmx/-Xms)
#   Decrease number of Java threads
#   Decrease Java thread stack sizes (-Xss)
#   Set larger code cache with -XX:ReservedCodeCacheSize=
#   JVM is running with Unscaled Compressed Oops mode in which the Java heap is
#     placed in the first 4GB address space. The Java Heap base address is the
#     maximum limit for the native heap growth. Please use -XX:HeapBaseMinAddress
#     to set the Java Heap base and to place the Java Heap above 4GB virtual address.
# This output file may be truncated or incomplete.
#
#  Out of Memory Error (os_linux.cpp:2839), pid=4793, tid=4800
#
# JRE version: OpenJDK Runtime Environment (11.0.5+10) (build 11.0.5+10-post-Ubuntu-0ubuntu1.118.04)
# Java VM: OpenJDK 64-Bit Server VM (11.0.5+10-post-Ubuntu-0ubuntu1.118.04, mixed mode, sharing, tiered, compressed oops, g1 gc, linux-amd64)
# Core dump will be written. Default location: Core dumps may be processed with "/usr/share/apport/apport %p %s %c %d %P" (or dumping to /home/bhanu/Replicated-Databases/src/core.4793)
#

---------------  S U M M A R Y ------------

Command Line: Server3

Host: Intel(R) Core(TM) i5-8250U CPU @ 1.60GHz, 8 cores, 7G, Ubuntu 18.04.3 LTS
Time: Tue Mar 24 15:00:28 2020 IST elapsed time: 270 seconds (0d 0h 4m 30s)

---------------  T H R E A D  ---------------

Current thread (0x00007fe94811c800):  VMThread "VM Thread" [stack: 0x00007fe91757d000,0x00007fe91767d000] [id=4800]

Stack: [0x00007fe91757d000,0x00007fe91767d000],  sp=0x00007fe91767aff0,  free space=1015k
Native frames: (J=compiled Java code, A=aot compiled Java code, j=interpreted, Vv=VM code, C=native code)
V  [libjvm.so+0xdec067]
V  [libjvm.so+0xdeccbb]
V  [libjvm.so+0x64fc15]
V  [libjvm.so+0xbc77d8]
V  [libjvm.so+0xbbf0fd]
V  [libjvm.so+0x76d91f]
V  [libjvm.so+0x76db8e]
V  [libjvm.so+0x779c00]
V  [libjvm.so+0x7f4f49]
V  [libjvm.so+0x7f5ba2]
V  [libjvm.so+0x7f6009]
V  [libjvm.so+0x72c0df]
V  [libjvm.so+0x730dda]
V  [libjvm.so+0xdf7d01]
V  [libjvm.so+0xdf68c8]
V  [libjvm.so+0xdf4106]
V  [libjvm.so+0xdf4610]
V  [libjvm.so+0xdf4a43]
V  [libjvm.so+0xd7ba0a]
V  [libjvm.so+0xbcd3ce]

VM_Operation (0x00007fe915168b50): G1CollectForAllocation, mode: safepoint, requested by thread 0x00007fe8e4007000


---------------  P R O C E S S  ---------------

Threads class SMR info:
_java_thread_list=0x00007fe8d4007340, length=22, elements={
0x00007fe948014800, 0x00007fe94811f800, 0x00007fe948121800, 0x00007fe948127000,
0x00007fe948129000, 0x00007fe94812b000, 0x00007fe94812d000, 0x00007fe9481a4000,
0x00007fe9481a9000, 0x00007fe948314000, 0x00007fe9483c4000, 0x00007fe94828d000,
0x00007fe94828f000, 0x00007fe9483ed800, 0x00007fe9483d2800, 0x00007fe8e4003000,
0x00007fe8e4005000, 0x00007fe8e4007000, 0x00007fe8e4008800, 0x00007fe948285000,
0x00007fe9483d4800, 0x00007fe8e400a800
}

Java Threads: ( => current thread )
  0x00007fe948014800 JavaThread "main" [_thread_blocked, id=4794, stack(0x00007fe94f449000,0x00007fe94f54a000)]
  0x00007fe94811f800 JavaThread "Reference Handler" daemon [_thread_blocked, id=4801, stack(0x00007fe91747a000,0x00007fe91757b000)]
  0x00007fe948121800 JavaThread "Finalizer" daemon [_thread_blocked, id=4802, stack(0x00007fe917379000,0x00007fe91747a000)]
  0x00007fe948127000 JavaThread "Signal Dispatcher" daemon [_thread_blocked, id=4803, stack(0x00007fe9168a9000,0x00007fe9169aa000)]
  0x00007fe948129000 JavaThread "C2 CompilerThread0" daemon [_thread_blocked, id=4804, stack(0x00007fe9167a8000,0x00007fe9168a9000)]
  0x00007fe94812b000 JavaThread "C1 CompilerThread0" daemon [_thread_blocked, id=4805, stack(0x00007fe9166a7000,0x00007fe9167a8000)]
  0x00007fe94812d000 JavaThread "Sweeper thread" daemon [_thread_blocked, id=4806, stack(0x00007fe9165a6000,0x00007fe9166a7000)]
  0x00007fe9481a4000 JavaThread "Service Thread" daemon [_thread_blocked, id=4807, stack(0x00007fe9164a5000,0x00007fe9165a6000)]
  0x00007fe9481a9000 JavaThread "Common-Cleaner" daemon [_thread_blocked, id=4809, stack(0x00007fe9162a2000,0x00007fe9163a3000)]
  0x00007fe948314000 JavaThread "MySQL Statement Cancellation Timer" daemon [_thread_blocked, id=4810, stack(0x00007fe915d79000,0x00007fe915e7a000)]
  0x00007fe9483c4000 JavaThread "RMI TCP Accept-0" daemon [_thread_in_native, id=4822, stack(0x00007fe915a75000,0x00007fe915b76000)]
  0x00007fe94828d000 JavaThread "RMI Reaper" [_thread_blocked, id=4823, stack(0x00007fe915974000,0x00007fe915a75000)]
  0x00007fe94828f000 JavaThread "RMI GC Daemon" daemon [_thread_blocked, id=4824, stack(0x00007fe915671000,0x00007fe915772000)]
  0x00007fe9483ed800 JavaThread "RMI Scheduler(0)" daemon [_thread_blocked, id=4826, stack(0x00007fe915570000,0x00007fe915671000)]
  0x00007fe9483d2800 JavaThread "RMI RenewClean-[127.0.1.1:33871]" daemon [_thread_blocked, id=4835, stack(0x00007fe91536e000,0x00007fe91546f000)]
  0x00007fe8e4003000 JavaThread "RMI TCP Connection(7)-127.0.0.1" daemon [_thread_blocked, id=4836, stack(0x00007fe91526d000,0x00007fe91536e000)]
  0x00007fe8e4005000 JavaThread "RMI TCP Connection(9)-127.0.0.1" daemon [_thread_in_native, id=4882, stack(0x00007fe91516c000,0x00007fe91526d000)]
  0x00007fe8e4007000 JavaThread "RMI TCP Connection(8)-127.0.0.1" daemon [_thread_blocked, id=4904, stack(0x00007fe91506b000,0x00007fe91516c000)]
  0x00007fe8e4008800 JavaThread "RMI TCP Connection(5)-127.0.0.1" daemon [_thread_in_native, id=4910, stack(0x00007fe914f6a000,0x00007fe91506b000)]
  0x00007fe948285000 JavaThread "RMI RenewClean-[127.0.1.1:38441]" daemon [_thread_blocked, id=4926, stack(0x00007fe914b63000,0x00007fe914c64000)]
  0x00007fe9483d4800 JavaThread "RMI RenewClean-[127.0.1.1:35201]" daemon [_thread_blocked, id=4928, stack(0x00007fe914a62000,0x00007fe914b63000)]
  0x00007fe8e400a800 JavaThread "RMI TCP Connection(10)-127.0.0.1" daemon [_thread_in_native, id=4967, stack(0x00007fe914961000,0x00007fe914a62000)]

Other Threads:
=>0x00007fe94811c800 VMThread "VM Thread" [stack: 0x00007fe91757d000,0x00007fe91767d000] [id=4800]
  0x00007fe9481a6800 WatcherThread [stack: 0x00007fe9163a5000,0x00007fe9164a5000] [id=4808]
  0x00007fe94802d800 GCTaskThread "GC Thread#0" [stack: 0x00007fe92fd0d000,0x00007fe92fe0d000] [id=4795]
  0x00007fe908001000 GCTaskThread "GC Thread#1" [stack: 0x00007fe914e6a000,0x00007fe914f6a000] [id=4916]
  0x00007fe908002800 GCTaskThread "GC Thread#2" [stack: 0x00007fe914d68000,0x00007fe914e68000] [id=4917]
  0x00007fe908004000 GCTaskThread "GC Thread#3" [stack: 0x00007fe914c66000,0x00007fe914d66000] [id=4918]
  0x00007fe94805e800 ConcurrentGCThread "G1 Main Marker" [stack: 0x00007fe92c9c6000,0x00007fe92cac6000] [id=4796]
  0x00007fe948060800 ConcurrentGCThread "G1 Conc#0" [stack: 0x00007fe92c8c4000,0x00007fe92c9c4000] [id=4797]
  0x00007fe9480e9000 ConcurrentGCThread "G1 Refine#0" [stack: 0x00007fe924048000,0x00007fe924148000] [id=4798]
  0x00007fe9480eb000 ConcurrentGCThread "G1 Young RemSet Sampling" [stack: 0x00007fe917f00000,0x00007fe918000000] [id=4799]

Threads with active compile tasks:
C2 CompilerThread0 271085 1230  s    4       java.io.BufferedInputStream::read (49 bytes)

VM state:at safepoint (normal execution)

VM Mutex/Monitor currently owned by a thread:  ([mutex/lock_event])
[0x00007fe948010920] Threads_lock - owner thread: 0x00007fe94811c800
[0x00007fe948011070] Heap_lock - owner thread: 0x00007fe8e4007000

Heap address: 0x0000000085200000, size: 1966 MB, Compressed Oops mode: 32-bit
Narrow klass base: 0x0000000800000000, Narrow klass shift: 3
Compressed class space size: 1073741824 Address: 0x0000000840000000

Heap:
 garbage-first heap   total 525312K, used 3623K [0x0000000085200000, 0x0000000100000000)
  region size 1024K, 1 young (1024K), 1 survivors (1024K)
 Metaspace       used 5575K, capacity 6714K, committed 6912K, reserved 1056768K
  class space    used 544K, capacity 698K, committed 768K, reserved 1048576K
Heap Regions: E=young(eden), S=young(survivor), O=old, HS=humongous(starts), HC=humongous(continues), CS=collection set, F=free, A=archive, TAMS=top-at-mark-start (previous, next)
|   0|0x0000000085200000, 0x0000000085300000, 0x0000000085300000|100%| O|  |TAMS 0x0000000085200000, 0x0000000085200000| Untracked 
|   1|0x0000000085300000, 0x0000000085400000, 0x0000000085400000|100%| O|  |TAMS 0x0000000085300000, 0x0000000085300000| Untracked 
|   2|0x0000000085400000, 0x00000000854bf000, 0x0000000085500000| 74%| O|  |TAMS 0x0000000085400000, 0x0000000085400000| Untracked 
|   3|0x0000000085500000, 0x0000000085500000, 0x0000000085600000|  0%| F|  |TAMS 0x0000000085500000, 0x0000000085500000| Untracked 
|   4|0x0000000085600000, 0x0000000085600000, 0x0000000085700000|  0%| F|  |TAMS 0x0000000085600000, 0x0000000085600000| Untracked 
|   5|0x0000000085700000, 0x0000000085700000, 0x0000000085800000|  0%| F|  |TAMS 0x0000000085700000, 0x0000000085700000| Untracked 
|   6|0x0000000085800000, 0x0000000085800000, 0x0000000085900000|  0%| F|  |TAMS 0x0000000085800000, 0x0000000085800000| Untracked 
|   7|0x0000000085900000, 0x0000000085900000, 0x0000000085a00000|  0%| F|  |TAMS 0x0000000085900000, 0x0000000085900000| Untracked 
|   8|0x0000000085a00000, 0x0000000085a00000, 0x0000000085b00000|  0%| F|  |TAMS 0x0000000085a00000, 0x0000000085a00000| Untracked 
|   9|0x0000000085b00000, 0x0000000085b00000, 0x0000000085c00000|  0%| F|  |TAMS 0x0000000085b00000, 0x0000000085b00000| Untracked 
|  10|0x0000000085c00000, 0x0000000085c00000, 0x0000000085d00000|  0%| F|  |TAMS 0x0000000085c00000, 0x0000000085c00000| Untracked 
|  11|0x0000000085d00000, 0x0000000085d00000, 0x0000000085e00000|  0%| F|  |TAMS 0x0000000085d00000, 0x0000000085d00000| Untracked 
|  12|0x0000000085e00000, 0x0000000085e00000, 0x0000000085f00000|  0%| F|  |TAMS 0x0000000085e00000, 0x0000000085e00000| Untracked 
|  13|0x0000000085f00000, 0x0000000085f00000, 0x0000000086000000|  0%| F|  |TAMS 0x0000000085f00000, 0x0000000085f00000| Untracked 
|  14|0x0000000086000000, 0x0000000086000000, 0x0000000086100000|  0%| F|  |TAMS 0x0000000086000000, 0x0000000086000000| Untracked 
|  15|0x0000000086100000, 0x0000000086100000, 0x0000000086200000|  0%| F|  |TAMS 0x0000000086100000, 0x0000000086100000| Untracked 
|  16|0x0000000086200000, 0x0000000086200000, 0x0000000086300000|  0%| F|  |TAMS 0x0000000086200000, 0x0000000086200000| Untracked 
|  17|0x0000000086300000, 0x0000000086300000, 0x0000000086400000|  0%| F|  |TAMS 0x0000000086300000, 0x0000000086300000| Untracked 
|  18|0x0000000086400000, 0x0000000086400000, 0x0000000086500000|  0%| F|  |TAMS 0x0000000086400000, 0x0000000086400000| Untracked 
|  19|0x0000000086500000, 0x0000000086500000, 0x0000000086600000|  0%| F|  |TAMS 0x0000000086500000, 0x0000000086500000| Untracked 
|  20|0x0000000086600000, 0x0000000086600000, 0x0000000086700000|  0%| F|  |TAMS 0x0000000086600000, 0x0000000086600000| Untracked 
|  21|0x0000000086700000, 0x0000000086700000, 0x0000000086800000|  0%| F|  |TAMS 0x0000000086700000, 0x0000000086700000| Untracked 
|  22|0x0000000086800000, 0x0000000086800000, 0x0000000086900000|  0%| F|  |TAMS 0x0000000086800000, 0x0000000086800000| Untracked 
|  23|0x0000000086900000, 0x0000000086900000, 0x0000000086a00000|  0%| F|  |TAMS 0x0000000086900000, 0x0000000086900000| Untracked 
|  24|0x0000000086a00000, 0x0000000086a00000, 0x0000000086b00000|  0%| F|  |TAMS 0x0000000086a00000, 0x0000000086a00000| Untracked 
|  25|0x0000000086b00000, 0x0000000086b00000, 0x0000000086c00000|  0%| F|  |TAMS 0x0000000086b00000, 0x0000000086b00000| Untracked 
|  26|0x0000000086c00000, 0x0000000086c00000, 0x0000000086d00000|  0%| F|  |TAMS 0x0000000086c00000, 0x0000000086c00000| Untracked 
|  27|0x0000000086d00000, 0x0000000086d00000, 0x0000000086e00000|  0%| F|  |TAMS 0x0000000086d00000, 0x0000000086d00000| Untracked 
|  28|0x0000000086e00000, 0x0000000086e00000, 0x0000000086f00000|  0%| F|  |TAMS 0x0000000086e00000, 0x0000000086e00000| Untracked 
|  29|0x0000000086f00000, 0x0000000086f00000, 0x0000000087000000|  0%| F|  |TAMS 0x0000000086f00000, 0x0000000086f00000| Untracked 
|  30|0x0000000087000000, 0x0000000087000000, 0x0000000087100000|  0%| F|  |TAMS 0x0000000087000000, 0x0000000087000000| Untracked 
|  31|0x0000000087100000, 0x0000000087100000, 0x0000000087200000|  0%| F|  |TAMS 0x0000000087100000, 0x0000000087100000| Untracked 
|  32|0x0000000087200000, 0x0000000087200000, 0x0000000087300000|  0%| F|  |TAMS 0x0000000087200000, 0x0000000087200000| Untracked 
|  33|0x0000000087300000, 0x0000000087300000, 0x0000000087400000|  0%| F|  |TAMS 0x0000000087300000, 0x0000000087300000| Untracked 
|  34|0x0000000087400000, 0x0000000087400000, 0x0000000087500000|  0%| F|  |TAMS 0x0000000087400000, 0x0000000087400000| Untracked 
|  35|0x0000000087500000, 0x0000000087500000, 0x0000000087600000|  0%| F|  |TAMS 0x0000000087500000, 0x0000000087500000| Untracked 
|  36|0x0000000087600000, 0x0000000087600000, 0x0000000087700000|  0%| F|  |TAMS 0x0000000087600000, 0x0000000087600000| Untracked 
|  37|0x0000000087700000, 0x0000000087700000, 0x0000000087800000|  0%| F|  |TAMS 0x0000000087700000, 0x0000000087700000| Untracked 
|  38|0x0000000087800000, 0x0000000087800000, 0x0000000087900000|  0%| F|  |TAMS 0x0000000087800000, 0x0000000087800000| Untracked 
|  39|0x0000000087900000, 0x0000000087900000, 0x0000000087a00000|  0%| F|  |TAMS 0x0000000087900000, 0x0000000087900000| Untracked 
|  40|0x0000000087a00000, 0x0000000087a00000, 0x0000000087b00000|  0%| F|  |TAMS 0x0000000087a00000, 0x0000000087a00000| Untracked 
|  41|0x0000000087b00000, 0x0000000087b00000, 0x0000000087c00000|  0%| F|  |TAMS 0x0000000087b00000, 0x0000000087b00000| Untracked 
|  42|0x0000000087c00000, 0x0000000087c00000, 0x0000000087d00000|  0%| F|  |TAMS 0x0000000087c00000, 0x0000000087c00000| Untracked 
|  43|0x0000000087d00000, 0x0000000087d00000, 0x0000000087e00000|  0%| F|  |TAMS 0x0000000087d00000, 0x0000000087d00000| Untracked 
|  44|0x0000000087e00000, 0x0000000087e00000, 0x0000000087f00000|  0%| F|  |TAMS 0x0000000087e00000, 0x0000000087e00000| Untracked 
|  45|0x0000000087f00000, 0x0000000087f00000, 0x0000000088000000|  0%| F|  |TAMS 0x0000000087f00000, 0x0000000087f00000| Untracked 
|  46|0x0000000088000000, 0x0000000088000000, 0x0000000088100000|  0%| F|  |TAMS 0x0000000088000000, 0x0000000088000000| Untracked 
|  47|0x0000000088100000, 0x0000000088100000, 0x0000000088200000|  0%| F|  |TAMS 0x0000000088100000, 0x0000000088100000| Untracked 
|  48|0x0000000088200000, 0x0000000088200000, 0x0000000088300000|  0%| F|  |TAMS 0x0000000088200000, 0x0000000088200000| Untracked 
|  49|0x0000000088300000, 0x0000000088300000, 0x0000000088400000|  0%| F|  |TAMS 0x0000000088300000, 0x0000000088300000| Untracked 
|  50|0x0000000088400000, 0x0000000088400000, 0x0000000088500000|  0%| F|  |TAMS 0x0000000088400000, 0x0000000088400000| Untracked 
|  51|0x0000000088500000, 0x0000000088500000, 0x0000000088600000|  0%| F|  |TAMS 0x0000000088500000, 0x0000000088500000| Untracked 
|  52|0x0000000088600000, 0x0000000088600000, 0x0000000088700000|  0%| F|  |TAMS 0x0000000088600000, 0x0000000088600000| Untracked 
|  53|0x0000000088700000, 0x0000000088700000, 0x0000000088800000|  0%| F|  |TAMS 0x0000000088700000, 0x0000000088700000| Untracked 
|  54|0x0000000088800000, 0x0000000088800000, 0x0000000088900000|  0%| F|  |TAMS 0x0000000088800000, 0x0000000088800000| Untracked 
|  55|0x0000000088900000, 0x0000000088900000, 0x0000000088a00000|  0%| F|  |TAMS 0x0000000088900000, 0x0000000088900000| Untracked 
|  56|0x0000000088a00000, 0x0000000088a00000, 0x0000000088b00000|  0%| F|  |TAMS 0x0000000088a00000, 0x0000000088a00000| Untracked 
|  57|0x0000000088b00000, 0x0000000088b00000, 0x0000000088c00000|  0%| F|  |TAMS 0x0000000088b00000, 0x0000000088b00000| Untracked 
|  58|0x0000000088c00000, 0x0000000088c00000, 0x0000000088d00000|  0%| F|  |TAMS 0x0000000088c00000, 0x0000000088c00000| Untracked 
|  59|0x0000000088d00000, 0x0000000088d00000, 0x0000000088e00000|  0%| F|  |TAMS 0x0000000088d00000, 0x0000000088d00000| Untracked 
|  60|0x0000000088e00000, 0x0000000088e00000, 0x0000000088f00000|  0%| F|  |TAMS 0x0000000088e00000, 0x0000000088e00000| Untracked 
|  61|0x0000000088f00000, 0x0000000088f00000, 0x0000000089000000|  0%| F|  |TAMS 0x0000000088f00000, 0x0000000088f00000| Untracked 
|  62|0x0000000089000000, 0x0000000089000000, 0x0000000089100000|  0%| F|  |TAMS 0x0000000089000000, 0x0000000089000000| Untracked 
|  63|0x0000000089100000, 0x0000000089100000, 0x0000000089200000|  0%| F|  |TAMS 0x0000000089100000, 0x0000000089100000| Untracked 
|  64|0x0000000089200000, 0x0000000089200000, 0x0000000089300000|  0%| F|  |TAMS 0x0000000089200000, 0x0000000089200000| Untracked 
|  65|0x0000000089300000, 0x0000000089300000, 0x0000000089400000|  0%| F|  |TAMS 0x0000000089300000, 0x0000000089300000| Untracked 
|  66|0x0000000089400000, 0x0000000089400000, 0x0000000089500000|  0%| F|  |TAMS 0x0000000089400000, 0x0000000089400000| Untracked 
|  67|0x0000000089500000, 0x0000000089500000, 0x0000000089600000|  0%| F|  |TAMS 0x0000000089500000, 0x0000000089500000| Untracked 
|  68|0x0000000089600000, 0x0000000089600000, 0x0000000089700000|  0%| F|  |TAMS 0x0000000089600000, 0x0000000089600000| Untracked 
|  69|0x0000000089700000, 0x0000000089700000, 0x0000000089800000|  0%| F|  |TAMS 0x0000000089700000, 0x0000000089700000| Untracked 
|  70|0x0000000089800000, 0x0000000089800000, 0x0000000089900000|  0%| F|  |TAMS 0x0000000089800000, 0x0000000089800000| Untracked 
|  71|0x0000000089900000, 0x0000000089900000, 0x0000000089a00000|  0%| F|  |TAMS 0x0000000089900000, 0x0000000089900000| Untracked 
|  72|0x0000000089a00000, 0x0000000089a00000, 0x0000000089b00000|  0%| F|  |TAMS 0x0000000089a00000, 0x0000000089a00000| Untracked 
|  73|0x0000000089b00000, 0x0000000089b00000, 0x0000000089c00000|  0%| F|  |TAMS 0x0000000089b00000, 0x0000000089b00000| Untracked 
|  74|0x0000000089c00000, 0x0000000089c00000, 0x0000000089d00000|  0%| F|  |TAMS 0x0000000089c00000, 0x0000000089c00000| Untracked 
|  75|0x0000000089d00000, 0x0000000089d00000, 0x0000000089e00000|  0%| F|  |TAMS 0x0000000089d00000, 0x0000000089d00000| Untracked 
|  76|0x0000000089e00000, 0x0000000089e00000, 0x0000000089f00000|  0%| F|  |TAMS 0x0000000089e00000, 0x0000000089e00000| Untracked 
|  77|0x0000000089f00000, 0x0000000089f00000, 0x000000008a000000|  0%| F|  |TAMS 0x0000000089f00000, 0x0000000089f00000| Untracked 
|  78|0x000000008a000000, 0x000000008a000000, 0x000000008a100000|  0%| F|  |TAMS 0x000000008a000000, 0x000000008a000000| Untracked 
|  79|0x000000008a100000, 0x000000008a100000, 0x000000008a200000|  0%| F|  |TAMS 0x000000008a100000, 0x000000008a100000| Untracked 
|  80|0x000000008a200000, 0x000000008a200000, 0x000000008a300000|  0%| F|  |TAMS 0x000000008a200000, 0x000000008a200000| Untracked 
|  81|0x000000008a300000, 0x000000008a300000, 0x000000008a400000|  0%| F|  |TAMS 0x000000008a300000, 0x000000008a300000| Untracked 
|  82|0x000000008a400000, 0x000000008a400000, 0x000000008a500000|  0%| F|  |TAMS 0x000000008a400000, 0x000000008a400000| Untracked 
|  83|0x000000008a500000, 0x000000008a500000, 0x000000008a600000|  0%| F|  |TAMS 0x000000008a500000, 0x000000008a500000| Untracked 
|  84|0x000000008a600000, 0x000000008a600000, 0x000000008a700000|  0%| F|  |TAMS 0x000000008a600000, 0x000000008a600000| Untracked 
|  85|0x000000008a700000, 0x000000008a700000, 0x000000008a800000|  0%| F|  |TAMS 0x000000008a700000, 0x000000008a700000| Untracked 
|  86|0x000000008a800000, 0x000000008a800000, 0x000000008a900000|  0%| F|  |TAMS 0x000000008a800000, 0x000000008a800000| Untracked 
|  87|0x000000008a900000, 0x000000008a900000, 0x000000008aa00000|  0%| F|  |TAMS 0x000000008a900000, 0x000000008a900000| Untracked 
|  88|0x000000008aa00000, 0x000000008aa00000, 0x000000008ab00000|  0%| F|  |TAMS 0x000000008aa00000, 0x000000008aa00000| Untracked 
|  89|0x000000008ab00000, 0x000000008ab00000, 0x000000008ac00000|  0%| F|  |TAMS 0x000000008ab00000, 0x000000008ab00000| Untracked 
|  90|0x000000008ac00000, 0x000000008ac00000, 0x000000008ad00000|  0%| F|  |TAMS 0x000000008ac00000, 0x000000008ac00000| Untracked 
|  91|0x000000008ad00000, 0x000000008ad00000, 0x000000008ae00000|  0%| F|  |TAMS 0x000000008ad00000, 0x000000008ad00000| Untracked 
|  92|0x000000008ae00000, 0x000000008ae00000, 0x000000008af00000|  0%| F|  |TAMS 0x000000008ae00000, 0x000000008ae00000| Untracked 
|  93|0x000000008af00000, 0x000000008af00000, 0x000000008b000000|  0%| F|  |TAMS 0x000000008af00000, 0x000000008af00000| Untracked 
|  94|0x000000008b000000, 0x000000008b000000, 0x000000008b100000|  0%| F|  |TAMS 0x000000008b000000, 0x000000008b000000| Untracked 
|  95|0x000000008b100000, 0x000000008b100000, 0x000000008b200000|  0%| F|  |TAMS 0x000000008b100000, 0x000000008b100000| Untracked 
|  96|0x000000008b200000, 0x000000008b200000, 0x000000008b300000|  0%| F|  |TAMS 0x000000008b200000, 0x000000008b200000| Untracked 
|  97|0x000000008b300000, 0x000000008b300000, 0x000000008b400000|  0%| F|  |TAMS 0x000000008b300000, 0x000000008b300000| Untracked 
|  98|0x000000008b400000, 0x000000008b400000, 0x000000008b500000|  0%| F|  |TAMS 0x000000008b400000, 0x000000008b400000| Untracked 
|  99|0x000000008b500000, 0x000000008b500000, 0x000000008b600000|  0%| F|  |TAMS 0x000000008b500000, 0x000000008b500000| Untracked 
| 100|0x000000008b600000, 0x000000008b600000, 0x000000008b700000|  0%| F|  |TAMS 0x000000008b600000, 0x000000008b600000| Untracked 
| 101|0x000000008b700000, 0x000000008b700000, 0x000000008b800000|  0%| F|  |TAMS 0x000000008b700000, 0x000000008b700000| Untracked 
| 102|0x000000008b800000, 0x000000008b800000, 0x000000008b900000|  0%| F|  |TAMS 0x000000008b800000, 0x000000008b800000| Untracked 
| 103|0x000000008b900000, 0x000000008b900000, 0x000000008ba00000|  0%| F|  |TAMS 0x000000008b900000, 0x000000008b900000| Untracked 
| 104|0x000000008ba00000, 0x000000008ba00000, 0x000000008bb00000|  0%| F|  |TAMS 0x000000008ba00000, 0x000000008ba00000| Untracked 
| 105|0x000000008bb00000, 0x000000008bb00000, 0x000000008bc00000|  0%| F|  |TAMS 0x000000008bb00000, 0x000000008bb00000| Untracked 
| 106|0x000000008bc00000, 0x000000008bc00000, 0x000000008bd00000|  0%| F|  |TAMS 0x000000008bc00000, 0x000000008bc00000| Untracked 
| 107|0x000000008bd00000, 0x000000008bd00000, 0x000000008be00000|  0%| F|  |TAMS 0x000000008bd00000, 0x000000008bd00000| Untracked 
| 108|0x000000008be00000, 0x000000008be00000, 0x000000008bf00000|  0%| F|  |TAMS 0x000000008be00000, 0x000000008be00000| Untracked 
| 109|0x000000008bf00000, 0x000000008bf00000, 0x000000008c000000|  0%| F|  |TAMS 0x000000008bf00000, 0x000000008bf00000| Untracked 
| 110|0x000000008c000000, 0x000000008c000000, 0x000000008c100000|  0%| F|  |TAMS 0x000000008c000000, 0x000000008c000000| Untracked 
| 111|0x000000008c100000, 0x000000008c100000, 0x000000008c200000|  0%| F|  |TAMS 0x000000008c100000, 0x000000008c100000| Untracked 
| 112|0x000000008c200000, 0x000000008c200000, 0x000000008c300000|  0%| F|  |TAMS 0x000000008c200000, 0x000000008c200000| Untracked 
| 113|0x000000008c300000, 0x000000008c300000, 0x000000008c400000|  0%| F|  |TAMS 0x000000008c300000, 0x000000008c300000| Untracked 
| 114|0x000000008c400000, 0x000000008c400000, 0x000000008c500000|  0%| F|  |TAMS 0x000000008c400000, 0x000000008c400000| Untracked 
| 115|0x000000008c500000, 0x000000008c500000, 0x000000008c600000|  0%| F|  |TAMS 0x000000008c500000, 0x000000008c500000| Untracked 
| 116|0x000000008c600000, 0x000000008c600000, 0x000000008c700000|  0%| F|  |TAMS 0x000000008c600000, 0x000000008c600000| Untracked 
| 117|0x000000008c700000, 0x000000008c700000, 0x000000008c800000|  0%| F|  |TAMS 0x000000008c700000, 0x000000008c700000| Untracked 
| 118|0x000000008c800000, 0x000000008c800000, 0x000000008c900000|  0%| F|  |TAMS 0x000000008c800000, 0x000000008c800000| Untracked 
| 119|0x000000008c900000, 0x000000008c900000, 0x000000008ca00000|  0%| F|  |TAMS 0x000000008c900000, 0x000000008c900000| Untracked 
| 120|0x000000008ca00000, 0x000000008ca00000, 0x000000008cb00000|  0%| F|  |TAMS 0x000000008ca00000, 0x000000008ca00000| Untracked 
| 121|0x000000008cb00000, 0x000000008cb00000, 0x000000008cc00000|  0%| F|  |TAMS 0x000000008cb00000, 0x000000008cb00000| Untracked 
| 122|0x000000008cc00000, 0x000000008cc00000, 0x000000008cd00000|  0%| F|  |TAMS 0x000000008cc00000, 0x000000008cc00000| Untracked 
| 123|0x000000008cd00000, 0x000000008cd00000, 0x000000008ce00000|  0%| F|  |TAMS 0x000000008cd00000, 0x000000008cd00000| Untracked 
| 124|0x000000008ce00000, 0x000000008ce00000, 0x000000008cf00000|  0%| F|  |TAMS 0x000000008ce00000, 0x000000008ce00000| Untracked 
| 125|0x000000008cf00000, 0x000000008cf00000, 0x000000008d000000|  0%| F|  |TAMS 0x000000008cf00000, 0x000000008cf00000| Untracked 
| 126|0x000000008d000000, 0x000000008d000000, 0x000000008d100000|  0%| F|  |TAMS 0x000000008d000000, 0x000000008d000000| Untracked 
| 127|0x000000008d100000, 0x000000008d100000, 0x000000008d200000|  0%| F|  |TAMS 0x000000008d100000, 0x000000008d100000| Untracked 
| 128|0x000000008d200000, 0x000000008d200000, 0x000000008d300000|  0%| F|  |TAMS 0x000000008d200000, 0x000000008d200000| Untracked 
| 129|0x000000008d300000, 0x000000008d300000, 0x000000008d400000|  0%| F|  |TAMS 0x000000008d300000, 0x000000008d300000| Untracked 
| 130|0x000000008d400000, 0x000000008d400000, 0x000000008d500000|  0%| F|  |TAMS 0x000000008d400000, 0x000000008d400000| Untracked 
| 131|0x000000008d500000, 0x000000008d500000, 0x000000008d600000|  0%| F|  |TAMS 0x000000008d500000, 0x000000008d500000| Untracked 
| 132|0x000000008d600000, 0x000000008d600000, 0x000000008d700000|  0%| F|  |TAMS 0x000000008d600000, 0x000000008d600000| Untracked 
| 133|0x000000008d700000, 0x000000008d700000, 0x000000008d800000|  0%| F|  |TAMS 0x000000008d700000, 0x000000008d700000| Untracked 
| 134|0x000000008d800000, 0x000000008d800000, 0x000000008d900000|  0%| F|  |TAMS 0x000000008d800000, 0x000000008d800000| Untracked 
| 135|0x000000008d900000, 0x000000008d900000, 0x000000008da00000|  0%| F|  |TAMS 0x000000008d900000, 0x000000008d900000| Untracked 
| 136|0x000000008da00000, 0x000000008da00000, 0x000000008db00000|  0%| F|  |TAMS 0x000000008da00000, 0x000000008da00000| Untracked 
| 137|0x000000008db00000, 0x000000008db00000, 0x000000008dc00000|  0%| F|  |TAMS 0x000000008db00000, 0x000000008db00000| Untracked 
| 138|0x000000008dc00000, 0x000000008dc00000, 0x000000008dd00000|  0%| F|  |TAMS 0x000000008dc00000, 0x000000008dc00000| Untracked 
| 139|0x000000008dd00000, 0x000000008dd00000, 0x000000008de00000|  0%| F|  |TAMS 0x000000008dd00000, 0x000000008dd00000| Untracked 
| 140|0x000000008de00000, 0x000000008de00000, 0x000000008df00000|  0%| F|  |TAMS 0x000000008de00000, 0x000000008de00000| Untracked 
| 141|0x000000008df00000, 0x000000008df00000, 0x000000008e000000|  0%| F|  |TAMS 0x000000008df00000, 0x000000008df00000| Untracked 
| 142|0x000000008e000000, 0x000000008e000000, 0x000000008e100000|  0%| F|  |TAMS 0x000000008e000000, 0x000000008e000000| Untracked 
| 143|0x000000008e100000, 0x000000008e100000, 0x000000008e200000|  0%| F|  |TAMS 0x000000008e100000, 0x000000008e100000| Untracked 
| 144|0x000000008e200000, 0x000000008e200000, 0x000000008e300000|  0%| F|  |TAMS 0x000000008e200000, 0x000000008e200000| Untracked 
| 145|0x000000008e300000, 0x000000008e300000, 0x000000008e400000|  0%| F|  |TAMS 0x000000008e300000, 0x000000008e300000| Untracked 
| 146|0x000000008e400000, 0x000000008e400000, 0x000000008e500000|  0%| F|  |TAMS 0x000000008e400000, 0x000000008e400000| Untracked 
| 147|0x000000008e500000, 0x000000008e500000, 0x000000008e600000|  0%| F|  |TAMS 0x000000008e500000, 0x000000008e500000| Untracked 
| 148|0x000000008e600000, 0x000000008e600000, 0x000000008e700000|  0%| F|  |TAMS 0x000000008e600000, 0x000000008e600000| Untracked 
| 149|0x000000008e700000, 0x000000008e700000, 0x000000008e800000|  0%| F|  |TAMS 0x000000008e700000, 0x000000008e700000| Untracked 
| 150|0x000000008e800000, 0x000000008e800000, 0x000000008e900000|  0%| F|  |TAMS 0x000000008e800000, 0x000000008e800000| Untracked 
| 151|0x000000008e900000, 0x000000008e900000, 0x000000008ea00000|  0%| F|  |TAMS 0x000000008e900000, 0x000000008e900000| Untracked 
| 152|0x000000008ea00000, 0x000000008ea00000, 0x000000008eb00000|  0%| F|  |TAMS 0x000000008ea00000, 0x000000008ea00000| Untracked 
| 153|0x000000008eb00000, 0x000000008eb00000, 0x000000008ec00000|  0%| F|  |TAMS 0x000000008eb00000, 0x000000008eb00000| Untracked 
| 154|0x000000008ec00000, 0x000000008ec00000, 0x000000008ed00000|  0%| F|  |TAMS 0x000000008ec00000, 0x000000008ec00000| Untracked 
| 155|0x000000008ed00000, 0x000000008ed00000, 0x000000008ee00000|  0%| F|  |TAMS 0x000000008ed00000, 0x000000008ed00000| Untracked 
| 156|0x000000008ee00000, 0x000000008ee00000, 0x000000008ef00000|  0%| F|  |TAMS 0x000000008ee00000, 0x000000008ee00000| Untracked 
| 157|0x000000008ef00000, 0x000000008ef00000, 0x000000008f000000|  0%| F|  |TAMS 0x000000008ef00000, 0x000000008ef00000| Untracked 
| 158|0x000000008f000000, 0x000000008f000000, 0x000000008f100000|  0%| F|  |TAMS 0x000000008f000000, 0x000000008f000000| Untracked 
| 159|0x000000008f100000, 0x000000008f100000, 0x000000008f200000|  0%| F|  |TAMS 0x000000008f100000, 0x000000008f100000| Untracked 
| 160|0x000000008f200000, 0x000000008f200000, 0x000000008f300000|  0%| F|  |TAMS 0x000000008f200000, 0x000000008f200000| Untracked 
| 161|0x000000008f300000, 0x000000008f31cd60, 0x000000008f400000| 11%| S|CS|TAMS 0x000000008f300000, 0x000000008f300000| Complete 
| 162|0x000000008f400000, 0x000000008f400000, 0x000000008f500000|  0%| F|  |TAMS 0x000000008f400000, 0x000000008f400000| Untracked 
| 163|0x000000008f500000, 0x000000008f500000, 0x000000008f600000|  0%| F|  |TAMS 0x000000008f500000, 0x000000008f500000| Untracked 
| 164|0x000000008f600000, 0x000000008f600000, 0x000000008f700000|  0%| F|  |TAMS 0x000000008f600000, 0x000000008f600000| Untracked 
| 165|0x000000008f700000, 0x000000008f700000, 0x000000008f800000|  0%| F|  |TAMS 0x000000008f700000, 0x000000008f700000| Untracked 
| 166|0x000000008f800000, 0x000000008f800000, 0x000000008f900000|  0%| F|  |TAMS 0x000000008f800000, 0x000000008f800000| Untracked 
| 167|0x000000008f900000, 0x000000008f900000, 0x000000008fa00000|  0%| F|  |TAMS 0x000000008f900000, 0x000000008f900000| Untracked 
| 168|0x000000008fa00000, 0x000000008fa00000, 0x000000008fb00000|  0%| F|  |TAMS 0x000000008fa00000, 0x000000008fa00000| Untracked 
|1964|0x00000000ffe00000, 0x00000000ffe44000, 0x00000000fff00000| 26%|OA|  |TAMS 0x00000000ffe00000, 0x00000000ffe00000| Untracked 
|1965|0x00000000fff00000, 0x00000000fff6a000, 0x0000000100000000| 41%|CA|  |TAMS 0x00000000fff00000, 0x00000000fff00000| Untracked 

Card table byte_map: [0x00007fe92ed55000,0x00007fe92f12c000] _byte_map_base: 0x00007fe92e92c000

Marking Bits (Prev, Next): (CMBitMap*) 0x00007fe948056218, (CMBitMap*) 0x00007fe948056250
 Prev Bits: [0x00007fe92cac6000, 0x00007fe92e97e000)
 Next Bits: [0x00007fe926148000, 0x00007fe928000000)

Polling page: 0x00007fe94f56e000

Metaspace:

Usage:
  Non-class:      5.88 MB capacity,     4.91 MB ( 84%) used,   960.42 KB ( 16%) free+waste,    25.00 KB ( <1%) overhead. 
      Class:    698.00 KB capacity,   544.77 KB ( 78%) used,   139.86 KB ( 20%) free+waste,    13.38 KB (  2%) overhead. 
       Both:      6.56 MB capacity,     5.44 MB ( 83%) used,     1.07 MB ( 16%) free+waste,    38.38 KB ( <1%) overhead. 

Virtual space:
  Non-class space:        8.00 MB reserved,       6.00 MB ( 75%) committed 
      Class space:        1.00 GB reserved,     768.00 KB ( <1%) committed 
             Both:        1.01 GB reserved,       6.75 MB ( <1%) committed 

Chunk freelists:
   Non-Class:  8.00 KB
       Class:  0 bytes
        Both:  8.00 KB

MaxMetaspaceSize: unlimited
CompressedClassSpaceSize: 1.00 GB

CodeHeap 'non-profiled nmethods': size=120032Kb used=764Kb max_used=764Kb free=119267Kb
 bounds [0x00007fe9379c0000, 0x00007fe937c30000, 0x00007fe93eef8000]
CodeHeap 'profiled nmethods': size=120028Kb used=2275Kb max_used=2275Kb free=117752Kb
 bounds [0x00007fe930489000, 0x00007fe9306f9000, 0x00007fe9379c0000]
CodeHeap 'non-nmethods': size=5700Kb used=1125Kb max_used=1170Kb free=4574Kb
 bounds [0x00007fe92fef8000, 0x00007fe930168000, 0x00007fe930489000]
 total_blobs=2063 nmethods=1220 adapters=365
 compilation: enabled
              stopped_count=0, restarted_count=0
 full_count=0

Compilation events (20 events):
Event: 162.679 Thread 0x00007fe94812b000 nmethod 1218 0x00007fe9306b6390 code [0x00007fe9306b6580, 0x00007fe9306b6ab8]
Event: 163.269 Thread 0x00007fe94812b000 1219   !   3       sun.rmi.transport.StreamRemoteCall::<init> (107 bytes)
Event: 164.109 Thread 0x00007fe94812b000 nmethod 1219 0x00007fe9306b6c10 code [0x00007fe9306b6f40, 0x00007fe9306b83e8]
Event: 164.109 Thread 0x00007fe94812b000 1220       3       sun.rmi.server.UnicastRef::marshalCustomCallData (1 bytes)
Event: 164.110 Thread 0x00007fe94812b000 nmethod 1220 0x00007fe93048b910 code [0x00007fe93048bac0, 0x00007fe93048bc30]
Event: 164.110 Thread 0x00007fe94812b000 1221   !   3       sun.rmi.transport.StreamRemoteCall::executeCall (278 bytes)
Event: 164.172 Thread 0x00007fe94812b000 nmethod 1221 0x00007fe9306b8e10 code [0x00007fe9306b9320, 0x00007fe9306bc318]
Event: 165.501 Thread 0x00007fe94812b000 1222   !   3       sun.rmi.server.WeakClassHashMap::get (117 bytes)
Event: 165.501 Thread 0x00007fe94812b000 nmethod 1222 0x00007fe9306bd910 code [0x00007fe9306bdb80, 0x00007fe9306bea78]
Event: 165.501 Thread 0x00007fe94812b000 1223       3       java.rmi.server.RemoteObjectInvocationHandler::invoke (84 bytes)
Event: 167.025 Thread 0x00007fe94812b000 nmethod 1223 0x00007fe9306bef10 code [0x00007fe9306bf280, 0x00007fe9306c0888]
Event: 262.253 Thread 0x00007fe94812b000 1226  s    3       java.io.BufferedInputStream::read (49 bytes)
Event: 262.318 Thread 0x00007fe94812b000 nmethod 1226 0x00007fe9306c0f90 code [0x00007fe9306c1180, 0x00007fe9306c1758]
Event: 262.318 Thread 0x00007fe94812b000 1227       3       java.net.SocketInputStream::read (15 bytes)
Event: 262.318 Thread 0x00007fe94812b000 nmethod 1227 0x00007fe9306c1910 code [0x00007fe9306c1ae0, 0x00007fe9306c1d48]
Event: 267.801 Thread 0x00007fe94812b000 1228       3       java.nio.Buffer::remaining (10 bytes)
Event: 267.801 Thread 0x00007fe94812b000 nmethod 1228 0x00007fe93048c490 code [0x00007fe93048c640, 0x00007fe93048c7b0]
Event: 267.801 Thread 0x00007fe94812b000 1229       3       java.nio.ByteBuffer::position (6 bytes)
Event: 267.801 Thread 0x00007fe94812b000 nmethod 1229 0x00007fe9306c1e10 code [0x00007fe9306c1fc0, 0x00007fe9306c2208]
Event: 267.929 Thread 0x00007fe948129000 1230  s    4       java.io.BufferedInputStream::read (49 bytes)

GC Heap History (20 events):
Event: 188.641 GC heap after
{Heap after GC invocations=180 (full 0):
 garbage-first heap   total 129024K, used 3503K [0x0000000085200000, 0x0000000100000000)
  region size 1024K, 1 young (1024K), 1 survivors (1024K)
 Metaspace       used 5574K, capacity 6714K, committed 6912K, reserved 1056768K
  class space    used 544K, capacity 698K, committed 768K, reserved 1048576K
}
Event: 189.221 GC heap before
{Heap before GC invocations=180 (full 0):
 garbage-first heap   total 129024K, used 77231K [0x0000000085200000, 0x0000000100000000)
  region size 1024K, 74 young (75776K), 1 survivors (1024K)
 Metaspace       used 5574K, capacity 6714K, committed 6912K, reserved 1056768K
  class space    used 544K, capacity 698K, committed 768K, reserved 1048576K
}
Event: 191.580 GC heap after
{Heap after GC invocations=181 (full 0):
 garbage-first heap   total 175104K, used 3505K [0x0000000085200000, 0x0000000100000000)
  region size 1024K, 1 young (1024K), 1 survivors (1024K)
 Metaspace       used 5574K, capacity 6714K, committed 6912K, reserved 1056768K
  class space    used 544K, capacity 698K, committed 768K, reserved 1048576K
}
Event: 192.614 GC heap before
{Heap before GC invocations=181 (full 0):
 garbage-first heap   total 175104K, used 10673K [0x0000000085200000, 0x0000000100000000)
  region size 1024K, 8 young (8192K), 1 survivors (1024K)
 Metaspace       used 5574K, capacity 6714K, committed 6912K, reserved 1056768K
  class space    used 544K, capacity 698K, committed 768K, reserved 1048576K
}
Event: 196.171 GC heap after
{Heap after GC invocations=182 (full 0):
 garbage-first heap   total 175104K, used 3505K [0x0000000085200000, 0x0000000100000000)
  region size 1024K, 1 young (1024K), 1 survivors (1024K)
 Metaspace       used 5574K, capacity 6714K, committed 6912K, reserved 1056768K
  class space    used 544K, capacity 698K, committed 768K, reserved 1048576K
}
Event: 197.551 GC heap before
{Heap before GC invocations=182 (full 0):
 garbage-first heap   total 175104K, used 10673K [0x0000000085200000, 0x0000000100000000)
  region size 1024K, 8 young (8192K), 1 survivors (1024K)
 Metaspace       used 5574K, capacity 6714K, committed 6912K, reserved 1056768K
  class space    used 544K, capacity 698K, committed 768K, reserved 1048576K
}
Event: 198.560 GC heap after
{Heap after GC invocations=183 (full 0):
 garbage-first heap   total 175104K, used 3503K [0x0000000085200000, 0x0000000100000000)
  region size 1024K, 1 young (1024K), 1 survivors (1024K)
 Metaspace       used 5574K, capacity 6714K, committed 6912K, reserved 1056768K
  class space    used 544K, capacity 698K, committed 768K, reserved 1048576K
}
Event: 199.863 GC heap before
{Heap before GC invocations=183 (full 0):
 garbage-first heap   total 175104K, used 10671K [0x0000000085200000, 0x0000000100000000)
  region size 1024K, 8 young (8192K), 1 survivors (1024K)
 Metaspace       used 5574K, capacity 6714K, committed 6912K, reserved 1056768K
  class space    used 544K, capacity 698K, committed 768K, reserved 1048576K
}
Event: 199.863 GC heap after
{Heap after GC invocations=184 (full 0):
 garbage-first heap   total 175104K, used 3507K [0x0000000085200000, 0x0000000100000000)
  region size 1024K, 1 young (1024K), 1 survivors (1024K)
 Metaspace       used 5574K, capacity 6714K, committed 6912K, reserved 1056768K
  class space    used 544K, capacity 698K, committed 768K, reserved 1048576K
}
Event: 199.927 GC heap before
{Heap before GC invocations=184 (full 0):
 garbage-first heap   total 175104K, used 10675K [0x0000000085200000, 0x0000000100000000)
  region size 1024K, 8 young (8192K), 1 survivors (1024K)
 Metaspace       used 5574K, capacity 6714K, committed 6912K, reserved 1056768K
  class space    used 544K, capacity 698K, committed 768K, reserved 1048576K
}
Event: 199.927 GC heap after
{Heap after GC invocations=185 (full 0):
 garbage-first heap   total 175104K, used 3501K [0x0000000085200000, 0x0000000100000000)
  region size 1024K, 1 young (1024K), 1 survivors (1024K)
 Metaspace       used 5574K, capacity 6714K, committed 6912K, reserved 1056768K
  class space    used 544K, capacity 698K, committed 768K, reserved 1048576K
}
Event: 202.138 GC heap before
{Heap before GC invocations=185 (full 0):
 garbage-first heap   total 175104K, used 10669K [0x0000000085200000, 0x0000000100000000)
  region size 1024K, 8 young (8192K), 1 survivors (1024K)
 Metaspace       used 5574K, capacity 6714K, committed 6912K, reserved 1056768K
  class space    used 544K, capacity 698K, committed 768K, reserved 1048576K
}
Event: 202.139 GC heap after
{Heap after GC invocations=186 (full 0):
 garbage-first heap   total 175104K, used 3503K [0x0000000085200000, 0x0000000100000000)
  region size 1024K, 1 young (1024K), 1 survivors (1024K)
 Metaspace       used 5574K, capacity 6714K, committed 6912K, reserved 1056768K
  class space    used 544K, capacity 698K, committed 768K, reserved 1048576K
}
Event: 202.192 GC heap before
{Heap before GC invocations=186 (full 0):
 garbage-first heap   total 175104K, used 10671K [0x0000000085200000, 0x0000000100000000)
  region size 1024K, 8 young (8192K), 1 survivors (1024K)
 Metaspace       used 5574K, capacity 6714K, committed 6912K, reserved 1056768K
  class space    used 544K, capacity 698K, committed 768K, reserved 1048576K
}
Event: 202.193 GC heap after
{Heap after GC invocations=187 (full 0):
 garbage-first heap   total 175104K, used 3514K [0x0000000085200000, 0x0000000100000000)
  region size 1024K, 1 young (1024K), 1 survivors (1024K)
 Metaspace       used 5574K, capacity 6714K, committed 6912K, reserved 1056768K
  class space    used 544K, capacity 698K, committed 768K, reserved 1048576K
}
Event: 202.246 GC heap before
{Heap before GC invocations=187 (full 0):
 garbage-first heap   total 175104K, used 10682K [0x0000000085200000, 0x0000000100000000)
  region size 1024K, 8 young (8192K), 1 survivors (1024K)
 Metaspace       used 5574K, capacity 6714K, committed 6912K, reserved 1056768K
  class space    used 544K, capacity 698K, committed 768K, reserved 1048576K
}
Event: 202.246 GC heap after
{Heap after GC invocations=188 (full 0):
 garbage-first heap   total 175104K, used 3516K [0x0000000085200000, 0x0000000100000000)
  region size 1024K, 1 young (1024K), 1 survivors (1024K)
 Metaspace       used 5574K, capacity 6714K, committed 6912K, reserved 1056768K
  class space    used 544K, capacity 698K, committed 768K, reserved 1048576K
}
Event: 265.623 GC heap before
{Heap before GC invocations=188 (full 0):
 garbage-first heap   total 175104K, used 10684K [0x0000000085200000, 0x0000000100000000)
  region size 1024K, 8 young (8192K), 1 survivors (1024K)
 Metaspace       used 5574K, capacity 6714K, committed 6912K, reserved 1056768K
  class space    used 544K, capacity 698K, committed 768K, reserved 1048576K
}
Event: 267.783 GC heap after
{Heap after GC invocations=189 (full 0):
 garbage-first heap   total 175104K, used 3618K [0x0000000085200000, 0x0000000100000000)
  region size 1024K, 1 young (1024K), 1 survivors (1024K)
 Metaspace       used 5574K, capacity 6714K, committed 6912K, reserved 1056768K
  class space    used 544K, capacity 698K, committed 768K, reserved 1048576K
}
Event: 267.935 GC heap before
{Heap before GC invocations=189 (full 0):
 garbage-first heap   total 175104K, used 10786K [0x0000000085200000, 0x0000000100000000)
  region size 1024K, 8 young (8192K), 1 survivors (1024K)
 Metaspace       used 5575K, capacity 6714K, committed 6912K, reserved 1056768K
  class space    used 544K, capacity 698K, committed 768K, reserved 1048576K
}

Deoptimization events (20 events):
Event: 232.094 Thread 0x00007fe8e400a800 DEOPT PACKING pc=0x00007fe937a09328 sp=0x00007fe914a5eed0
Event: 232.094 Thread 0x00007fe8e4007000 Uncommon trap: trap_request=0xffffff4d fr.pc=0x00007fe937a09328 relative=0x0000000000000668
Event: 232.094 Thread 0x00007fe8e4003000 Uncommon trap: reason=unstable_if action=reinterpret pc=0x00007fe937a09328 method=java.io.BufferedInputStream.read()I @ 23 c2
Event: 232.094 Thread 0x00007fe8e4003000 DEOPT PACKING pc=0x00007fe937a09328 sp=0x00007fe91536aeb0
Event: 232.094 Thread 0x00007fe8e400a800 DEOPT UNPACKING pc=0x00007fe92ff20a25 sp=0x00007fe914a5eeb0 mode 2
Event: 232.094 Thread 0x00007fe8e4003000 DEOPT UNPACKING pc=0x00007fe92ff20a25 sp=0x00007fe91536ae90 mode 2
Event: 232.094 Thread 0x00007fe8e4005000 Uncommon trap: reason=unstable_if action=reinterpret pc=0x00007fe937a09328 method=java.io.BufferedInputStream.read()I @ 23 c2
Event: 232.094 Thread 0x00007fe8e4005000 DEOPT PACKING pc=0x00007fe937a09328 sp=0x00007fe915269ea0
Event: 232.094 Thread 0x00007fe8e4007000 Uncommon trap: reason=unstable_if action=reinterpret pc=0x00007fe937a09328 method=java.io.BufferedInputStream.read()I @ 23 c2
Event: 232.094 Thread 0x00007fe8e4007000 DEOPT PACKING pc=0x00007fe937a09328 sp=0x00007fe915168ec0
Event: 232.094 Thread 0x00007fe8e4005000 DEOPT UNPACKING pc=0x00007fe92ff20a25 sp=0x00007fe915269e80 mode 2
Event: 232.094 Thread 0x00007fe8e4005000 Uncommon trap: trap_request=0xffffff4d fr.pc=0x00007fe937a6dbd4 relative=0x00000000000009f4
Event: 232.094 Thread 0x00007fe8e4007000 DEOPT UNPACKING pc=0x00007fe92ff20a25 sp=0x00007fe915168ea0 mode 2
Event: 232.094 Thread 0x00007fe8e4005000 Uncommon trap: reason=unstable_if action=reinterpret pc=0x00007fe937a6dbd4 method=sun.rmi.transport.tcp.TCPTransport.handleMessages(Lsun/rmi/transport/Connection;Z)V @ 33 c2
Event: 232.094 Thread 0x00007fe8e4007000 Uncommon trap: trap_request=0xffffff4d fr.pc=0x00007fe937a6dbd4 relative=0x00000000000009f4
Event: 232.094 Thread 0x00007fe8e4007000 Uncommon trap: reason=unstable_if action=reinterpret pc=0x00007fe937a6dbd4 method=sun.rmi.transport.tcp.TCPTransport.handleMessages(Lsun/rmi/transport/Connection;Z)V @ 33 c2
Event: 232.094 Thread 0x00007fe8e4007000 DEOPT PACKING pc=0x00007fe937a6dbd4 sp=0x00007fe915168f30
Event: 232.094 Thread 0x00007fe8e4005000 DEOPT PACKING pc=0x00007fe937a6dbd4 sp=0x00007fe915269f10
Event: 232.094 Thread 0x00007fe8e4007000 DEOPT UNPACKING pc=0x00007fe92ff20a25 sp=0x00007fe915168f50 mode 2
Event: 232.094 Thread 0x00007fe8e4005000 DEOPT UNPACKING pc=0x00007fe92ff20a25 sp=0x00007fe915269f30 mode 2

Classes redefined (0 events):
No events

Internal exceptions (20 events):
Event: 0.160 Thread 0x00007fe948014800 Exception <a 'java/security/PrivilegedActionException'{0x000000008cb2eb70}> (0x000000008cb2eb70) thrown at [/build/openjdk-lts-ioLltV/openjdk-lts-11.0.5+10/src/hotspot/share/prims/jvm.cpp, line 1297]
Event: 0.565 Thread 0x00007fe8e4001800 Exception <a 'java/lang/NoSuchMethodError'{0x000000008c54a5c0}: 'java.lang.Object java.lang.invoke.DirectMethodHandle$Holder.invokeStatic(java.lang.Object, java.lang.Object, java.lang.Object, java.lang.Object, java.lang.Object, java.lang.Object, java.lang
Event: 0.567 Thread 0x00007fe8e4001800 Exception <a 'java/lang/NoSuchMethodError'{0x000000008c5573b0}: 'java.lang.Object java.lang.invoke.DirectMethodHandle$Holder.invokeStatic(java.lang.Object, java.lang.Object, java.lang.Object, java.lang.Object, java.lang.Object, java.lang.Object, java.lang
Event: 0.574 Thread 0x00007fe8e4001800 Exception <a 'java/lang/NoSuchMethodError'{0x000000008c5712d0}: 'java.lang.Object java.lang.invoke.DelegatingMethodHandle$Holder.reinvoke_L(java.lang.Object, int, java.lang.Object)'> (0x000000008c5712d0) thrown at [/build/openjdk-lts-ioLltV/openjdk-lts-11
Event: 0.600 Thread 0x00007fe8e4001800 Exception <a 'java/lang/NoSuchMethodError'{0x000000008c5b3910}: <clinit>> (0x000000008c5b3910) thrown at [/build/openjdk-lts-ioLltV/openjdk-lts-11.0.5+10/src/hotspot/share/prims/jni.cpp, line 1362]
Event: 0.630 Thread 0x00007fe948014800 Exception <a 'java/lang/NoSuchMethodError'{0x000000008c430a88}: 'java.lang.Object java.lang.invoke.DirectMethodHandle$Holder.invokeStatic(java.lang.Object, java.lang.Object, java.lang.Object, java.lang.Object, java.lang.Object, java.lang.Object, java.lang
Event: 0.637 Thread 0x00007fe948014800 Exception <a 'java/lang/NoSuchMethodError'{0x000000008c43e8d0}: 'java.lang.Object java.lang.invoke.DirectMethodHandle$Holder.invokeStatic(java.lang.Object, java.lang.Object, java.lang.Object, java.lang.Object, java.lang.Object, java.lang.Object, java.lang
Event: 0.641 Thread 0x00007fe948014800 Exception <a 'java/lang/NoSuchMethodError'{0x000000008c44c8c0}: 'java.lang.Object java.lang.invoke.DirectMethodHandle$Holder.invokeSpecial(java.lang.Object, java.lang.Object, int, int, java.lang.Object, int, java.lang.Object, java.lang.Object)'> (0x000000
Event: 0.641 Thread 0x00007fe948014800 Exception <a 'java/lang/NoSuchMethodError'{0x000000008c44ff00}: 'java.lang.Object java.lang.invoke.DelegatingMethodHandle$Holder.reinvoke_L(java.lang.Object, int, int, java.lang.Object, int, java.lang.Object, java.lang.Object)'> (0x000000008c44ff00) throw
Event: 0.648 Thread 0x00007fe948014800 Exception <a 'java/lang/NoSuchMethodError'{0x000000008c47bfe0}: 'java.lang.Object java.lang.invoke.DirectMethodHandle$Holder.invokeStatic(java.lang.Object, java.lang.Object, java.lang.Object, java.lang.Object, java.lang.Object, java.lang.Object, java.lang
Event: 0.651 Thread 0x00007fe948014800 Exception <a 'java/lang/NoSuchMethodError'{0x000000008c496518}: 'java.lang.Object java.lang.invoke.DirectMethodHandle$Holder.invokeStatic(java.lang.Object, java.lang.Object, java.lang.Object, java.lang.Object, java.lang.Object, java.lang.Object, java.lang
Event: 0.655 Thread 0x00007fe948014800 Exception <a 'java/lang/NoSuchMethodError'{0x000000008c4b1a70}: 'java.lang.Object java.lang.invoke.DirectMethodHandle$Holder.invokeStatic(java.lang.Object, java.lang.Object, java.lang.Object, java.lang.Object, java.lang.Object, java.lang.Object, java.lang
Event: 0.658 Thread 0x00007fe948014800 Exception <a 'java/lang/NoSuchMethodError'{0x000000008c4ce2c0}: 'java.lang.Object java.lang.invoke.DirectMethodHandle$Holder.invokeStatic(java.lang.Object, java.lang.Object, java.lang.Object, java.lang.Object, java.lang.Object, java.lang.Object, java.lang
Event: 0.675 Thread 0x00007fe948014800 Exception <a 'java/lang/NoSuchMethodError'{0x000000008c4ff3f8}: <clinit>> (0x000000008c4ff3f8) thrown at [/build/openjdk-lts-ioLltV/openjdk-lts-11.0.5+10/src/hotspot/share/prims/jni.cpp, line 1362]
Event: 0.686 Thread 0x00007fe9483d2800 Exception <a 'java/lang/InterruptedException'{0x000000008c3f6488}> (0x000000008c3f6488) thrown at [/build/openjdk-lts-ioLltV/openjdk-lts-11.0.5+10/src/hotspot/share/runtime/objectMonitor.cpp, line 1635]
Event: 0.689 Thread 0x00007fe9483d2800 Exception <a 'java/lang/NoSuchMethodError'{0x000000008c3fe2c0}: 'java.lang.Object java.lang.invoke.DirectMethodHandle$Holder.invokeStatic(java.lang.Object, java.lang.Object, int, java.lang.Object, long)'> (0x000000008c3fe2c0) thrown at [/build/openjdk-lts
Event: 3.930 Thread 0x00007fe948285000 Exception <a 'java/lang/InterruptedException'{0x000000008b180800}> (0x000000008b180800) thrown at [/build/openjdk-lts-ioLltV/openjdk-lts-11.0.5+10/src/hotspot/share/runtime/objectMonitor.cpp, line 1635]
Event: 3.941 Thread 0x00007fe9483d4800 Exception <a 'java/lang/InterruptedException'{0x000000008b1b4708}> (0x000000008b1b4708) thrown at [/build/openjdk-lts-ioLltV/openjdk-lts-11.0.5+10/src/hotspot/share/runtime/objectMonitor.cpp, line 1635]
Event: 9.188 Thread 0x00007fe8e4008800 Implicit null exception at 0x00007fe937a3fb11 to 0x00007fe937a442a6
Event: 31.036 Thread 0x00007fe948014800 Exception <a 'java/lang/NoSuchMethodError'{0x000000008cc24d30}: <clinit>> (0x000000008cc24d30) thrown at [/build/openjdk-lts-ioLltV/openjdk-lts-11.0.5+10/src/hotspot/share/prims/jni.cpp, line 1362]

Events (20 events):
Event: 223.585 Executing VM operation: RevokeBias done
Event: 223.585 Executing VM operation: RevokeBias
Event: 223.585 Executing VM operation: RevokeBias done
Event: 224.668 Executing VM operation: RevokeBias
Event: 225.332 Executing VM operation: RevokeBias done
Event: 226.480 Executing VM operation: RevokeBias
Event: 230.292 Executing VM operation: RevokeBias done
Event: 230.292 Executing VM operation: RevokeBias
Event: 232.094 Executing VM operation: RevokeBias done
Event: 232.094 Executing VM operation: RevokeBias
Event: 232.094 Executing VM operation: RevokeBias done
Event: 232.094 Executing VM operation: RevokeBias
Event: 232.094 Executing VM operation: RevokeBias done
Event: 261.212 Executing VM operation: RevokeBias
Event: 261.537 Executing VM operation: RevokeBias done
Event: 263.379 Executing VM operation: RevokeBias
Event: 263.379 Executing VM operation: RevokeBias done
Event: 264.268 Executing VM operation: G1CollectForAllocation
Event: 267.800 Executing VM operation: G1CollectForAllocation done
Event: 267.935 Executing VM operation: G1CollectForAllocation


Dynamic libraries:
85200000-8fb00000 rw-p 00000000 00:00 0 
a5100000-ffe00000 ---p 00000000 00:00 0 
ffe00000-ffe44000 rw-p 01104000 08:07 15991727                           /usr/lib/jvm/java-11-openjdk-amd64/lib/server/classes.jsa
ffe44000-fff00000 rw-p 00000000 00:00 0 
fff00000-fff6a000 rw-p 0109a000 08:07 15991727                           /usr/lib/jvm/java-11-openjdk-amd64/lib/server/classes.jsa
fff6a000-100000000 rw-p 00000000 00:00 0 
800000000-800002000 rwxp 00001000 08:07 15991727                         /usr/lib/jvm/java-11-openjdk-amd64/lib/server/classes.jsa
800002000-8003b8000 rw-p 00003000 08:07 15991727                         /usr/lib/jvm/java-11-openjdk-amd64/lib/server/classes.jsa
8003b8000-800a8c000 r--p 003b9000 08:07 15991727                         /usr/lib/jvm/java-11-openjdk-amd64/lib/server/classes.jsa
800a8c000-800a8d000 rw-p 00a8d000 08:07 15991727                         /usr/lib/jvm/java-11-openjdk-amd64/lib/server/classes.jsa
800a8d000-801099000 r--p 00a8e000 08:07 15991727                         /usr/lib/jvm/java-11-openjdk-amd64/lib/server/classes.jsa
840000000-8400c0000 rw-p 00000000 00:00 0 
8400c0000-880000000 ---p 00000000 00:00 0 
558264333000-558264334000 r-xp 00000000 08:07 15738550                   /usr/lib/jvm/java-11-openjdk-amd64/bin/java
558264534000-558264535000 r--p 00001000 08:07 15738550                   /usr/lib/jvm/java-11-openjdk-amd64/bin/java
558264535000-558264536000 rw-p 00002000 08:07 15738550                   /usr/lib/jvm/java-11-openjdk-amd64/bin/java
558265604000-558265625000 rw-p 00000000 00:00 0                          [heap]
7fe8a0000000-7fe8a0021000 rw-p 00000000 00:00 0 
7fe8a0021000-7fe8a4000000 ---p 00000000 00:00 0 
7fe8a8000000-7fe8a8021000 rw-p 00000000 00:00 0 
7fe8a8021000-7fe8ac000000 ---p 00000000 00:00 0 
7fe8ac000000-7fe8ac021000 rw-p 00000000 00:00 0 
7fe8ac021000-7fe8b0000000 ---p 00000000 00:00 0 
7fe8b0000000-7fe8b0021000 rw-p 00000000 00:00 0 
7fe8b0021000-7fe8b4000000 ---p 00000000 00:00 0 
7fe8b4000000-7fe8b4021000 rw-p 00000000 00:00 0 
7fe8b4021000-7fe8b8000000 ---p 00000000 00:00 0 
7fe8b8000000-7fe8b8021000 rw-p 00000000 00:00 0 
7fe8b8021000-7fe8bc000000 ---p 00000000 00:00 0 
7fe8bc000000-7fe8bc021000 rw-p 00000000 00:00 0 
7fe8bc021000-7fe8c0000000 ---p 00000000 00:00 0 
7fe8c0000000-7fe8c0021000 rw-p 00000000 00:00 0 
7fe8c0021000-7fe8c4000000 ---p 00000000 00:00 0 
7fe8c4000000-7fe8c4021000 rw-p 00000000 00:00 0 
7fe8c4021000-7fe8c8000000 ---p 00000000 00:00 0 
7fe8c8000000-7fe8c8021000 rw-p 00000000 00:00 0 
7fe8c8021000-7fe8cc000000 ---p 00000000 00:00 0 
7fe8cc000000-7fe8cc021000 rw-p 00000000 00:00 0 
7fe8cc021000-7fe8d0000000 ---p 00000000 00:00 0 
7fe8d0000000-7fe8d0021000 rw-p 00000000 00:00 0 
7fe8d0021000-7fe8d4000000 ---p 00000000 00:00 0 
7fe8d4000000-7fe8d4021000 rw-p 00000000 00:00 0 
7fe8d4021000-7fe8d8000000 ---p 00000000 00:00 0 
7fe8d8000000-7fe8d8021000 rw-p 00000000 00:00 0 
7fe8d8021000-7fe8dc000000 ---p 00000000 00:00 0 
7fe8dc000000-7fe8dc021000 rw-p 00000000 00:00 0 
7fe8dc021000-7fe8e0000000 ---p 00000000 00:00 0 
7fe8e0000000-7fe8e0021000 rw-p 00000000 00:00 0 
7fe8e0021000-7fe8e4000000 ---p 00000000 00:00 0 
7fe8e4000000-7fe8e4021000 rw-p 00000000 00:00 0 
7fe8e4021000-7fe8e8000000 ---p 00000000 00:00 0 
7fe8e8000000-7fe8e8021000 rw-p 00000000 00:00 0 
7fe8e8021000-7fe8ec000000 ---p 00000000 00:00 0 
7fe8ec000000-7fe8ec021000 rw-p 00000000 00:00 0 
7fe8ec021000-7fe8f0000000 ---p 00000000 00:00 0 
7fe8f0000000-7fe8f0021000 rw-p 00000000 00:00 0 
7fe8f0021000-7fe8f4000000 ---p 00000000 00:00 0 
7fe8f4000000-7fe8f4021000 rw-p 00000000 00:00 0 
7fe8f4021000-7fe8f8000000 ---p 00000000 00:00 0 
7fe8f8000000-7fe8f9945000 rw-p 00000000 00:00 0 
7fe8f9945000-7fe8fc000000 ---p 00000000 00:00 0 
7fe8fc000000-7fe8fc33a000 rw-p 00000000 00:00 0 
7fe8fc33a000-7fe900000000 ---p 00000000 00:00 0 
7fe900000000-7fe900021000 rw-p 00000000 00:00 0 
7fe900021000-7fe904000000 ---p 00000000 00:00 0 
7fe904000000-7fe904021000 rw-p 00000000 00:00 0 
7fe904021000-7fe908000000 ---p 00000000 00:00 0 
7fe908000000-7fe908092000 rw-p 00000000 00:00 0 
7fe908092000-7fe90c000000 ---p 00000000 00:00 0 
7fe90c000000-7fe90c021000 rw-p 00000000 00:00 0 
7fe90c021000-7fe910000000 ---p 00000000 00:00 0 
7fe910000000-7fe910021000 rw-p 00000000 00:00 0 
7fe910021000-7fe914000000 ---p 00000000 00:00 0 
7fe914961000-7fe914965000 ---p 00000000 00:00 0 
7fe914965000-7fe914a62000 rw-p 00000000 00:00 0 
7fe914a62000-7fe914a66000 ---p 00000000 00:00 0 
7fe914a66000-7fe914b63000 rw-p 00000000 00:00 0 
7fe914b63000-7fe914b67000 ---p 00000000 00:00 0 
7fe914b67000-7fe914c64000 rw-p 00000000 00:00 0 
7fe914c64000-7fe914c65000 ---p 00000000 00:00 0 
7fe914c65000-7fe914d66000 rw-p 00000000 00:00 0 
7fe914d66000-7fe914d67000 ---p 00000000 00:00 0 
7fe914d67000-7fe914e68000 rw-p 00000000 00:00 0 
7fe914e68000-7fe914e69000 ---p 00000000 00:00 0 
7fe914e69000-7fe914f6a000 rw-p 00000000 00:00 0 
7fe914f6a000-7fe914f6e000 ---p 00000000 00:00 0 
7fe914f6e000-7fe91506b000 rw-p 00000000 00:00 0 
7fe91506b000-7fe91506f000 ---p 00000000 00:00 0 
7fe91506f000-7fe91516c000 rw-p 00000000 00:00 0 
7fe91516c000-7fe915170000 ---p 00000000 00:00 0 
7fe915170000-7fe91526d000 rw-p 00000000 00:00 0 
7fe91526d000-7fe915271000 ---p 00000000 00:00 0 
7fe915271000-7fe91536e000 rw-p 00000000 00:00 0 
7fe91536e000-7fe915372000 ---p 00000000 00:00 0 
7fe915372000-7fe91546f000 rw-p 00000000 00:00 0 
7fe91546f000-7fe915473000 ---p 00000000 00:00 0 
7fe915473000-7fe915570000 rw-p 00000000 00:00 0 
7fe915570000-7fe915574000 ---p 00000000 00:00 0 
7fe915574000-7fe915671000 rw-p 00000000 00:00 0 
7fe915671000-7fe915675000 ---p 00000000 00:00 0 
7fe915675000-7fe915772000 rw-p 00000000 00:00 0 
7fe915772000-7fe915773000 r-xp 00000000 08:07 15752654                   /usr/lib/jvm/java-11-openjdk-amd64/lib/librmi.so
7fe915773000-7fe915972000 ---p 00001000 08:07 15752654                   /usr/lib/jvm/java-11-openjdk-amd64/lib/librmi.so
7fe915972000-7fe915973000 r--p 00000000 08:07 15752654                   /usr/lib/jvm/java-11-openjdk-amd64/lib/librmi.so
7fe915973000-7fe915974000 rw-p 00001000 08:07 15752654                   /usr/lib/jvm/java-11-openjdk-amd64/lib/librmi.so
7fe915974000-7fe915978000 ---p 00000000 00:00 0 
7fe915978000-7fe915a75000 rw-p 00000000 00:00 0 
7fe915a75000-7fe915a79000 ---p 00000000 00:00 0 
7fe915a79000-7fe915b76000 rw-p 00000000 00:00 0 
7fe915b76000-7fe915b78000 r-xp 00000000 08:07 15752632                   /usr/lib/jvm/java-11-openjdk-amd64/lib/libextnet.so
7fe915b78000-7fe915d77000 ---p 00002000 08:07 15752632                   /usr/lib/jvm/java-11-openjdk-amd64/lib/libextnet.so
7fe915d77000-7fe915d78000 r--p 00001000 08:07 15752632                   /usr/lib/jvm/java-11-openjdk-amd64/lib/libextnet.so
7fe915d78000-7fe915d79000 rw-p 00002000 08:07 15752632                   /usr/lib/jvm/java-11-openjdk-amd64/lib/libextnet.so
7fe915d79000-7fe915d7d000 ---p 00000000 00:00 0 
7fe915d7d000-7fe915e7a000 rw-p 00000000 00:00 0 
7fe915e7a000-7fe915e90000 r-xp 00000000 08:07 15752651                   /usr/lib/jvm/java-11-openjdk-amd64/lib/libnet.so
7fe915e90000-7fe91608f000 ---p 00016000 08:07 15752651                   /usr/lib/jvm/java-11-openjdk-amd64/lib/libnet.so
7fe91608f000-7fe916090000 r--p 00015000 08:07 15752651                   /usr/lib/jvm/java-11-openjdk-amd64/lib/libnet.so
7fe916090000-7fe916091000 rw-p 00016000 08:07 15752651                   /usr/lib/jvm/java-11-openjdk-amd64/lib/libnet.so
7fe916091000-7fe9160a1000 r-xp 00000000 08:07 15752652                   /usr/lib/jvm/java-11-openjdk-amd64/lib/libnio.so
7fe9160a1000-7fe9162a0000 ---p 00010000 08:07 15752652                   /usr/lib/jvm/java-11-openjdk-amd64/lib/libnio.so
7fe9162a0000-7fe9162a1000 r--p 0000f000 08:07 15752652                   /usr/lib/jvm/java-11-openjdk-amd64/lib/libnio.so
7fe9162a1000-7fe9162a2000 rw-p 00010000 08:07 15752652                   /usr/lib/jvm/java-11-openjdk-amd64/lib/libnio.so
7fe9162a2000-7fe9162a6000 ---p 00000000 00:00 0 
7fe9162a6000-7fe9163a3000 rw-p 00000000 00:00 0 
7fe9163a3000-7fe9163a4000 ---p 00000000 00:00 0 
7fe9163a4000-7fe9164a5000 rw-p 00000000 00:00 0 
7fe9164a5000-7fe9164a9000 ---p 00000000 00:00 0 
7fe9164a9000-7fe9165a6000 rw-p 00000000 00:00 0 
7fe9165a6000-7fe9165aa000 ---p 00000000 00:00 0 
7fe9165aa000-7fe9166a7000 rw-p 00000000 00:00 0 
7fe9166a7000-7fe9166ab000 ---p 00000000 00:00 0 
7fe9166ab000-7fe9167a8000 rw-p 00000000 00:00 0 
7fe9167a8000-7fe9167ac000 ---p 00000000 00:00 0 
7fe9167ac000-7fe9168a9000 rw-p 00000000 00:00 0 
7fe9168a9000-7fe9168ad000 ---p 00000000 00:00 0 
7fe9168ad000-7fe9169aa000 rw-p 00000000 00:00 0 
7fe9169aa000-7fe917379000 r--p 00000000 08:07 15735412                   /usr/lib/locale/locale-archive
7fe917379000-7fe91737d000 ---p 00000000 00:00 0 
7fe91737d000-7fe91747a000 rw-p 00000000 00:00 0 
7fe91747a000-7fe91747e000 ---p 00000000 00:00 0 
7fe91747e000-7fe91757b000 rw-p 00000000 00:00 0 
7fe91757b000-7fe91757c000 ---p 00000000 00:00 0 
7fe91757c000-7fe917cfe000 rw-p 00000000 00:00 0 
7fe917cfe000-7fe917efe000 ---p 00000000 00:00 0 
7fe917efe000-7fe917eff000 ---p 00000000 00:00 0 
7fe917eff000-7fe918000000 rw-p 00000000 00:00 0 
7fe918000000-7fe918021000 rw-p 00000000 00:00 0 
7fe918021000-7fe91c000000 ---p 00000000 00:00 0 
7fe91c000000-7fe91c021000 rw-p 00000000 00:00 0 
7fe91c021000-7fe920000000 ---p 00000000 00:00 0 
7fe920000000-7fe920021000 rw-p 00000000 00:00 0 
7fe920021000-7fe924000000 ---p 00000000 00:00 0 
7fe924046000-7fe924047000 ---p 00000000 00:00 0 
7fe924047000-7fe9263ec000 rw-p 00000000 00:00 0 
7fe9263ec000-7fe927ff8000 ---p 00000000 00:00 0 
7fe927ff8000-7fe928000000 rw-p 00000000 00:00 0 
7fe928000000-7fe928021000 rw-p 00000000 00:00 0 
7fe928021000-7fe92c000000 ---p 00000000 00:00 0 
7fe92c05f000-7fe92c8c2000 rw-p 00000000 00:00 0 
7fe92c8c2000-7fe92c8c3000 ---p 00000000 00:00 0 
7fe92c8c3000-7fe92c9c4000 rw-p 00000000 00:00 0 
7fe92c9c4000-7fe92c9c5000 ---p 00000000 00:00 0 
7fe92c9c5000-7fe92cd6a000 rw-p 00000000 00:00 0 
7fe92cd6a000-7fe92e976000 ---p 00000000 00:00 0 
7fe92e976000-7fe92e9d3000 rw-p 00000000 00:00 0 
7fe92e9d3000-7fe92ed54000 ---p 00000000 00:00 0 
7fe92ed54000-7fe92edaa000 rw-p 00000000 00:00 0 
7fe92edaa000-7fe92f12b000 ---p 00000000 00:00 0 
7fe92f12b000-7fe92f181000 rw-p 00000000 00:00 0 
7fe92f181000-7fe92f502000 ---p 00000000 00:00 0 
7fe92f502000-7fe92fd0b000 rw-p 00000000 00:00 0 
7fe92fd0b000-7fe92fd0c000 ---p 00000000 00:00 0 
7fe92fd0c000-7fe92fe12000 rw-p 00000000 00:00 0 
7fe92fe12000-7fe92fef8000 ---p 00000000 00:00 0 
7fe92fef8000-7fe930168000 rwxp 00000000 00:00 0 
7fe930168000-7fe930489000 ---p 00000000 00:00 0 
7fe930489000-7fe9306f9000 rwxp 00000000 00:00 0 
7fe9306f9000-7fe9379c0000 ---p 00000000 00:00 0 
7fe9379c0000-7fe937c30000 rwxp 00000000 00:00 0 
7fe937c30000-7fe93eef8000 ---p 00000000 00:00 0 
7fe93eef8000-7fe9475ba000 r--s 00000000 08:07 15752661                   /usr/lib/jvm/java-11-openjdk-amd64/lib/modules
7fe9475ba000-7fe9475bf000 r-xp 00000000 08:07 15752643                   /usr/lib/jvm/java-11-openjdk-amd64/lib/libjimage.so
7fe9475bf000-7fe9477be000 ---p 00005000 08:07 15752643                   /usr/lib/jvm/java-11-openjdk-amd64/lib/libjimage.so
7fe9477be000-7fe9477bf000 r--p 00004000 08:07 15752643                   /usr/lib/jvm/java-11-openjdk-amd64/lib/libjimage.so
7fe9477bf000-7fe9477c0000 rw-p 00005000 08:07 15752643                   /usr/lib/jvm/java-11-openjdk-amd64/lib/libjimage.so
7fe9477c0000-7fe9477c7000 r-xp 00000000 08:07 15752660                   /usr/lib/jvm/java-11-openjdk-amd64/lib/libzip.so
7fe9477c7000-7fe9479c6000 ---p 00007000 08:07 15752660                   /usr/lib/jvm/java-11-openjdk-amd64/lib/libzip.so
7fe9479c6000-7fe9479c7000 r--p 00006000 08:07 15752660                   /usr/lib/jvm/java-11-openjdk-amd64/lib/libzip.so
7fe9479c7000-7fe9479c8000 rw-p 00007000 08:07 15752660                   /usr/lib/jvm/java-11-openjdk-amd64/lib/libzip.so
7fe9479c8000-7fe9479d3000 r-xp 00000000 08:07 8655523                    /lib/x86_64-linux-gnu/libnss_files-2.27.so
7fe9479d3000-7fe947bd2000 ---p 0000b000 08:07 8655523                    /lib/x86_64-linux-gnu/libnss_files-2.27.so
7fe947bd2000-7fe947bd3000 r--p 0000a000 08:07 8655523                    /lib/x86_64-linux-gnu/libnss_files-2.27.so
7fe947bd3000-7fe947bd4000 rw-p 0000b000 08:07 8655523                    /lib/x86_64-linux-gnu/libnss_files-2.27.so
7fe947bd4000-7fe947bda000 rw-p 00000000 00:00 0 
7fe947bda000-7fe947bf1000 r-xp 00000000 08:07 8655517                    /lib/x86_64-linux-gnu/libnsl-2.27.so
7fe947bf1000-7fe947df0000 ---p 00017000 08:07 8655517                    /lib/x86_64-linux-gnu/libnsl-2.27.so
7fe947df0000-7fe947df1000 r--p 00016000 08:07 8655517                    /lib/x86_64-linux-gnu/libnsl-2.27.so
7fe947df1000-7fe947df2000 rw-p 00017000 08:07 8655517                    /lib/x86_64-linux-gnu/libnsl-2.27.so
7fe947df2000-7fe947df4000 rw-p 00000000 00:00 0 
7fe947df4000-7fe947dff000 r-xp 00000000 08:07 8655534                    /lib/x86_64-linux-gnu/libnss_nis-2.27.so
7fe947dff000-7fe947ffe000 ---p 0000b000 08:07 8655534                    /lib/x86_64-linux-gnu/libnss_nis-2.27.so
7fe947ffe000-7fe947fff000 r--p 0000a000 08:07 8655534                    /lib/x86_64-linux-gnu/libnss_nis-2.27.so
7fe947fff000-7fe948000000 rw-p 0000b000 08:07 8655534                    /lib/x86_64-linux-gnu/libnss_nis-2.27.so
7fe948000000-7fe948407000 rw-p 00000000 00:00 0 
7fe948407000-7fe94c000000 ---p 00000000 00:00 0 
7fe94c019000-7fe94c077000 rw-p 00000000 00:00 0 
7fe94c077000-7fe94c15d000 ---p 00000000 00:00 0 
7fe94c15d000-7fe94c165000 r-xp 00000000 08:07 8655519                    /lib/x86_64-linux-gnu/libnss_compat-2.27.so
7fe94c165000-7fe94c365000 ---p 00008000 08:07 8655519                    /lib/x86_64-linux-gnu/libnss_compat-2.27.so
7fe94c365000-7fe94c366000 r--p 00008000 08:07 8655519                    /lib/x86_64-linux-gnu/libnss_compat-2.27.so
7fe94c366000-7fe94c367000 rw-p 00009000 08:07 8655519                    /lib/x86_64-linux-gnu/libnss_compat-2.27.so
7fe94c367000-7fe94c390000 r-xp 00000000 08:07 15752639                   /usr/lib/jvm/java-11-openjdk-amd64/lib/libjava.so
7fe94c390000-7fe94c58f000 ---p 00029000 08:07 15752639                   /usr/lib/jvm/java-11-openjdk-amd64/lib/libjava.so
7fe94c58f000-7fe94c590000 r--p 00028000 08:07 15752639                   /usr/lib/jvm/java-11-openjdk-amd64/lib/libjava.so
7fe94c590000-7fe94c592000 rw-p 00029000 08:07 15752639                   /usr/lib/jvm/java-11-openjdk-amd64/lib/libjava.so
7fe94c592000-7fe94c59f000 r-xp 00000000 08:07 15752659                   /usr/lib/jvm/java-11-openjdk-amd64/lib/libverify.so
7fe94c59f000-7fe94c79e000 ---p 0000d000 08:07 15752659                   /usr/lib/jvm/java-11-openjdk-amd64/lib/libverify.so
7fe94c79e000-7fe94c7a0000 r--p 0000c000 08:07 15752659                   /usr/lib/jvm/java-11-openjdk-amd64/lib/libverify.so
7fe94c7a0000-7fe94c7a1000 rw-p 0000e000 08:07 15752659                   /usr/lib/jvm/java-11-openjdk-amd64/lib/libverify.so
7fe94c7a1000-7fe94c7a8000 r-xp 00000000 08:07 8655574                    /lib/x86_64-linux-gnu/librt-2.27.so
7fe94c7a8000-7fe94c9a7000 ---p 00007000 08:07 8655574                    /lib/x86_64-linux-gnu/librt-2.27.so
7fe94c9a7000-7fe94c9a8000 r--p 00006000 08:07 8655574                    /lib/x86_64-linux-gnu/librt-2.27.so
7fe94c9a8000-7fe94c9a9000 rw-p 00007000 08:07 8655574                    /lib/x86_64-linux-gnu/librt-2.27.so
7fe94c9a9000-7fe94c9c0000 r-xp 00000000 08:07 8655367                    /lib/x86_64-linux-gnu/libgcc_s.so.1
7fe94c9c0000-7fe94cbbf000 ---p 00017000 08:07 8655367                    /lib/x86_64-linux-gnu/libgcc_s.so.1
7fe94cbbf000-7fe94cbc0000 r--p 00016000 08:07 8655367                    /lib/x86_64-linux-gnu/libgcc_s.so.1
7fe94cbc0000-7fe94cbc1000 rw-p 00017000 08:07 8655367                    /lib/x86_64-linux-gnu/libgcc_s.so.1
7fe94cbc1000-7fe94cd5e000 r-xp 00000000 08:07 8655496                    /lib/x86_64-linux-gnu/libm-2.27.so
7fe94cd5e000-7fe94cf5d000 ---p 0019d000 08:07 8655496                    /lib/x86_64-linux-gnu/libm-2.27.so
7fe94cf5d000-7fe94cf5e000 r--p 0019c000 08:07 8655496                    /lib/x86_64-linux-gnu/libm-2.27.so
7fe94cf5e000-7fe94cf5f000 rw-p 0019d000 08:07 8655496                    /lib/x86_64-linux-gnu/libm-2.27.so
7fe94cf5f000-7fe94d0d8000 r-xp 00000000 08:07 15728939                   /usr/lib/x86_64-linux-gnu/libstdc++.so.6.0.25
7fe94d0d8000-7fe94d2d8000 ---p 00179000 08:07 15728939                   /usr/lib/x86_64-linux-gnu/libstdc++.so.6.0.25
7fe94d2d8000-7fe94d2e2000 r--p 00179000 08:07 15728939                   /usr/lib/x86_64-linux-gnu/libstdc++.so.6.0.25
7fe94d2e2000-7fe94d2e4000 rw-p 00183000 08:07 15728939                   /usr/lib/x86_64-linux-gnu/libstdc++.so.6.0.25
7fe94d2e4000-7fe94d2e8000 rw-p 00000000 00:00 0 
7fe94d2e8000-7fe94e3bc000 r-xp 00000000 08:07 16000607                   /usr/lib/jvm/java-11-openjdk-amd64/lib/server/libjvm.so
7fe94e3bc000-7fe94e5bc000 ---p 010d4000 08:07 16000607                   /usr/lib/jvm/java-11-openjdk-amd64/lib/server/libjvm.so
7fe94e5bc000-7fe94e679000 r--p 010d4000 08:07 16000607                   /usr/lib/jvm/java-11-openjdk-amd64/lib/server/libjvm.so
7fe94e679000-7fe94e6b2000 rw-p 01191000 08:07 16000607                   /usr/lib/jvm/java-11-openjdk-amd64/lib/server/libjvm.so
7fe94e6b2000-7fe94e709000 rw-p 00000000 00:00 0 
7fe94e709000-7fe94e723000 r-xp 00000000 08:07 8655566                    /lib/x86_64-linux-gnu/libpthread-2.27.so
7fe94e723000-7fe94e922000 ---p 0001a000 08:07 8655566                    /lib/x86_64-linux-gnu/libpthread-2.27.so
7fe94e922000-7fe94e923000 r--p 00019000 08:07 8655566                    /lib/x86_64-linux-gnu/libpthread-2.27.so
7fe94e923000-7fe94e924000 rw-p 0001a000 08:07 8655566                    /lib/x86_64-linux-gnu/libpthread-2.27.so
7fe94e924000-7fe94e928000 rw-p 00000000 00:00 0 
7fe94e928000-7fe94e92b000 r-xp 00000000 08:07 8655456                    /lib/x86_64-linux-gnu/libdl-2.27.so
7fe94e92b000-7fe94eb2a000 ---p 00003000 08:07 8655456                    /lib/x86_64-linux-gnu/libdl-2.27.so
7fe94eb2a000-7fe94eb2b000 r--p 00002000 08:07 8655456                    /lib/x86_64-linux-gnu/libdl-2.27.so
7fe94eb2b000-7fe94eb2c000 rw-p 00003000 08:07 8655456                    /lib/x86_64-linux-gnu/libdl-2.27.so
7fe94eb2c000-7fe94eb48000 r-xp 00000000 08:07 8655605                    /lib/x86_64-linux-gnu/libz.so.1.2.11
7fe94eb48000-7fe94ed47000 ---p 0001c000 08:07 8655605                    /lib/x86_64-linux-gnu/libz.so.1.2.11
7fe94ed47000-7fe94ed48000 r--p 0001b000 08:07 8655605                    /lib/x86_64-linux-gnu/libz.so.1.2.11
7fe94ed48000-7fe94ed49000 rw-p 0001c000 08:07 8655605                    /lib/x86_64-linux-gnu/libz.so.1.2.11
7fe94ed49000-7fe94ef30000 r-xp 00000000 08:07 8655433                    /lib/x86_64-linux-gnu/libc-2.27.so
7fe94ef30000-7fe94f130000 ---p 001e7000 08:07 8655433                    /lib/x86_64-linux-gnu/libc-2.27.so
7fe94f130000-7fe94f134000 r--p 001e7000 08:07 8655433                    /lib/x86_64-linux-gnu/libc-2.27.so
7fe94f134000-7fe94f136000 rw-p 001eb000 08:07 8655433                    /lib/x86_64-linux-gnu/libc-2.27.so
7fe94f136000-7fe94f13a000 rw-p 00000000 00:00 0 
7fe94f13a000-7fe94f14a000 r-xp 00000000 08:07 16000603                   /usr/lib/jvm/java-11-openjdk-amd64/lib/jli/libjli.so
7fe94f14a000-7fe94f349000 ---p 00010000 08:07 16000603                   /usr/lib/jvm/java-11-openjdk-amd64/lib/jli/libjli.so
7fe94f349000-7fe94f34a000 r--p 0000f000 08:07 16000603                   /usr/lib/jvm/java-11-openjdk-amd64/lib/jli/libjli.so
7fe94f34a000-7fe94f34b000 rw-p 00010000 08:07 16000603                   /usr/lib/jvm/java-11-openjdk-amd64/lib/jli/libjli.so
7fe94f34b000-7fe94f372000 r-xp 00000000 08:07 8655405                    /lib/x86_64-linux-gnu/ld-2.27.so
7fe94f388000-7fe94f449000 rw-p 00000000 00:00 0 
7fe94f449000-7fe94f44d000 ---p 00000000 00:00 0 
7fe94f44d000-7fe94f54c000 rw-p 00000000 00:00 0 
7fe94f558000-7fe94f55d000 rw-p 00000000 00:00 0 
7fe94f55d000-7fe94f564000 ---p 00000000 00:00 0 
7fe94f564000-7fe94f566000 r--s 00007000 08:07 16125635                   /usr/share/java/java-atk-wrapper.jar
7fe94f566000-7fe94f56e000 rw-s 00000000 08:07 7090622                    /tmp/hsperfdata_bhanu/4793
7fe94f56e000-7fe94f56f000 ---p 00000000 00:00 0 
7fe94f56f000-7fe94f570000 r--p 00000000 00:00 0 
7fe94f570000-7fe94f572000 rw-p 00000000 00:00 0 
7fe94f572000-7fe94f573000 r--p 00027000 08:07 8655405                    /lib/x86_64-linux-gnu/ld-2.27.so
7fe94f573000-7fe94f574000 rw-p 00028000 08:07 8655405                    /lib/x86_64-linux-gnu/ld-2.27.so
7fe94f574000-7fe94f575000 rw-p 00000000 00:00 0 
7fff88700000-7fff88721000 rw-p 00000000 00:00 0                          [stack]
7fff8878f000-7fff88792000 r--p 00000000 00:00 0                          [vvar]
7fff88792000-7fff88794000 r-xp 00000000 00:00 0                          [vdso]
ffffffffff600000-ffffffffff601000 r-xp 00000000 00:00 0                  [vsyscall]


VM Arguments:
java_command: Server3
java_class_path (initial): ./mysql-connector.jar:.
Launcher Type: SUN_STANDARD

[Global flags]
     intx CICompilerCount                          = 4                                         {product} {ergonomic}
     uint ConcGCThreads                            = 2                                         {product} {ergonomic}
     uint G1ConcRefinementThreads                  = 8                                         {product} {ergonomic}
   size_t G1HeapRegionSize                         = 1048576                                   {product} {ergonomic}
    uintx GCDrainStackTargetSize                   = 64                                        {product} {ergonomic}
   size_t InitialHeapSize                          = 130023424                                 {product} {ergonomic}
   size_t MarkStackSize                            = 4194304                                   {product} {ergonomic}
   size_t MaxHeapSize                              = 2061500416                                {product} {ergonomic}
   size_t MaxNewSize                               = 1236271104                                {product} {ergonomic}
   size_t MinHeapDeltaBytes                        = 1048576                                   {product} {ergonomic}
    uintx NonNMethodCodeHeapSize                   = 5836300                                {pd product} {ergonomic}
    uintx NonProfiledCodeHeapSize                  = 122910970                              {pd product} {ergonomic}
    uintx ProfiledCodeHeapSize                     = 122910970                              {pd product} {ergonomic}
    uintx ReservedCodeCacheSize                    = 251658240                              {pd product} {ergonomic}
     bool SegmentedCodeCache                       = true                                      {product} {ergonomic}
     bool UseCompressedClassPointers               = true                                 {lp64_product} {ergonomic}
     bool UseCompressedOops                        = true                                 {lp64_product} {ergonomic}
     bool UseG1GC                                  = true                                      {product} {ergonomic}

Logging:
Log output configuration:
 #0: stdout all=warning uptime,level,tags
 #1: stderr all=off uptime,level,tags

Environment Variables:
PATH=/home/bhanu/miniconda3/condabin:/home/bhanu/.local/bin:/usr/local/sbin:/usr/local/bin:/usr/sbin:/usr/bin:/sbin:/bin:/usr/games:/usr/local/games:/snap/bin
USERNAME=bhanu
SHELL=/bin/bash
DISPLAY=:0

Signal Handlers:
SIGSEGV: [libjvm.so+0xdeda70], sa_mask[0]=11111111011111111101111111111110, sa_flags=SA_RESTART|SA_SIGINFO
SIGBUS: [libjvm.so+0xdeda70], sa_mask[0]=11111111011111111101111111111110, sa_flags=SA_RESTART|SA_SIGINFO
SIGFPE: [libjvm.so+0xdeda70], sa_mask[0]=11111111011111111101111111111110, sa_flags=SA_RESTART|SA_SIGINFO
SIGPIPE: [libjvm.so+0xbc3040], sa_mask[0]=11111111011111111101111111111110, sa_flags=SA_RESTART|SA_SIGINFO
SIGXFSZ: [libjvm.so+0xbc3040], sa_mask[0]=11111111011111111101111111111110, sa_flags=SA_RESTART|SA_SIGINFO
SIGILL: [libjvm.so+0xdeda70], sa_mask[0]=11111111011111111101111111111110, sa_flags=SA_RESTART|SA_SIGINFO
SIGUSR2: [libjvm.so+0xbc2ee0], sa_mask[0]=00000000000000000000000000000000, sa_flags=SA_RESTART|SA_SIGINFO
SIGHUP: [libjvm.so+0xbc3240], sa_mask[0]=11111111011111111101111111111110, sa_flags=SA_RESTART|SA_SIGINFO
SIGINT: [libjvm.so+0xbc3240], sa_mask[0]=11111111011111111101111111111110, sa_flags=SA_RESTART|SA_SIGINFO
SIGTERM: [libjvm.so+0xbc3240], sa_mask[0]=11111111011111111101111111111110, sa_flags=SA_RESTART|SA_SIGINFO
SIGQUIT: [libjvm.so+0xbc3240], sa_mask[0]=11111111011111111101111111111110, sa_flags=SA_RESTART|SA_SIGINFO


---------------  S Y S T E M  ---------------

OS:DISTRIB_ID=Ubuntu
DISTRIB_RELEASE=18.04
DISTRIB_CODENAME=bionic
DISTRIB_DESCRIPTION="Ubuntu 18.04.3 LTS"
uname:Linux 4.15.0-20-generic #21-Ubuntu SMP Tue Apr 24 06:16:15 UTC 2018 x86_64
libc:glibc 2.27 NPTL 2.27 
rlimit: STACK 8192k, CORE 0k, NPROC 31085, NOFILE 1048576, AS infinity, DATA infinity, FSIZE infinity
load average:43.45 22.25 10.00

/proc/meminfo:
MemTotal:        8051492 kB
MemFree:          143556 kB
MemAvailable:     132772 kB
Buffers:            7836 kB
Cached:           771092 kB
SwapCached:         8352 kB
Active:          5902052 kB
Inactive:        1531108 kB
Active(anon):    5825316 kB
Inactive(anon):  1433640 kB
Active(file):      76736 kB
Inactive(file):    97468 kB
Unevictable:          80 kB
Mlocked:              80 kB
SwapTotal:       1952764 kB
SwapFree:            500 kB
Dirty:               216 kB
Writeback:             0 kB
AnonPages:       6646532 kB
Mapped:           510684 kB
Shmem:            604564 kB
Slab:             236000 kB
SReclaimable:      79016 kB
SUnreclaim:       156984 kB
KernelStack:       28640 kB
PageTables:       103328 kB
NFS_Unstable:          0 kB
Bounce:                0 kB
WritebackTmp:          0 kB
CommitLimit:     5978508 kB
Committed_AS:   19087736 kB
VmallocTotal:   34359738367 kB
VmallocUsed:           0 kB
VmallocChunk:          0 kB
HardwareCorrupted:     0 kB
AnonHugePages:         0 kB
ShmemHugePages:        0 kB
ShmemPmdMapped:        0 kB
CmaTotal:              0 kB
CmaFree:               0 kB
HugePages_Total:       0
HugePages_Free:        0
HugePages_Rsvd:        0
HugePages_Surp:        0
Hugepagesize:       2048 kB
DirectMap4k:      445044 kB
DirectMap2M:     7827456 kB
DirectMap1G:           0 kB


/proc/sys/kernel/threads-max (system-wide limit on the number of threads):
62170


/proc/sys/vm/max_map_count (maximum number of memory map areas a process may have):
262144


/proc/sys/kernel/pid_max (system-wide limit on number of process identifiers):
32768



container (cgroup) information:
container_type: cgroupv1
cpu_cpuset_cpus: 0-7
cpu_memory_nodes: 0
active_processor_count: 8
cpu_quota: -1
cpu_period: 100000
cpu_shares: -1
memory_limit_in_bytes: -1
memory_and_swap_limit_in_bytes: -2
memory_soft_limit_in_bytes: -1
memory_usage_in_bytes: 6379814912
memory_max_usage_in_bytes: 6415642624

Steal ticks since vm start: 0
Steal ticks percentage since vm start:  0.000

CPU:total 8 (initial active 8) (4 cores per cpu, 2 threads per core) family 6 model 142 stepping 10, cmov, cx8, fxsr, mmx, sse, sse2, sse3, ssse3, sse4.1, sse4.2, popcnt, avx, avx2, aes, clmul, erms, 3dnowpref, lzcnt, ht, tsc, tscinvbit, bmi1, bmi2, adx, fma
CPU Model and flags from /proc/cpuinfo:
model name	: Intel(R) Core(TM) i5-8250U CPU @ 1.60GHz
flags		: fpu vme de pse tsc msr pae mce cx8 apic sep mtrr pge mca cmov pat pse36 clflush dts acpi mmx fxsr sse sse2 ss ht tm pbe syscall nx pdpe1gb rdtscp lm constant_tsc art arch_perfmon pebs bts rep_good nopl xtopology nonstop_tsc cpuid aperfmperf tsc_known_freq pni pclmulqdq dtes64 monitor ds_cpl vmx est tm2 ssse3 sdbg fma cx16 xtpr pdcm pcid sse4_1 sse4_2 x2apic movbe popcnt tsc_deadline_timer aes xsave avx f16c rdrand lahf_lm abm 3dnowprefetch cpuid_fault epb invpcid_single pti tpr_shadow vnmi flexpriority ept vpid fsgsbase tsc_adjust bmi1 avx2 smep bmi2 erms invpcid mpx rdseed adx smap clflushopt intel_pt xsaveopt xsavec xgetbv1 xsaves ibpb ibrs stibp dtherm ida arat pln pts hwp hwp_notify hwp_act_window hwp_epp

Memory: 4k page, physical 8051492k(143184k free), swap 1952764k(500k free)

vm_info: OpenJDK 64-Bit Server VM (11.0.5+10-post-Ubuntu-0ubuntu1.118.04) for linux-amd64 JRE (11.0.5+10-post-Ubuntu-0ubuntu1.118.04), built on Oct 16 2019 22:01:07 by "buildd" with gcc 7.4.0

END.
