P2: Entry read id: 6
P2: Exit read id: 6 nothing to read
P2: Entry read id: 0
P2: Exit read id: 0 nothing to read
P2: sync starts
P2: Entry write
P2: INSERT INTO samplermi(sno, name, branch, percentage, email) values('0','bhanu','cse','0','bhanu.gmail')
P2: Exit write
P2: Entry write
P2: INSERT INTO samplermi(sno, name, branch, percentage, email) values('0','Mani','cse','1','mani1.gmail')
P2: Exit write
P2: Entry write
P2: INSERT INTO samplermi(sno, name, branch, percentage, email) values('0','Abhinav','cse','2','abhi1.gmail')
P2: Exit write
P2: Entry write
P2: INSERT INTO samplermi(sno, name, branch, percentage, email) values('0','shrestha','cse','1','shres1.gmail')
P2: Exit write
P2: Entry write
P2: INSERT INTO samplermi(sno, name, branch, percentage, email) values('1','bhanu','cse','4','bhanu.gmail')
P2: Exit write
P2: Entry write
P2: INSERT INTO samplermi(sno, name, branch, percentage, email) values('1','Mani','cse','6','mani1.gmail')
P2: Exit write
P2: Entry write
P2: INSERT INTO samplermi(sno, name, branch, percentage, email) values('1','Abhinav','cse','5','abhi1.gmail')
P2: Exit write
P2: Entry write
P2: INSERT INTO samplermi(sno, name, branch, percentage, email) values('1','shrestha','cse','5','shres1.gmail')
P2: Exit write
P2: Entry write
P2: INSERT INTO samplermi(sno, name, branch, percentage, email) values('2','bhanu','cse','8','bhanu.gmail')
P2: Exit write
P2: Entry write
P2: INSERT INTO samplermi(sno, name, branch, percentage, email) values('2','Abhinav','cse','9','abhi1.gmail')
P2: Exit write
P2: Entry write
P2: INSERT INTO samplermi(sno, name, branch, percentage, email) values('2','Mani','cse','9','mani1.gmail')
P2: Exit write
P2: Entry write
P2: INSERT INTO samplermi(sno, name, branch, percentage, email) values('2','shrestha','cse','9','shres1.gmail')
P2: Exit write
P2: Entry write
P2: INSERT INTO samplermi(sno, name, branch, percentage, email) values('3','bhanu','cse','12','bhanu.gmail')
P2: Exit write
P2: Entry write
P2: INSERT INTO samplermi(sno, name, branch, percentage, email) values('3','Mani','cse','15','mani1.gmail')
P2: Exit write
P2: Entry write
P2: INSERT INTO samplermi(sno, name, branch, percentage, email) values('3','Abhinav','cse','15','abhi1.gmail')
P2: Exit write
P2: Entry write
P2: INSERT INTO samplermi(sno, name, branch, percentage, email) values('3','shrestha','cse','15','shres1.gmail')
P2: Exit write
P2: Entry write
P2: INSERT INTO samplermi(sno, name, branch, percentage, email) values('4','bhanu','cse','16','bhanu.gmail')
P2: Exit write
P2: Entry write
P2: INSERT INTO samplermi(sno, name, branch, percentage, email) values('4','Mani','cse','19','mani1.gmail')
P2: Exit write
P2: Entry write
P2: INSERT INTO samplermi(sno, name, branch, percentage, email) values('4','Abhinav','cse','19','abhi1.gmail')
P2: Exit write
P2: Entry write
P2: INSERT INTO samplermi(sno, name, branch, percentage, email) values('4','shrestha','cse','19','shres1.gmail')
P2: Exit write
P2: Entry write
P2: INSERT INTO samplermi(sno, name, branch, percentage, email) values('5','bhanu','cse','20','bhanu.gmail')
P2: Exit write
P2: Entry write
P2: INSERT INTO samplermi(sno, name, branch, percentage, email) values('5','Mani','cse','23','mani1.gmail')
P2: Exit write
P2: Entry write
P2: INSERT INTO samplermi(sno, name, branch, percentage, email) values('5','Abhinav','cse','23','abhi1.gmail')
P2: Exit write
P2: Entry write
P2: INSERT INTO samplermi(sno, name, branch, percentage, email) values('5','shrestha','cse','23','shres1.gmail')
P2: Exit write
P2: Entry write
P2: INSERT INTO samplermi(sno, name, branch, percentage, email) values('6','bhanu','cse','24','bhanu.gmail')
P2: Exit write
P2: Entry write
P2: INSERT INTO samplermi(sno, name, branch, percentage, email) values('6','Mani','cse','27','mani1.gmail')
P2: Exit write
P2: Entry write
P2: INSERT INTO samplermi(sno, name, branch, percentage, email) values('6','Abhinav','cse','27','abhi1.gmail')
P2: Exit write
P2: Entry write
P2: INSERT INTO samplermi(sno, name, branch, percentage, email) values('6','shrestha','cse','27','shres1.gmail')
P2: Exit write
P2: Entry write
P2: INSERT INTO samplermi(sno, name, branch, percentage, email) values('7','bhanu','cse','28','bhanu.gmail')
P2: Exit write
P2: Entry write
P2: INSERT INTO samplermi(sno, name, branch, percentage, email) values('7','Mani','cse','29','mani1.gmail')
P2: Exit write
P2: Entry write
P2: INSERT INTO samplermi(sno, name, branch, percentage, email) values('7','Abhinav','cse','29','abhi1.gmail')
P2: Exit write
P2: Entry write
P2: INSERT INTO samplermi(sno, name, branch, percentage, email) values('7','shrestha','cse','29','shres1.gmail')
P2: Exit write
P2: Entry write
P2: INSERT INTO samplermi(sno, name, branch, percentage, email) values('8','bhanu','cse','32','bhanu.gmail')
P2: Exit write
P2: Entry write
P2: INSERT INTO samplermi(sno, name, branch, percentage, email) values('8','Mani','cse','33','mani1.gmail')
P2: Exit write
P2: Entry write
P2: INSERT INTO samplermi(sno, name, branch, percentage, email) values('8','shrestha','cse','33','shres1.gmail')
P2: Exit write
P2: Entry write
P2: INSERT INTO samplermi(sno, name, branch, percentage, email) values('8','Abhinav','cse','34','abhi1.gmail')
P2: Exit write
P2: Entry write
P2: INSERT INTO samplermi(sno, name, branch, percentage, email) values('9','shrestha','cse','37','shres1.gmail')
P2: Exit write
P2: Entry write
P2: INSERT INTO samplermi(sno, name, branch, percentage, email) values('9','bhanu','cse','36','bhanu.gmail')
P2: Exit write
P2: Entry write
P2: INSERT INTO samplermi(sno, name, branch, percentage, email) values('9','Mani','cse','38','mani1.gmail')
P2: Exit write
P2: Entry write
P2: INSERT INTO samplermi(sno, name, branch, percentage, email) values('9','Abhinav','cse','38','abhi1.gmail')
P2: Exit write
P2: Entry write
P2: UPDATE samplermi SET percentage = 39 where sno = 5 ;
P2: Exit write
P2: Entry write
P2: UPDATE samplermi SET percentage = 40 where sno = 5 ;
P2: Exit write
P2: Entry write
P2: UPDATE samplermi SET percentage = 40 where sno = 4 ;
P2: Exit write
P2: Entry write
P2: UPDATE samplermi SET percentage = 41 where sno = 6 ;
P2: Exit write
P2: Entry write
P2: UPDATE samplermi SET percentage = 42 where sno = 9 ;
P2: Exit write
P2: Entry write
P2: UPDATE samplermi SET percentage = 42 where sno = 6 ;
P2: Exit write
P2: sync ends
P2: Entry read id: 3
P2: Exit read id: 3 percent: 13
P2: Entry read id: 7
P2: Exit read id: 7 percent: 30
P2: Entry read id: 0
P2: Exit read id: 0 percent: 1
P2: Entry read id: 7
P2: Exit read id: 7 percent: 30
P2: Entry read id: 6
P2: Exit read id: 6 percent: 42
P2: Entry read id: 5
P2: Exit read id: 5 percent: 41
P2: Entry read id: 5
P2: Exit read id: 5 percent: 41
P2: Entry read id: 6
P2: Exit read id: 6 percent: 42
P2: Entry read id: 3
P2: Exit read id: 3 percent: 13
P2: Entry read id: 3
P2: Exit read id: 3 percent: 13
P2: sync starts
P2: Entry write
P2: UPDATE samplermi SET percentage = 41 where sno = 4 ;
P2: Exit write
P2: Entry write
P2: UPDATE samplermi SET percentage = 43 where sno = 7 ;
P2: Exit write
P2: Entry write
P2: UPDATE samplermi SET percentage = 42 where sno = 7 ;
P2: Exit write
P2: Entry write
P2: UPDATE samplermi SET percentage = 43 where sno = 3 ;
P2: Exit write
P2: Entry write
P2: UPDATE samplermi SET percentage = 44 where sno = 8 ;
P2: Exit write
P2: sync ends
P2: Entry read id: 4
P2: Exit read id: 4 percent: 41
P2: Entry read id: 0
P2: Exit read id: 0 percent: 1
P2: Entry read id: 1
P2: Exit read id: 1 percent: 6
P2: Entry read id: 9
P2: Exit read id: 9 percent: 41
P2: Entry read id: 4
P2: Exit read id: 4 percent: 42
P2: Entry read id: 3
P2: Exit read id: 3 percent: 43
P2: Entry read id: 4
P2: Exit read id: 4 percent: 42
P2: Entry read id: 7
P2: Exit read id: 7 percent: 42
P2: Entry read id: 7
P2: Exit read id: 7 percent: 42
P2: sync starts
P2: sync ends
P2: Entry read id: 2
P2: Exit read id: 2 percent: 11
P2: Entry read id: 2
P2: Exit read id: 2 percent: 11
P2: Entry read id: 6
P2: Exit read id: 6 percent: 42
P2: Entry read id: 6
P2: Exit read id: 6 percent: 42
P2: sync starts
P2: sync ends
P2: Entry read id: 2
P2: Exit read id: 2 percent: 11
P2: Entry read id: 3
P2: Exit read id: 3 percent: 43
P2: Entry read id: 0
P2: Exit read id: 0 percent: 1
P2: Entry read id: 4
P2: Exit read id: 4 percent: 42
P2: Entry read id: 6
P2: Exit read id: 6 percent: 42
P2: Entry read id: 3
P2: Exit read id: 3 percent: 43
P2: Entry read id: 1
P2: Exit read id: 1 percent: 6
P2: Entry read id: 2
P2: Exit read id: 2 percent: 43
P2: Entry read id: 4
P2: Exit read id: 4 percent: 42
P2: Entry read id: 6
P2: Exit read id: 6 percent: 42
P2: Entry read id: 8
P2: Exit read id: 8 percent: 43
P2: Entry read id: 4
P2: Exit read id: 4 percent: 42
P2: Entry read id: 5
P2: Exit read id: 5 percent: 45
P2: Entry read id: 4
P2: Exit read id: 4 percent: 42
P2: Entry read id: 6
P2: Exit read id: 6 percent: 42
P2: Entry read id: 2
P2: Exit read id: 2 percent: 43
P2: Entry read id: 1
P2: Exit read id: 1 percent: 44
P2: sync starts
P2: Entry write
P2: UPDATE samplermi SET percentage = 42 where sno = 2 ;
P2: Exit write
P2: Entry write
P2: UPDATE samplermi SET percentage = 44 where sno = 8 ;
P2: Exit write
P2: Entry write
P2: UPDATE samplermi SET percentage = 43 where sno = 0 ;
P2: Exit write
P2: Entry write
P2: UPDATE samplermi SET percentage = 45 where sno = 7 ;
P2: Exit write
P2: Entry write
P2: UPDATE samplermi SET percentage = 43 where sno = 1 ;
P2: Exit write
P2: Entry write
P2: UPDATE samplermi SET percentage = 45 where sno = 0 ;
P2: Exit write
P2: Entry write
P2: UPDATE samplermi SET percentage = 46 where sno = 8 ;
P2: Exit write
P2: Entry write
P2: UPDATE samplermi SET percentage = 44 where sno = 5 ;
P2: Exit write
P2: Entry write
P2: UPDATE samplermi SET percentage = 46 where sno = 5 ;
P2: Exit write
P2: Entry write
P2: UPDATE samplermi SET percentage = 47 where sno = 8 ;
P2: Exit write
P2: Entry write
P2: UPDATE samplermi SET percentage = 44 where sno = 6 ;
P2: Exit write
P2: Entry write
P2: UPDATE samplermi SET percentage = 47 where sno = 4 ;
P2: Exit write
P2: Entry write
P2: UPDATE samplermi SET percentage = 45 where sno = 6 ;
P2: Exit write
P2: Entry write
P2: UPDATE samplermi SET percentage = 48 where sno = 1 ;
P2: Exit write
P2: Entry write
P2: UPDATE samplermi SET percentage = 46 where sno = 8 ;
P2: Exit write
P2: Entry write
P2: UPDATE samplermi SET percentage = 45 where sno = 8 ;
P2: Exit write
P2: Entry write
P2: UPDATE samplermi SET percentage = 48 where sno = 9 ;
P2: Exit write
P2: Entry write
P2: UPDATE samplermi SET percentage = 49 where sno = 1 ;
P2: Exit write
P2: Entry write
P2: UPDATE samplermi SET percentage = 47 where sno = 6 ;
P2: Exit write
P2: sync ends
P2: Entry read id: 4
P2: Exit read id: 4 percent: 46
P2: sync starts
P2: Entry write
P2: UPDATE samplermi SET percentage = 46 where sno = 4 ;
P2: Exit write
P2: Entry write
P2: UPDATE samplermi SET percentage = 49 where sno = 5 ;
P2: Exit write
P2: Entry write
P2: UPDATE samplermi SET percentage = 50 where sno = 5 ;
P2: Exit write
P2: sync ends
P2: Entry read id: 9
P2: Exit read id: 9 percent: 47
P2: sync starts
P2: Entry write
P2: UPDATE samplermi SET percentage = 47 where sno = 1 ;
P2: Exit write
P2: Entry write
P2: UPDATE samplermi SET percentage = 50 where sno = 4 ;
P2: Exit write
P2: Entry write
P2: UPDATE samplermi SET percentage = 48 where sno = 7 ;
P2: Exit write
P2: Entry write
P2: UPDATE samplermi SET percentage = 51 where sno = 8 ;
P2: Exit write
P2: sync ends
P2: Entry read id: 1
P2: Exit read id: 1 percent: 48
P2: sync starts
P2: sync ends
P2: Entry read id: 9
P2: Exit read id: 9 percent: 47
P2: sync starts
P2: Entry write
P2: UPDATE samplermi SET percentage = 48 where sno = 7 ;
P2: Exit write
P2: Entry write
P2: UPDATE samplermi SET percentage = 49 where sno = 2 ;
P2: Exit write
P2: sync ends
P2: Entry read id: 7
P2: Exit read id: 7 percent: 49
P2: sync starts
P2: Entry write
P2: UPDATE samplermi SET percentage = 52 where sno = 1 ;
P2: Exit write
P2: sync ends
P2: Entry read id: 4
P2: Exit read id: 4 percent: 49
P2: sync starts
P2: Entry write
P2: UPDATE samplermi SET percentage = 49 where sno = 1 ;
P2: Exit write
P2: Entry write
P2: UPDATE samplermi SET percentage = 50 where sno = 0 ;
P2: Exit write
P2: Entry write
P2: UPDATE samplermi SET percentage = 53 where sno = 7 ;
P2: Exit write
P2: sync ends
P2: Entry read id: 6
P2: Exit read id: 6 percent: 47
P2: sync starts
P2: Entry write
P2: UPDATE samplermi SET percentage = 50 where sno = 5 ;
P2: Exit write
P2: Entry write
P2: UPDATE samplermi SET percentage = 51 where sno = 5 ;
P2: Exit write
P2: sync ends
P2: Entry read id: 3
P2: Exit read id: 3 percent: 43
P2: sync starts
P2: Entry write
P2: UPDATE samplermi SET percentage = 52 where sno = 5 ;
P2: Exit write
P2: sync ends
P2: Entry read id: 5
P2: Exit read id: 5 percent: 52
P2: sync starts
P2: sync ends
P2: Entry read id: 9
P2: Exit read id: 9 percent: 47
P2: sync starts
P2: Entry write
P2: UPDATE samplermi SET percentage = 53 where sno = 9 ;
P2: Exit write
P2: sync ends
P2: Entry read id: 6
P2: Exit read id: 6 percent: 47
P2: sync starts
P2: sync ends
P2: Entry read id: 5
P2: Exit read id: 5 percent: 52
P2: sync starts
P2: Entry write
P2: UPDATE samplermi SET percentage = 54 where sno = 9 ;
P2: Exit write
P2: sync ends
P2: Entry read id: 3
P2: Exit read id: 3 percent: 43
P2: sync starts
P2: sync ends
P2: Entry read id: 9
P2: Exit read id: 9 percent: 54
P2: sync starts
P2: sync ends
P2: Entry read id: 3
P2: Exit read id: 3 percent: 43
P2: sync starts
P2: sync ends
P2: Entry read id: 6
P2: Exit read id: 6 percent: 47
P2: sync starts
P2: sync ends
P2: Entry read id: 6
P2: Exit read id: 6 percent: 47
P2: sync starts
P2: sync ends
P2: Entry read id: 4
P2: Exit read id: 4 percent: 49
P2: sync starts
P2: sync ends
P2: Entry read id: 9
P2: Exit read id: 9 percent: 54
P2: sync starts
P2: sync ends
P2: Entry read id: 5
P2: Exit read id: 5 percent: 52
P2: sync starts
P2: sync ends
P2: Entry read id: 1
P2: Exit read id: 1 percent: 50
P2: sync starts
P2: sync ends
P2: Entry read id: 3
P2: Exit read id: 3 percent: 43
P2: sync starts
P2: sync ends
P2: Entry read id: 7
P2: Exit read id: 7 percent: 53
P2: sync starts
P2: sync ends
P2: Entry read id: 3
P2: Exit read id: 3 percent: 43
P2: sync starts
P2: sync ends
P2: Entry read id: 1
P2: Exit read id: 1 percent: 50
P2: sync starts
P2: sync ends
P2: Entry read id: 8
P2: Exit read id: 8 percent: 51
P2: sync starts
P2: sync ends
P2: Entry read id: 5
P2: Exit read id: 5 percent: 52
P2: sync starts
P2: sync ends
P2: Entry read id: 6
P2: Exit read id: 6 percent: 47
P2: sync starts
P2: sync ends
P2: Entry read id: 7
P2: Exit read id: 7 percent: 53
P2: sync starts
P2: sync ends
P2: Entry read id: 1
P2: Exit read id: 1 percent: 50
P2: sync starts
P2: sync ends
P2: Entry read id: 1
P2: Exit read id: 1 percent: 50
P2: sync starts
P2: sync ends
P2: Entry read id: 5
P2: Exit read id: 5 percent: 52
P2: sync starts
P2: sync ends
P2: Entry read id: 6
P2: Exit read id: 6 percent: 47
P2: sync starts
P2: sync ends
P2: Entry read id: 1
P2: Exit read id: 1 percent: 50
P2: sync starts
P2: sync ends
P2: Entry read id: 6
P2: Exit read id: 6 percent: 47
P2: sync starts
P2: sync ends
P2: Entry read id: 0
P2: Exit read id: 0 percent: 50
P2: sync starts
P2: sync ends
P2: Entry read id: 7
P2: Exit read id: 7 percent: 53
P2: sync starts
P2: sync ends
P2: Entry read id: 9
P2: Exit read id: 9 percent: 54
P2: sync starts
P2: sync ends
P2: Entry read id: 0
P2: Exit read id: 0 percent: 50
P2: sync starts
P2: sync ends
P2: Entry read id: 1
P2: Exit read id: 1 percent: 50
P2: sync starts
P2: sync ends
P2: Entry read id: 9
P2: Exit read id: 9 percent: 54
P2: sync starts
P2: sync ends
P2: Entry read id: 3
P2: Exit read id: 3 percent: 43
P2: sync starts
P2: sync ends
P2: Entry read id: 5
P2: Exit read id: 5 percent: 52
P2: sync starts
P2: sync ends
P2: Entry read id: 5
P2: Exit read id: 5 percent: 52
P2: sync starts
P2: sync ends
P2: Entry read id: 3
P2: Exit read id: 3 percent: 43
P2: sync starts
P2: sync ends
P2: Entry read id: 9
P2: Exit read id: 9 percent: 54
P2: sync starts
P2: sync ends
P2: Entry read id: 4
P2: Exit read id: 4 percent: 49
P2: sync starts
P2: sync ends
P2: Entry read id: 0
P2: Exit read id: 0 percent: 50
P2: sync starts
P2: sync ends
P2: Entry read id: 2
P2: Exit read id: 2 percent: 49
P2: sync starts
P2: sync ends
P2: Entry read id: 3
P2: Exit read id: 3 percent: 43
P2: sync starts
P2: sync ends
P2: Entry read id: 2
P2: Exit read id: 2 percent: 49
P2: sync starts
P2: sync ends
P2: Entry read id: 7
P2: Exit read id: 7 percent: 53
P2: sync starts
P2: sync ends
P2: Entry read id: 2
P2: Exit read id: 2 percent: 49
P2: sync starts
P2: sync ends
P2: Entry read id: 4
P2: Exit read id: 4 percent: 49
P2: sync starts
P2: sync ends
P2: Entry read id: 4
P2: Exit read id: 4 percent: 49
P2: sync starts
P2: sync ends
P2: Entry read id: 4
P2: Exit read id: 4 percent: 49
P2: sync starts
P2: sync ends
P2: Entry read id: 0
P2: Exit read id: 0 percent: 50
P2: sync starts
P2: sync ends
P2: Entry read id: 1
P2: Exit read id: 1 percent: 50
P2: sync starts
P2: sync ends
P2: Entry read id: 1
P2: Exit read id: 1 percent: 50
P2: sync starts
P2: sync ends
P2: Entry read id: 2
P2: Exit read id: 2 percent: 49
P2: sync starts
P2: sync ends
P2: Entry read id: 7
P2: Exit read id: 7 percent: 53
P2: sync starts
P2: sync ends
P2: Entry read id: 1
P2: Exit read id: 1 percent: 50
P2: sync starts
P2: sync ends
P2: Entry read id: 2
P2: Exit read id: 2 percent: 49
P2: sync starts
P2: sync ends
P2: Entry read id: 8
P2: Exit read id: 8 percent: 51
P2: sync starts
P2: sync ends
P2: Entry read id: 2
P2: Exit read id: 2 percent: 49
P2: sync starts
P2: sync ends
P2: Entry read id: 3
P2: Exit read id: 3 percent: 43
P2: sync starts
P2: sync ends
P2: Entry read id: 7
P2: Exit read id: 7 percent: 53
P2: sync starts
P2: sync ends
P2: Entry read id: 3
P2: Exit read id: 3 percent: 43
P2: sync starts
P2: sync ends
P2: Entry read id: 2
P2: Exit read id: 2 percent: 49
P2: sync starts
P2: sync ends
P2: Entry read id: 7
P2: Exit read id: 7 percent: 53
P2: sync starts
P2: sync ends
P2: Entry read id: 8
P2: Exit read id: 8 percent: 51
P2: sync starts
P2: sync ends
P2: Entry read id: 4
P2: Exit read id: 4 percent: 49
P2: sync starts
P2: sync ends
P2: Entry read id: 2
P2: Exit read id: 2 percent: 49
P2: sync starts
P2: sync ends
P2: Entry read id: 4
P2: Exit read id: 4 percent: 49
P2: sync starts
P2: sync ends
P2: Entry read id: 7
P2: Exit read id: 7 percent: 53
P2: sync starts
P2: sync ends
P2: Entry read id: 6
P2: Exit read id: 6 percent: 47
P2: sync starts
P2: sync ends
P2: Entry read id: 6
P2: Exit read id: 6 percent: 47
P2: sync starts
P2: sync ends
P2: Entry read id: 0
P2: Exit read id: 0 percent: 50
P2: sync starts
P2: sync ends
P2: Entry read id: 7
P2: Exit read id: 7 percent: 53
P2: sync starts
P2: sync ends
P2: Entry read id: 1
P2: Exit read id: 1 percent: 50
P2: sync starts
P2: sync ends
P2: Entry read id: 2
P2: Exit read id: 2 percent: 49
P2: sync starts
P2: sync ends
P2: Entry read id: 2
P2: Exit read id: 2 percent: 49
P2: sync starts
P2: sync ends
P2: Entry read id: 7
P2: Exit read id: 7 percent: 53
P2: sync starts
P2: sync ends
P2: Entry read id: 0
P2: Exit read id: 0 percent: 50
P2: sync starts
P2: sync ends
P2: Entry read id: 8
P2: Exit read id: 8 percent: 51
P2: sync starts
P2: sync ends
P2: Entry read id: 0
P2: Exit read id: 0 percent: 50
P2: sync starts
P2: sync ends
P2: Entry read id: 6
P2: Exit read id: 6 percent: 47
P2: sync starts
P2: sync ends
P2: Entry read id: 8
P2: Exit read id: 8 percent: 51
P2: sync starts
P2: sync ends
P2: Entry read id: 3
P2: Exit read id: 3 percent: 43
P2: sync starts
P2: sync ends
P2: Entry read id: 5
P2: Exit read id: 5 percent: 52
P2: sync starts
P2: sync ends
P2: Entry read id: 7
P2: Exit read id: 7 percent: 53
P2: sync starts
P2: sync ends
P2: Entry read id: 5
P2: Exit read id: 5 percent: 52
P2: sync starts
P2: sync ends
P2: Entry read id: 5
P2: Exit read id: 5 percent: 52
P2: sync starts
P2: sync ends
P2: Entry read id: 1
P2: Exit read id: 1 percent: 50
P2: sync starts
P2: sync ends
P2: Entry read id: 6
P2: Exit read id: 6 percent: 47
P2: sync starts
P2: sync ends
P2: Entry read id: 3
P2: Exit read id: 3 percent: 43
P2: sync starts
P2: sync ends
P2: Entry read id: 2
P2: Exit read id: 2 percent: 49
P2: sync starts
P2: sync ends
P2: Entry read id: 8
P2: Exit read id: 8 percent: 51
P2: sync starts
P2: sync ends
P2: Entry read id: 4
P2: Exit read id: 4 percent: 49
P2: sync starts
P2: sync ends
P2: Entry read id: 9
P2: Exit read id: 9 percent: 54
P2: sync starts
P2: sync ends
P2: Entry read id: 3
P2: Exit read id: 3 percent: 43
P2: sync starts
P2: sync ends
P2: Entry read id: 2
P2: Exit read id: 2 percent: 49
P2: sync starts
P2: sync ends
P2: Entry read id: 7
P2: Exit read id: 7 percent: 53
P2: sync starts
P2: sync ends
P2: Entry read id: 5
P2: Exit read id: 5 percent: 52
P2: sync starts
P2: sync ends
P2: Entry read id: 3
P2: Exit read id: 3 percent: 43
P2: sync starts
P2: sync ends
P2: Entry read id: 5
P2: Exit read id: 5 percent: 52
P2: sync starts
P2: sync ends
P2: Entry read id: 5
P2: Exit read id: 5 percent: 52
P2: sync starts
P2: sync ends
P2: Entry read id: 5
P2: Exit read id: 5 percent: 52
P2: sync starts
P2: sync ends
P2: Entry read id: 9
P2: Exit read id: 9 percent: 54
P2: sync starts
P2: sync ends
P2: Entry read id: 7
P2: Exit read id: 7 percent: 53
P2: sync starts
P2: sync ends
P2: Entry read id: 5
P2: Exit read id: 5 percent: 52
P2: sync starts
P2: sync ends
P2: Entry read id: 3
P2: Exit read id: 3 percent: 43
P2: sync starts
P2: sync ends
P2: Entry read id: 7
P2: Exit read id: 7 percent: 53
P2: sync starts
P2: sync ends
P2: Entry read id: 5
P2: Exit read id: 5 percent: 52
P2: sync starts
P2: sync ends
P2: Entry read id: 7
P2: Exit read id: 7 percent: 53
P2: sync starts
P2: sync ends
P2: Entry read id: 9
P2: Exit read id: 9 percent: 54
P2: sync starts
P2: sync ends
P2: Entry read id: 2
P2: Exit read id: 2 percent: 49
P2: sync starts
P2: sync ends
P2: Entry read id: 2
P2: Exit read id: 2 percent: 49
P2: sync starts
P2: sync ends
P2: Entry read id: 5
P2: Exit read id: 5 percent: 52
P2: sync starts
P2: sync ends
P2: Entry read id: 8
P2: Exit read id: 8 percent: 51
P2: sync starts
P2: sync ends
P2: Entry read id: 2
P2: Exit read id: 2 percent: 49
P2: sync starts
P2: sync ends
P2: Entry read id: 2
P2: Exit read id: 2 percent: 49
P2: sync starts
P2: sync ends
P2: Entry read id: 9
P2: Exit read id: 9 percent: 54
P2: sync starts
P2: sync ends
P2: Entry read id: 8
P2: Exit read id: 8 percent: 51
P2: sync starts
P2: sync ends
P2: Entry read id: 6
P2: Exit read id: 6 percent: 47
P2: sync starts
P2: sync ends
P2: Entry read id: 3
P2: Exit read id: 3 percent: 43
P2: sync starts
P2: sync ends
P2: Entry read id: 4
P2: Exit read id: 4 percent: 49
P2: sync starts
P2: sync ends
P2: Entry read id: 7
P2: Exit read id: 7 percent: 53
P2: sync starts
P2: sync ends
P2: Entry read id: 5
P2: Exit read id: 5 percent: 52
P2: sync starts
P2: sync ends
P2: Entry read id: 6
P2: Exit read id: 6 percent: 47
P2: sync starts
P2: sync ends
P2: Entry read id: 9
P2: Exit read id: 9 percent: 54
P2: sync starts
P2: sync ends
P2: Entry read id: 6
P2: Exit read id: 6 percent: 47
P2: sync starts
P2: sync ends
P2: Entry read id: 2
P2: Exit read id: 2 percent: 49
P2: sync starts
P2: sync ends
P2: Entry read id: 3
P2: Exit read id: 3 percent: 43
P2: sync starts
P2: sync ends
P2: Entry read id: 9
P2: Exit read id: 9 percent: 54
P2: sync starts
P2: sync ends
P2: Entry read id: 2
P2: Exit read id: 2 percent: 49
P2: sync starts
P2: sync ends
P2: Entry read id: 6
P2: Exit read id: 6 percent: 47
P2: sync starts
P2: sync ends
P2: Entry read id: 1
P2: Exit read id: 1 percent: 50
P2: sync starts
P2: sync ends
P2: Entry read id: 8
P2: Exit read id: 8 percent: 51
P2: sync starts
P2: sync ends
P2: Entry read id: 3
P2: Exit read id: 3 percent: 43
P2: sync starts
P2: sync ends
P2: Entry read id: 8
P2: Exit read id: 8 percent: 51
P2: sync starts
P2: sync ends
P2: Entry read id: 5
P2: Exit read id: 5 percent: 52
P2: sync starts
P2: sync ends
P2: Entry read id: 4
P2: Exit read id: 4 percent: 49
P2: sync starts
P2: sync ends
P2: Entry read id: 2
P2: Exit read id: 2 percent: 49
P2: sync starts
P2: sync ends
P2: Entry read id: 9
P2: Exit read id: 9 percent: 54
P2: sync starts
P2: sync ends
P2: Entry read id: 8
P2: Exit read id: 8 percent: 51
P2: sync starts
P2: sync ends
P2: Entry read id: 9
P2: Exit read id: 9 percent: 54
P2: sync starts
P2: sync ends
P2: Entry read id: 7
P2: Exit read id: 7 percent: 53
P2: sync starts
P2: sync ends
P2: Entry read id: 3
P2: Exit read id: 3 percent: 43
P2: sync starts
P2: sync ends
P2: Entry read id: 9
P2: Exit read id: 9 percent: 54
P2: sync starts
P2: sync ends
P2: Entry read id: 9
P2: Exit read id: 9 percent: 54
P2: sync starts
P2: sync ends
P2: Entry read id: 1
P2: Exit read id: 1 percent: 50
P2: sync starts
P2: sync ends
P2: Entry read id: 5
P2: Exit read id: 5 percent: 52
P2: sync starts
P2: sync ends
P2: Entry read id: 8
P2: Exit read id: 8 percent: 51
P2: sync starts
P2: sync ends
P2: Entry read id: 8
P2: Exit read id: 8 percent: 51
P2: sync starts
P2: sync ends
P2: Entry read id: 5
P2: Exit read id: 5 percent: 52
P2: sync starts
P2: sync ends
P2: Entry read id: 9
P2: Exit read id: 9 percent: 54
P2: sync starts
P2: sync ends
P2: Entry read id: 3
P2: Exit read id: 3 percent: 43
P2: sync starts
P2: sync ends
P2: Entry read id: 8
P2: Exit read id: 8 percent: 51
P2: sync starts
P2: sync ends
P2: Entry read id: 6
P2: Exit read id: 6 percent: 47
P2: sync starts
P2: sync ends
P2: Entry read id: 0
P2: Exit read id: 0 percent: 50
P2: sync starts
P2: sync ends
P2: Entry read id: 8
P2: Exit read id: 8 percent: 51
P2: sync starts
P2: sync ends
P2: Entry read id: 3
P2: Exit read id: 3 percent: 43
P2: sync starts
P2: sync ends
P2: Entry read id: 9
P2: Exit read id: 9 percent: 54
P2: sync starts
P2: sync ends
P2: Entry read id: 8
P2: Exit read id: 8 percent: 51
P2: sync starts
P2: sync ends
P2: Entry read id: 6
P2: Exit read id: 6 percent: 47
P2: sync starts
P2: sync ends
P2: Entry read id: 7
P2: Exit read id: 7 percent: 53
P2: sync starts
P2: sync ends
P2: Entry read id: 0
P2: Exit read id: 0 percent: 50
P2: sync starts
P2: sync ends
P2: Entry read id: 8
P2: Exit read id: 8 percent: 51
P2: sync starts
P2: sync ends
P2: Entry read id: 0
P2: Exit read id: 0 percent: 50
P2: sync starts
P2: sync ends
P2: Entry read id: 9
P2: Exit read id: 9 percent: 54
P2: sync starts
P2: sync ends
P2: Entry read id: 3
P2: Exit read id: 3 percent: 43
P2: sync starts
P2: sync ends
P2: Entry read id: 4
P2: Exit read id: 4 percent: 49
P2: sync starts
P2: sync ends
P2: Entry read id: 3
P2: Exit read id: 3 percent: 43
P2: sync starts
P2: sync ends
P2: Entry read id: 9
P2: Exit read id: 9 percent: 54
P2: sync starts
P2: sync ends
P2: Entry read id: 2
P2: Exit read id: 2 percent: 49
P2: sync starts
P2: sync ends
P2: Entry read id: 3
P2: Exit read id: 3 percent: 43
P2: sync starts
P2: sync ends
P2: Entry read id: 9
P2: Exit read id: 9 percent: 54
P2: sync starts
P2: sync ends
P2: Entry read id: 9
P2: Exit read id: 9 percent: 54
P2: sync starts
P2: sync ends
P2: Entry read id: 6
P2: Exit read id: 6 percent: 47
P2: sync starts
P2: sync ends
P2: Entry read id: 6
P2: Exit read id: 6 percent: 47
P2: sync starts
P2: sync ends
P2: Entry read id: 0
P2: Exit read id: 0 percent: 50
P2: sync starts
P2: sync ends
P2: Entry read id: 5
P2: Exit read id: 5 percent: 52
P2: sync starts
P2: sync ends
P2: Entry read id: 3
P2: Exit read id: 3 percent: 43
P2: sync starts
P2: sync ends
P2: Entry read id: 5
P2: Exit read id: 5 percent: 52
P2: sync starts
P2: sync ends
P2: Entry read id: 2
P2: Exit read id: 2 percent: 49
P2: sync starts
P2: sync ends
P2: Entry read id: 2
P2: Exit read id: 2 percent: 49
P2: sync starts
P2: sync ends
P2: Entry read id: 0
P2: Exit read id: 0 percent: 50
P2: sync starts
P2: sync ends
P2: Entry read id: 4
P2: Exit read id: 4 percent: 49
P2: sync starts
P2: sync ends
P2: Entry read id: 9
P2: Exit read id: 9 percent: 54
P2: sync starts
P2: sync ends
P2: Entry read id: 2
P2: Exit read id: 2 percent: 49
P2: sync starts
P2: sync ends
P2: Entry read id: 5
P2: Exit read id: 5 percent: 52
P2: sync starts
P2: sync ends
P2: Entry read id: 8
P2: Exit read id: 8 percent: 51
P2: sync starts
P2: sync ends
P2: Entry read id: 6
P2: Exit read id: 6 percent: 47
P2: sync starts
P2: sync ends
P2: Entry read id: 0
P2: Exit read id: 0 percent: 50
P2: sync starts
P2: sync ends
P2: Entry read id: 2
P2: Exit read id: 2 percent: 49
P2: sync starts
P2: sync ends
P2: Entry read id: 8
P2: Exit read id: 8 percent: 51
P2: sync starts
P2: sync ends
P2: Entry read id: 5
P2: Exit read id: 5 percent: 52
P2: sync starts
P2: sync ends
P2: Entry read id: 2
P2: Exit read id: 2 percent: 49
P2: sync starts
P2: sync ends
P2: Entry read id: 2
P2: Exit read id: 2 percent: 49
P2: sync starts
P2: sync ends
P2: Entry read id: 2
P2: Exit read id: 2 percent: 49
P2: sync starts
P2: sync ends
P2: Entry read id: 4
P2: Exit read id: 4 percent: 49
P2: sync starts
P2: sync ends
P2: Entry read id: 1
P2: Exit read id: 1 percent: 50
P2: sync starts
P2: sync ends
P2: Entry read id: 3
P2: Exit read id: 3 percent: 43
P2: sync starts
P2: sync ends
P2: Entry read id: 7
P2: Exit read id: 7 percent: 53
P2: sync starts
P2: sync ends
P2: Entry read id: 1
P2: Exit read id: 1 percent: 50
P2: sync starts
P2: sync ends
P2: Entry read id: 2
P2: Exit read id: 2 percent: 49
P2: sync starts
P2: sync ends
P2: Entry read id: 6
P2: Exit read id: 6 percent: 47
P2: sync starts
P2: sync ends
P2: Entry read id: 2
P2: Exit read id: 2 percent: 49
P2: sync starts
P2: sync ends
P2: Entry read id: 2
P2: Exit read id: 2 percent: 49
P2: sync starts
P2: sync ends
P2: Entry read id: 8
P2: Exit read id: 8 percent: 51
P2: sync starts
P2: sync ends
P2: Entry read id: 4
P2: Exit read id: 4 percent: 49
P2: sync starts
P2: sync ends
P2: Entry read id: 9
P2: Exit read id: 9 percent: 54
P2: sync starts
P2: sync ends
P2: Entry read id: 8
P2: Exit read id: 8 percent: 51
P2: sync starts
P2: sync ends
P2: Entry read id: 4
P2: Exit read id: 4 percent: 49
P2: sync starts
P2: sync ends
P2: Entry read id: 2
P2: Exit read id: 2 percent: 49
P2: sync starts
P2: sync ends
P2: Entry read id: 8
P2: Exit read id: 8 percent: 51
P2: sync starts
P2: sync ends
P2: Entry read id: 4
P2: Exit read id: 4 percent: 49
P2: sync starts
P2: sync ends
P2: Entry read id: 0
P2: Exit read id: 0 percent: 50
P2: sync starts
P2: sync ends
P2: Entry read id: 6
P2: Exit read id: 6 percent: 47
P2: sync starts
P2: sync ends
P2: Entry read id: 6
P2: Exit read id: 6 percent: 47
P2: sync starts
P2: sync ends
P2: Entry read id: 3
P2: Exit read id: 3 percent: 43
P2: sync starts
P2: sync ends
P2: Entry read id: 9
P2: Exit read id: 9 percent: 54
P2: sync starts
P2: sync ends
P2: Entry read id: 9
P2: Exit read id: 9 percent: 54
P2: sync starts
P2: sync ends
P2: Entry read id: 1
P2: Exit read id: 1 percent: 50
P2: sync starts
P2: sync ends
P2: Entry read id: 2
P2: Exit read id: 2 percent: 49
P2: sync starts
P2: sync ends
P2: Entry read id: 1
P2: Exit read id: 1 percent: 50
P2: sync starts
P2: sync ends
P2: Entry read id: 0
P2: Exit read id: 0 percent: 50
P2: sync starts
P2: sync ends
P2: Entry read id: 4
P2: Exit read id: 4 percent: 49
P2: sync starts
P2: sync ends
P2: Entry read id: 9
P2: Exit read id: 9 percent: 54
P2: sync starts
P2: sync ends
P2: Entry read id: 6
P2: Exit read id: 6 percent: 47
P2: sync starts
P2: sync ends
P2: Entry read id: 0
P2: Exit read id: 0 percent: 50
P2: sync starts
P2: sync ends
P2: Entry read id: 1
P2: Exit read id: 1 percent: 50
P2: sync starts
P2: sync ends
P2: Entry read id: 5
P2: Exit read id: 5 percent: 52
P2: sync starts
P2: sync ends
P2: Entry read id: 9
P2: Exit read id: 9 percent: 54
P2: sync starts
P2: sync ends
P2: Entry read id: 6
P2: Exit read id: 6 percent: 47
P2: sync starts
P2: sync ends
P2: Entry read id: 8
P2: Exit read id: 8 percent: 51
P2: sync starts
P2: sync ends
P2: Entry read id: 7
P2: Exit read id: 7 percent: 53
P2: sync starts
P2: sync ends
P2: Entry read id: 3
P2: Exit read id: 3 percent: 43
P2: sync starts
P2: sync ends
P2: Entry read id: 2
P2: Exit read id: 2 percent: 49
P2: sync starts
P2: sync ends
P2: Entry read id: 2
P2: Exit read id: 2 percent: 49
P2: sync starts
P2: sync ends
P2: Entry read id: 4
P2: Exit read id: 4 percent: 49
P2: sync starts
P2: sync ends
P2: Entry read id: 6
P2: Exit read id: 6 percent: 47
P2: sync starts
P2: sync ends
P2: Entry read id: 0
P2: Exit read id: 0 percent: 50
P2: sync starts
P2: sync ends
P2: Entry read id: 5
P2: Exit read id: 5 percent: 52
P2: sync starts
P2: sync ends
P2: Entry read id: 3
P2: Exit read id: 3 percent: 43
P2: sync starts
P2: sync ends
P2: Entry read id: 3
P2: Exit read id: 3 percent: 43
P2: sync starts
P2: sync ends
P2: Entry read id: 9
P2: Exit read id: 9 percent: 54
P2: sync starts
P2: sync ends
P2: Entry read id: 4
P2: Exit read id: 4 percent: 49
P2: sync starts
P2: sync ends
P2: Entry read id: 2
P2: Exit read id: 2 percent: 49
P2: sync starts
P2: sync ends
P2: Entry read id: 1
P2: Exit read id: 1 percent: 50
P2: sync starts
P2: sync ends
P2: Entry read id: 7
P2: Exit read id: 7 percent: 53
P2: sync starts
P2: sync ends
P2: Entry read id: 2
P2: Exit read id: 2 percent: 49
P2: sync starts
P2: sync ends
P2: Entry read id: 2
