
P3: Entry Read id: 1
P3: Exit Read id: 1 Percent: 0 Clock: 0
P2: Entry Read id: 0
P2: Exit Read id: 0 Percent: 0 Clock: 0
P1: Synch start 1
P1: Entry Write id: 0 Percent: 1
P1: Exit Write id: 0 Percent: 1 Clock: 0
UPdate from Process 1 for id: 0 percent: 1
P1: Synch end 1
P1: Entry Read id: 0
P1: Exit Read id: 0 Percent: 1 Clock: 0
P1: Entry Read id: 0
P1: Exit Read id: 0 Percent: 1 Clock: 0
P1: Synch start 1
P1: Synch end 1
P3: Entry Read id: 1
P3: Exit Read id: 1 Percent: 0 Clock: 0
P3: Synch start 1
P3: Entry Write id: 0 Percent: 1
P3: Exit Write id: 0 Percent: 1 Clock: 0
UPdate from Process 1 for id: 0 percent: 1
P3: Synch end 1
P1: Synch start 2
P1: Entry Write id: 2 Percent: 1
P1: Exit Write id: 2 Percent: 1 Clock: 2
UPdate from Process 1 for id: 2 percent: 1
P1: Synch end 2
P1: Entry Read id: 0
P1: Exit Read id: 0 Percent: 1 Clock: 0
P1: Entry Read id: 6
P1: Exit Read id: 6 Percent: 0 Clock: 0
P1: Synch start 2
P1: Synch end 2
P2: Entry Read id: 5
P2: Exit Read id: 5 Percent: 0 Clock: 0
P2: Synch start 2
P2: Entry Write id: 0 Percent: 1
P2: Exit Write id: 0 Percent: 1 Clock: 0
UPdate from Process 1 for id: 0 percent: 1
P2: Entry Write id: 2 Percent: 1
P2: Exit Write id: 2 Percent: 1 Clock: 2
UPdate from Process 1 for id: 2 percent: 1
P2: Synch end 2
P1: Entry Read id: 1
P1: Exit Read id: 1 Percent: 0 Clock: 0
P1: Entry Read id: 2
P1: Exit Read id: 2 Percent: 1 Clock: 2
P1: Synch start 2
P1: Synch end 2
P3: Entry Read id: 5
P3: Exit Read id: 5 Percent: 0 Clock: 0
P3: Synch start 2
P3: Entry Write id: 2 Percent: 1
P3: Exit Write id: 2 Percent: 1 Clock: 2
UPdate from Process 1 for id: 2 percent: 1
P3: Synch end 2
P1: Entry Read id: 4
P4: Synch start 3
P1: Exit Read id: 4 Percent: 0 Clock: 0
P1: Entry Read id: 0
P1: Exit Read id: 0 Percent: 1 Clock: 0
P4: Entry Write id: 0 Percent: 1
P4: Exit Write id: 0 Percent: 1 Clock: 0
UPdate from Process 1 for id: 0 percent: 1
P4: Entry Write id: 2 Percent: 1
P4: Exit Write id: 2 Percent: 1 Clock: 2
UPdate from Process 1 for id: 2 percent: 1
P4: Entry Write id: 0 Percent: 1
P4: Exit Write id: 0 Percent: 1 Clock: 0
UPdate from Process 4 for id: 0 percent: 1
P4: Synch end 3
P1: Synch start 3
P1: Entry Write id: 0 Percent: 1
P1: Exit Write id: 0 Percent: 1 Clock: 0
UPdate from Process 4 for id: 0 percent: 1
P1: Synch end 3
P1: Synch start 4
P1: Entry Write id: 6 Percent: 1
P1: Exit Write id: 6 Percent: 1 Clock: 6
UPdate from Process 1 for id: 6 percent: 1
P1: Synch end 4
P3: Entry Read id: 6
P3: Exit Read id: 6 Percent: 0 Clock: 0
P3: Synch start 4
P3: Entry Write id: 0 Percent: 1
P3: Exit Write id: 0 Percent: 1 Clock: 0
UPdate from Process 4 for id: 0 percent: 1
P3: Entry Write id: 6 Percent: 1
P3: Exit Write id: 6 Percent: 1 Clock: 6
UPdate from Process 1 for id: 6 percent: 1
P3: Synch end 4
P2: Entry Read id: 6
P2: Exit Read id: 6 Percent: 0 Clock: 0
P1: Synch start 5
P1: Entry Write id: 0 Percent: 2
P1: Exit Write id: 0 Percent: 2 Clock: 7
UPdate from Process 1 for id: 0 percent: 2
P1: Synch end 5
P2: Synch start 5
P2: Entry Write id: 0 Percent: 1
P2: Exit Write id: 0 Percent: 1 Clock: 0
UPdate from Process 4 for id: 0 percent: 1
P2: Entry Write id: 6 Percent: 1
P2: Exit Write id: 6 Percent: 1 Clock: 6
UPdate from Process 1 for id: 6 percent: 1
P2: Entry Write id: 0 Percent: 2
P2: Exit Write id: 0 Percent: 2 Clock: 7
UPdate from Process 1 for id: 0 percent: 2
P2: Synch end 5
P1: Entry Read id: 3
P1: Exit Read id: 3 Percent: 0 Clock: 0
P1: Entry Read id: 3
P1: Exit Read id: 3 Percent: 0 Clock: 0
P1: Synch start 5
P1: Synch end 5
P1: Entry Read id: 5
P1: Exit Read id: 5 Percent: 0 Clock: 0
P1: Entry Read id: 3
P1: Exit Read id: 3 Percent: 0 Clock: 0
P1: Synch start 5
P1: Synch end 5
P3: Entry Read id: 4
P3: Exit Read id: 4 Percent: 0 Clock: 0
P3: Synch start 5
P3: Entry Write id: 0 Percent: 2
P3: Exit Write id: 0 Percent: 2 Clock: 7
UPdate from Process 1 for id: 0 percent: 2
P3: Synch end 5
P4: Entry Read id: 1
P4: Exit Read id: 1 Percent: 0 Clock: 0
P1: Synch start 6
P1: Entry Write id: 3 Percent: 1
P1: Exit Write id: 3 Percent: 1 Clock: 10
UPdate from Process 1 for id: 3 percent: 1
P1: Synch end 6
P4: Synch start 5
P4: Entry Write id: 6 Percent: 1
P4: Exit Write id: 6 Percent: 1 Clock: 6
UPdate from Process 1 for id: 6 percent: 1
P4: Entry Write id: 0 Percent: 2
P4: Exit Write id: 0 Percent: 2 Clock: 7
UPdate from Process 1 for id: 0 percent: 2
P4: Entry Write id: 3 Percent: 1
P4: Exit Write id: 3 Percent: 1 Clock: 10
UPdate from Process 1 for id: 3 percent: 1
P4: Synch end 5
P2: Entry Read id: 3
P2: Exit Read id: 3 Percent: 0 Clock: 0
P2: Synch start 6
P2: Entry Write id: 3 Percent: 1
P2: Exit Write id: 3 Percent: 1 Clock: 10
UPdate from Process 1 for id: 3 percent: 1
P2: Synch end 6
P1: Synch start 7
P1: Entry Write id: 4 Percent: 1
P1: Exit Write id: 4 Percent: 1 Clock: 11
UPdate from Process 1 for id: 4 percent: 1
P1: Synch end 7
P3: Entry Read id: 3
P3: Exit Read id: 3 Percent: 0 Clock: 0
P3: Synch start 7
P3: Entry Write id: 3 Percent: 1
P3: Exit Write id: 3 Percent: 1 Clock: 10
UPdate from Process 1 for id: 3 percent: 1
P3: Entry Write id: 4 Percent: 1
P3: Exit Write id: 4 Percent: 1 Clock: 11
UPdate from Process 1 for id: 4 percent: 1
P3: Entry Write id: 5 Percent: 1
P3: Exit Write id: 5 Percent: 1 Clock: 12
UPdate from Process 1 for id: 5 percent: 1
P3: Synch end 7
P1: Synch start 8
P1: Entry Write id: 5 Percent: 1
P1: Exit Write id: 5 Percent: 1 Clock: 12
UPdate from Process 1 for id: 5 percent: 1
P1: Synch end 8
P1: Synch start 9
P1: Entry Write id: 6 Percent: 2
P1: Exit Write id: 6 Percent: 2 Clock: 13
UPdate from Process 1 for id: 6 percent: 2
P1: Synch end 9
P1: Synch start 10
P1: Entry Write id: 0 Percent: 3
P1: Exit Write id: 0 Percent: 3 Clock: 14
P2: Entry Read id: 6
UPdate from Process 1 for id: 0 percent: 3
P1: Synch end 10
P2: Exit Read id: 6 Percent: 1 Clock: 6
P3: Entry Read id: 3
P3: Exit Read id: 3 Percent: 1 Clock: 10
P2: Synch start 10
P2: Entry Write id: 4 Percent: 1
P2: Exit Write id: 4 Percent: 1 Clock: 11
UPdate from Process 1 for id: 4 percent: 1
P2: Entry Write id: 5 Percent: 1
P2: Exit Write id: 5 Percent: 1 Clock: 12
UPdate from Process 1 for id: 5 percent: 1
P2: Entry Write id: 6 Percent: 2
P2: Exit Write id: 6 Percent: 2 Clock: 13
UPdate from Process 1 for id: 6 percent: 2
P2: Entry Write id: 0 Percent: 3
P2: Exit Write id: 0 Percent: 3 Clock: 14
UPdate from Process 1 for id: 0 percent: 3
P2: Synch end 10
P3: Synch start 10
P3: Entry Write id: 6 Percent: 2
P3: Exit Write id: 6 Percent: 2 Clock: 13
UPdate from Process 1 for id: 6 percent: 2
P3: Entry Write id: 0 Percent: 3
P3: Exit Write id: 0 Percent: 3 Clock: 14
UPdate from Process 1 for id: 0 percent: 3
P3: Synch end 10
P4: Entry Read id: 4
P4: Exit Read id: 4 Percent: 0 Clock: 0
P4: Synch start 10
P4: Entry Write id: 4 Percent: 1
P4: Exit Write id: 4 Percent: 1 Clock: 11
UPdate from Process 1 for id: 4 percent: 1
P4: Entry Write id: 5 Percent: 1
P4: Exit Write id: 5 Percent: 1 Clock: 12
UPdate from Process 1 for id: 5 percent: 1
P4: Entry Write id: 6 Percent: 2
P4: Exit Write id: 6 Percent: 2 Clock: 13
UPdate from Process 1 for id: 6 percent: 2
P4: Entry Write id: 0 Percent: 3
P4: Exit Write id: 0 Percent: 3 Clock: 14
UPdate from Process 1 for id: 0 percent: 3
P4: Synch end 10
P1: Entry Read id: 5
P1: Exit Read id: 5 Percent: 1 Clock: 12
P1: Entry Read id: 6
P1: Exit Read id: 6 Percent: 2 Clock: 13
P1: Synch start 10
P1: Synch end 10
P1: Synch start 11
P1: Entry Write id: 2 Percent: 2
P1: Exit Write id: 2 Percent: 2 Clock: 16
UPdate from Process 1 for id: 2 percent: 2
P1: Synch end 11
P1: Synch start 12
P3: Entry Read id: 2
P1: Entry Write id: 3 Percent: 2
P3: Exit Read id: 2 Percent: 1 Clock: 2
P1: Exit Write id: 3 Percent: 2 Clock: 17
UPdate from Process 1 for id: 3 percent: 2
P1: Synch end 12
P3: Synch start 12
P3: Entry Write id: 2 Percent: 2
P3: Exit Write id: 2 Percent: 2 Clock: 16
UPdate from Process 1 for id: 2 percent: 2
P3: Entry Write id: 3 Percent: 2
P3: Exit Write id: 3 Percent: 2 Clock: 17
UPdate from Process 1 for id: 3 percent: 2
P3: Synch end 12
P2: Entry Read id: 4
P2: Exit Read id: 4 Percent: 1 Clock: 11
P2: Synch start 12
P2: Entry Write id: 2 Percent: 2
P2: Exit Write id: 2 Percent: 2 Clock: 16
UPdate from Process 1 for id: 2 percent: 2
P2: Entry Write id: 3 Percent: 2
P2: Exit Write id: 3 Percent: 2 Clock: 17
UPdate from Process 1 for id: 3 percent: 2
P2: Synch end 12
P1: Synch start 13
P1: Entry Write id: 4 Percent: 2
P1: Exit Write id: 4 Percent: 2 Clock: 18
UPdate from Process 1 for id: 4 percent: 2
P1: Synch end 13
P1: Synch start 14
P1: Entry Write id: 5 Percent: 2
P1: Exit Write id: 5 Percent: 2 Clock: 19
UPdate from Process 1 for id: 5 percent: 2
P1: Synch end 14
P3: Entry Read id: 6
P3: Exit Read id: 6 Percent: 2 Clock: 13
P3: Synch start 14
P3: Entry Write id: 4 Percent: 2
P3: Exit Write id: 4 Percent: 2 Clock: 18
UPdate from Process 1 for id: 4 percent: 2
P3: Entry Write id: 5 Percent: 2
P3: Exit Write id: 5 Percent: 2 Clock: 19
UPdate from Process 1 for id: 5 percent: 2
P3: Synch end 14
P4: Synch start 15
P4: Entry Write id: 2 Percent: 2
P4: Exit Write id: 2 Percent: 2 Clock: 16
UPdate from Process 1 for id: 2 percent: 2
P4: Entry Write id: 3 Percent: 2
P4: Exit Write id: 3 Percent: 2 Clock: 17
UPdate from Process 1 for id: 3 percent: 2
P4: Entry Write id: 4 Percent: 2
P4: Exit Write id: 4 Percent: 2 Clock: 18
UPdate from Process 1 for id: 4 percent: 2
P4: Entry Write id: 5 Percent: 2
P4: Exit Write id: 5 Percent: 2 Clock: 19
UPdate from Process 1 for id: 5 percent: 2
P4: Entry Write id: 3 Percent: -4
P4: Exit Write id: 3 Percent: -4 Clock: 3
UPdate from Process 4 for id: 3 percent: -4
P4: Synch end 15
P1: Synch start 16
P1: Entry Write id: 3 Percent: -4
P1: Exit Write id: 3 Percent: -4 Clock: 3
UPdate from Process 4 for id: 3 percent: -4
P1: Entry Write id: 6 Percent: 3
P1: Exit Write id: 6 Percent: 3 Clock: 20
UPdate from Process 1 for id: 6 percent: 3
P1: Synch end 16
P1: Synch start 17
P1: Entry Write id: 0 Percent: 4
P1: Exit Write id: 0 Percent: 4 Clock: 21
UPdate from Process 1 for id: 0 percent: 4
P1: Synch end 17
P2: Entry Read id: 5
P2: Exit Read id: 5 Percent: 1 Clock: 12
P2: Synch start 17
P2: Entry Write id: 4 Percent: 2
P2: Exit Write id: 4 Percent: 2 Clock: 18
UPdate from Process 1 for id: 4 percent: 2
P2: Entry Write id: 5 Percent: 2
P2: Exit Write id: 5 Percent: 2 Clock: 19
UPdate from Process 1 for id: 5 percent: 2
P2: Entry Write id: 3 Percent: -4
P2: Exit Write id: 3 Percent: -4 Clock: 3
UPdate from Process 4 for id: 3 percent: -4
P2: Entry Write id: 6 Percent: 3
P2: Exit Write id: 6 Percent: 3 Clock: 20
UPdate from Process 1 for id: 6 percent: 3
P2: Entry Write id: 0 Percent: 4
P2: Exit Write id: 0 Percent: 4 Clock: 21
UPdate from Process 1 for id: 0 percent: 4
P2: Synch end 17
P1: Entry Read id: 3
P1: Exit Read id: 3 Percent: -4 Clock: 3
P1: Entry Read id: 6
P1: Exit Read id: 6 Percent: 3 Clock: 20
P1: Synch start 17
P1: Synch end 17
P3: Entry Read id: 6
P3: Exit Read id: 6 Percent: 2 Clock: 13
P3: Synch start 17
P3: Entry Write id: 3 Percent: -4
P3: Exit Write id: 3 Percent: -4 Clock: 3
UPdate from Process 4 for id: 3 percent: -4
P3: Entry Write id: 6 Percent: 3
P3: Exit Write id: 6 Percent: 3 Clock: 20
UPdate from Process 1 for id: 6 percent: 3
P3: Entry Write id: 0 Percent: 4
P3: Exit Write id: 0 Percent: 4 Clock: 21
UPdate from Process 1 for id: 0 percent: 4
P3: Synch end 17
P1: Entry Read id: 4
P1: Exit Read id: 4 Percent: 2 Clock: 18
P1: Entry Read id: 3
P1: Exit Read id: 3 Percent: -4 Clock: 3
P1: Synch start 17
P1: Synch end 17
P1: Entry Read id: 2
P1: Exit Read id: 2 Percent: 2 Clock: 16
P1: Entry Read id: 2
P1: Exit Read id: 2 Percent: 2 Clock: 16
P1: Synch start 17
P1: Synch end 17
P3: Entry Read id: 2
P3: Exit Read id: 2 Percent: 2 Clock: 16
P3: Synch start 18
P3: Entry Write id: 4 Percent: -3
P3: Exit Write id: 4 Percent: -3 Clock: 4
UPdate from Process 4 for id: 4 percent: -3
P3: Synch end 18
P2: Entry Read id: 1
P2: Exit Read id: 1 Percent: 0 Clock: 0
P4: Synch start 18
P4: Entry Write id: 6 Percent: 3
P4: Exit Write id: 6 Percent: 3 Clock: 20
UPdate from Process 1 for id: 6 percent: 3
P4: Entry Write id: 0 Percent: 4
P4: Exit Write id: 0 Percent: 4 Clock: 21
UPdate from Process 1 for id: 0 percent: 4
P4: Entry Write id: 4 Percent: -3
P4: Exit Write id: 4 Percent: -3 Clock: 4
UPdate from Process 4 for id: 4 percent: -3
P4: Synch end 18
P1: Synch start 19
P1: Entry Write id: 4 Percent: -3
P1: Exit Write id: 4 Percent: -3 Clock: 4
UPdate from Process 4 for id: 4 percent: -3
P1: Entry Write id: 4 Percent: 3
P1: Exit Write id: 4 Percent: 3 Clock: 25
UPdate from Process 1 for id: 4 percent: 3
P1: Synch end 19
P2: Synch start 18
P2: Entry Write id: 4 Percent: -3
P2: Exit Write id: 4 Percent: -3 Clock: 4
UPdate from Process 4 for id: 4 percent: -3
P2: Entry Write id: 4 Percent: 3
P2: Exit Write id: 4 Percent: 3 Clock: 25
UPdate from Process 1 for id: 4 percent: 3
P2: Synch end 18
P1: Entry Read id: 6
P1: Exit Read id: 6 Percent: 3 Clock: 20
P1: Entry Read id: 3
P1: Exit Read id: 3 Percent: -4 Clock: 3
P1: Synch start 19
P1: Synch end 19
P1: Entry Read id: 4
P1: Exit Read id: 4 Percent: 3 Clock: 25
P1: Entry Read id: 5
P1: Exit Read id: 5 Percent: 2 Clock: 19
P1: Synch start 19
P1: Synch end 19
P3: Entry Read id: 2
P3: Exit Read id: 2 Percent: 2 Clock: 16
P3: Synch start 19
P3: Entry Write id: 4 Percent: 3
P3: Exit Write id: 4 Percent: 3 Clock: 25
UPdate from Process 1 for id: 4 percent: 3
P3: Synch end 19
P1: Synch start 20
P1: Entry Write id: 0 Percent: 5
P1: Exit Write id: 0 Percent: 5 Clock: 28
UPdate from Process 1 for id: 0 percent: 5
P1: Synch end 20
P2: Entry Read id: 1
P2: Exit Read id: 1 Percent: 0 Clock: 0
P2: Synch start 20
P2: Entry Write id: 0 Percent: 5
P2: Exit Write id: 0 Percent: 5 Clock: 28
UPdate from Process 1 for id: 0 percent: 5
P2: Synch end 20
P1: Entry Read id: 3
P1: Exit Read id: 3 Percent: -4 Clock: 3
P1: Entry Read id: 5
P1: Exit Read id: 5 Percent: 2 Clock: 19
P1: Synch start 20
P1: Synch end 20
P4: Entry Read id: 2
P4: Exit Read id: 2 Percent: 2 Clock: 16
P4: Synch start 20
P4: Entry Write id: 4 Percent: 3
P4: Exit Write id: 4 Percent: 3 Clock: 25
UPdate from Process 1 for id: 4 percent: 3
P4: Entry Write id: 0 Percent: 5
P4: Exit Write id: 0 Percent: 5 Clock: 28
UPdate from Process 1 for id: 0 percent: 5
P4: Synch end 20
P3: Entry Read id: 2
P3: Exit Read id: 2 Percent: 2 Clock: 16
P1: Entry Read id: 0
P1: Exit Read id: 0 Percent: 5 Clock: 28
P1: Entry Read id: 6
P1: Exit Read id: 6 Percent: 3 Clock: 20
P3: Synch start 20
P3: Entry Write id: 0 Percent: 5
P3: Exit Write id: 0 Percent: 5 Clock: 28
UPdate from Process 1 for id: 0 percent: 5
P3: Synch end 20
P1: Synch start 20
P1: Synch end 20
P1: Synch start 21
P1: Entry Write id: 3 Percent: -3
P1: Exit Write id: 3 Percent: -3 Clock: 31
UPdate from Process 1 for id: 3 percent: -3
P1: Synch end 21
P1: Synch start 22
P1: Entry Write id: 4 Percent: 4
P1: Exit Write id: 4 Percent: 4 Clock: 32
UPdate from Process 1 for id: 4 percent: 4
P1: Synch end 22
P2: Entry Read id: 0
P2: Exit Read id: 0 Percent: 5 Clock: 28
P2: Synch start 22
P2: Entry Write id: 3 Percent: -3
P2: Exit Write id: 3 Percent: -3 Clock: 31
UPdate from Process 1 for id: 3 percent: -3
P2: Entry Write id: 4 Percent: 4
P2: Exit Write id: 4 Percent: 4 Clock: 32
UPdate from Process 1 for id: 4 percent: 4
P2: Synch end 22
P3: Entry Read id: 5
P3: Exit Read id: 5 Percent: 2 Clock: 19
P3: Synch start 22
P3: Entry Write id: 3 Percent: -3
P3: Exit Write id: 3 Percent: -3 Clock: 31
UPdate from Process 1 for id: 3 percent: -3
P3: Entry Write id: 4 Percent: 4
P3: Exit Write id: 4 Percent: 4 Clock: 32
UPdate from Process 1 for id: 4 percent: 4
P3: Synch end 22
P1: Entry Read id: 1
P1: Exit Read id: 1 Percent: 0 Clock: 0
P1: Entry Read id: 4
P1: Exit Read id: 4 Percent: 4 Clock: 32
P1: Synch start 22
P1: Synch end 22
P1: Synch start 23
P1: Entry Write id: 6 Percent: 4
P1: Exit Write id: 6 Percent: 4 Clock: 34
UPdate from Process 1 for id: 6 percent: 4
P1: Synch end 23
P4: Synch start 24
P4: Entry Write id: 3 Percent: -3
P4: Exit Write id: 3 Percent: -3 Clock: 31
UPdate from Process 1 for id: 3 percent: -3
P4: Entry Write id: 4 Percent: 4
P4: Exit Write id: 4 Percent: 4 Clock: 32
UPdate from Process 1 for id: 4 percent: 4
P4: Entry Write id: 6 Percent: 4
P4: Exit Write id: 6 Percent: 4 Clock: 34
UPdate from Process 1 for id: 6 percent: 4
P4: Entry Write id: 6 Percent: -2
P4: Exit Write id: 6 Percent: -2 Clock: 6
UPdate from Process 4 for id: 6 percent: -2
P4: Synch end 24
P3: Entry Read id: 2
P3: Exit Read id: 2 Percent: 2 Clock: 16
P1: Synch start 25
P1: Entry Write id: 6 Percent: -2
P1: Exit Write id: 6 Percent: -2 Clock: 6
UPdate from Process 4 for id: 6 percent: -2
P1: Entry Write id: 0 Percent: 6
P1: Exit Write id: 0 Percent: 6 Clock: 35
UPdate from Process 1 for id: 0 percent: 6
P1: Synch end 25
P3: Synch start 25
P3: Entry Write id: 6 Percent: 4
P3: Exit Write id: 6 Percent: 4 Clock: 34
UPdate from Process 1 for id: 6 percent: 4
P3: Entry Write id: 6 Percent: -2
P3: Exit Write id: 6 Percent: -2 Clock: 6
UPdate from Process 4 for id: 6 percent: -2
P3: Entry Write id: 0 Percent: 6
P3: Exit Write id: 0 Percent: 6 Clock: 35
UPdate from Process 1 for id: 0 percent: 6
P3: Synch end 25
P2: Entry Read id: 1
P2: Exit Read id: 1 Percent: 0 Clock: 0
P2: Synch start 25
P2: Entry Write id: 6 Percent: 4
P2: Exit Write id: 6 Percent: 4 Clock: 34
UPdate from Process 1 for id: 6 percent: 4
P2: Entry Write id: 6 Percent: -2
P2: Exit Write id: 6 Percent: -2 Clock: 6
UPdate from Process 4 for id: 6 percent: -2
P2: Entry Write id: 0 Percent: 6
P2: Exit Write id: 0 Percent: 6 Clock: 35
UPdate from Process 1 for id: 0 percent: 6
P2: Synch end 25
P1: Entry Read id: 4
P1: Exit Read id: 4 Percent: 4 Clock: 32
P1: Entry Read id: 2
P1: Exit Read id: 2 Percent: 2 Clock: 16
P1: Synch start 25
P1: Synch end 25
P1: Synch start 26
P1: Entry Write id: 2 Percent: 3
P1: Exit Write id: 2 Percent: 3 Clock: 37
UPdate from Process 1 for id: 2 percent: 3
P1: Synch end 26
P3: Entry Read id: 1
P3: Exit Read id: 1 Percent: 0 Clock: 0
P3: Synch start 26
P3: Entry Write id: 2 Percent: 3
P3: Exit Write id: 2 Percent: 3 Clock: 37
UPdate from Process 1 for id: 2 percent: 3
P3: Synch end 26
P1: Synch start 27
P1: Entry Write id: 3 Percent: -2
P1: Exit Write id: 3 Percent: -2 Clock: 38
UPdate from Process 1 for id: 3 percent: -2
P1: Synch end 27
P1: Entry Read id: 1
P1: Exit Read id: 1 Percent: 0 Clock: 0
P1: Entry Read id: 4
P1: Exit Read id: 4 Percent: 4 Clock: 32
P1: Synch start 27
P1: Synch end 27
P2: Entry Read id: 1
P2: Exit Read id: 1 Percent: 0 Clock: 0
P2: Synch start 27
P2: Entry Write id: 2 Percent: 3
P2: Exit Write id: 2 Percent: 3 Clock: 37
UPdate from Process 1 for id: 2 percent: 3
P2: Entry Write id: 3 Percent: -2
P2: Exit Write id: 3 Percent: -2 Clock: 38
UPdate from Process 1 for id: 3 percent: -2
P2: Synch end 27
P4: Synch start 28
P4: Entry Write id: 0 Percent: 6
P4: Exit Write id: 0 Percent: 6 Clock: 35
UPdate from Process 1 for id: 0 percent: 6
P4: Entry Write id: 2 Percent: 3
P4: Exit Write id: 2 Percent: 3 Clock: 37
UPdate from Process 1 for id: 2 percent: 3
P4: Entry Write id: 3 Percent: -2
P4: Exit Write id: 3 Percent: -2 Clock: 38
UPdate from Process 1 for id: 3 percent: -2
P4: Entry Write id: 0 Percent: 0
P4: Exit Write id: 0 Percent: 0 Clock: 7
UPdate from Process 4 for id: 0 percent: 0
P4: Synch end 28
P1: Entry Read id: 0
P1: Exit Read id: 0 Percent: 6 Clock: 35
P1: Entry Read id: 6
P1: Exit Read id: 6 Percent: -2 Clock: 6
P1: Synch start 28
P1: Entry Write id: 0 Percent: 0
P1: Exit Write id: 0 Percent: 0 Clock: 7
UPdate from Process 4 for id: 0 percent: 0
P1: Synch end 28
P3: Entry Read id: 4
P3: Exit Read id: 4 Percent: 4 Clock: 32
P3: Synch start 28
P3: Entry Write id: 3 Percent: -2
P3: Exit Write id: 3 Percent: -2 Clock: 38
UPdate from Process 1 for id: 3 percent: -2
P3: Entry Write id: 0 Percent: 0
P3: Exit Write id: 0 Percent: 0 Clock: 7
UPdate from Process 4 for id: 0 percent: 0
P3: Synch end 28
P1: Synch start 29
P1: Entry Write id: 6 Percent: -1
P1: Exit Write id: 6 Percent: -1 Clock: 41
UPdate from Process 1 for id: 6 percent: -1
P1: Synch end 29
P1: Synch start 30
P1: Entry Write id: 0 Percent: 1
P1: Exit Write id: 0 Percent: 1 Clock: 42
UPdate from Process 1 for id: 0 percent: 1
P1: Synch end 30
P2: Entry Read id: 1
P2: Exit Read id: 1 Percent: 0 Clock: 0
P3: Entry Read id: 2
P3: Exit Read id: 2 Percent: 3 Clock: 37
P3: Synch start 30
P2: Synch start 30
P1: Entry Read id: 3
P3: Entry Write id: 6 Percent: -1
P3: Exit Write id: 6 Percent: -1 Clock: 41
P2: Entry Write id: 0 Percent: 0
P1: Exit Read id: 3 Percent: -2 Clock: 38
UPdate from Process 1 for id: 6 percent: -1
P1: Entry Read id: 1
P2: Exit Write id: 0 Percent: 0 Clock: 7
UPdate from Process 4 for id: 0 percent: 0
P1: Exit Read id: 1 Percent: 0 Clock: 0
P3: Entry Write id: 0 Percent: 1
P3: Exit Write id: 0 Percent: 1 Clock: 42
UPdate from Process 1 for id: 0 percent: 1
P3: Synch end 30
P2: Entry Write id: 6 Percent: -1
P2: Exit Write id: 6 Percent: -1 Clock: 41
UPdate from Process 1 for id: 6 percent: -1
P2: Entry Write id: 0 Percent: 1
P2: Exit Write id: 0 Percent: 1 Clock: 42
UPdate from Process 1 for id: 0 percent: 1
P2: Synch end 30
P1: Synch start 30
P1: Synch end 30
P1: Synch start 31
P1: Entry Write id: 2 Percent: 4
P1: Exit Write id: 2 Percent: 4 Clock: 44
UPdate from Process 1 for id: 2 percent: 4
P1: Synch end 31
P4: Entry Read id: 1
P4: Exit Read id: 1 Percent: 0 Clock: 0
P4: Synch start 31
P4: Entry Write id: 6 Percent: -1
P4: Exit Write id: 6 Percent: -1 Clock: 41
UPdate from Process 1 for id: 6 percent: -1
P4: Entry Write id: 0 Percent: 1
P4: Exit Write id: 0 Percent: 1 Clock: 42
UPdate from Process 1 for id: 0 percent: 1
P4: Entry Write id: 2 Percent: 4
P4: Exit Write id: 2 Percent: 4 Clock: 44
UPdate from Process 1 for id: 2 percent: 4
P4: Synch end 31
P1: Synch start 32
P1: Entry Write id: 3 Percent: -1
P1: Exit Write id: 3 Percent: -1 Clock: 45
UPdate from Process 1 for id: 3 percent: -1
P1: Synch end 32
P3: Entry Read id: 5
P3: Exit Read id: 5 Percent: 2 Clock: 19
P3: Synch start 32
P3: Entry Write id: 2 Percent: 4
P3: Exit Write id: 2 Percent: 4 Clock: 44
UPdate from Process 1 for id: 2 percent: 4
P3: Entry Write id: 3 Percent: -1
P3: Exit Write id: 3 Percent: -1 Clock: 45
UPdate from Process 1 for id: 3 percent: -1
P3: Synch end 32
P1: Synch start 33
P1: Entry Write id: 4 Percent: 5
P1: Exit Write id: 4 Percent: 5 Clock: 46
UPdate from Process 1 for id: 4 percent: 5
P1: Synch end 33
P2: Entry Read id: 4
P2: Exit Read id: 4 Percent: 4 Clock: 32
P2: Synch start 33
P2: Entry Write id: 2 Percent: 4
P2: Exit Write id: 2 Percent: 4 Clock: 44
UPdate from Process 1 for id: 2 percent: 4
P2: Entry Write id: 3 Percent: -1
P2: Exit Write id: 3 Percent: -1 Clock: 45
UPdate from Process 1 for id: 3 percent: -1
P2: Entry Write id: 4 Percent: 5
P2: Exit Write id: 4 Percent: 5 Clock: 46
UPdate from Process 1 for id: 4 percent: 5
P2: Synch end 33
P1: Synch start 34
P1: Entry Write id: 5 Percent: 3
P1: Exit Write id: 5 Percent: 3 Clock: 47
UPdate from Process 1 for id: 5 percent: 3
P1: Synch end 34
P3: Entry Read id: 6
P3: Exit Read id: 6 Percent: -1 Clock: 41
P1: Synch start 35
P1: Entry Write id: 6 Percent: 0
P1: Exit Write id: 6 Percent: 0 Clock: 48
UPdate from Process 1 for id: 6 percent: 0
P1: Synch end 35
P3: Synch start 35
P3: Entry Write id: 4 Percent: 5
P3: Exit Write id: 4 Percent: 5 Clock: 46
UPdate from Process 1 for id: 4 percent: 5
P3: Entry Write id: 5 Percent: 3
P3: Exit Write id: 5 Percent: 3 Clock: 47
UPdate from Process 1 for id: 5 percent: 3
P3: Entry Write id: 6 Percent: 0
P3: Exit Write id: 6 Percent: 0 Clock: 48
UPdate from Process 1 for id: 6 percent: 0
P3: Synch end 35
P1: Synch start 36
P1: Entry Write id: 0 Percent: 2
P1: Exit Write id: 0 Percent: 2 Clock: 49
UPdate from Process 1 for id: 0 percent: 2
P1: Synch end 36
P4: Synch start 37
P4: Entry Write id: 3 Percent: -1
P4: Exit Write id: 3 Percent: -1 Clock: 45
UPdate from Process 1 for id: 3 percent: -1
P4: Entry Write id: 4 Percent: 5
P4: Exit Write id: 4 Percent: 5 Clock: 46
UPdate from Process 1 for id: 4 percent: 5
P4: Entry Write id: 5 Percent: 3
P4: Exit Write id: 5 Percent: 3 Clock: 47
UPdate from Process 1 for id: 5 percent: 3
P4: Entry Write id: 6 Percent: 0
P4: Exit Write id: 6 Percent: 0 Clock: 48
UPdate from Process 1 for id: 6 percent: 0
P4: Entry Write id: 0 Percent: 2
P4: Exit Write id: 0 Percent: 2 Clock: 49
UPdate from Process 1 for id: 0 percent: 2
P4: Entry Write id: 2 Percent: -1
P4: Exit Write id: 2 Percent: -1 Clock: 9
UPdate from Process 4 for id: 2 percent: -1
P4: Synch end 37
P2: Entry Read id: 4
P2: Exit Read id: 4 Percent: 5 Clock: 46
P1: Synch start 38
P1: Entry Write id: 2 Percent: -1
P1: Exit Write id: 2 Percent: -1 Clock: 9
UPdate from Process 4 for id: 2 percent: -1
P1: Entry Write id: 1 Percent: 1
P1: Exit Write id: 1 Percent: 1 Clock: 50
UPdate from Process 1 for id: 1 percent: 1
P1: Synch end 38
P2: Synch start 37
P2: Entry Write id: 5 Percent: 3
P2: Exit Write id: 5 Percent: 3 Clock: 47
UPdate from Process 1 for id: 5 percent: 3
P2: Entry Write id: 6 Percent: 0
P2: Exit Write id: 6 Percent: 0 Clock: 48
UPdate from Process 1 for id: 6 percent: 0
P2: Entry Write id: 0 Percent: 2
P2: Exit Write id: 0 Percent: 2 Clock: 49
UPdate from Process 1 for id: 0 percent: 2
P2: Entry Write id: 2 Percent: -1
P2: Exit Write id: 2 Percent: -1 Clock: 9
UPdate from Process 4 for id: 2 percent: -1
P2: Entry Write id: 1 Percent: 1
P2: Exit Write id: 1 Percent: 1 Clock: 50
UPdate from Process 1 for id: 1 percent: 1
P2: Synch end 37
P3: Entry Read id: 1
P3: Exit Read id: 1 Percent: 0 Clock: 0
P3: Synch start 38
P3: Entry Write id: 0 Percent: 2
P3: Exit Write id: 0 Percent: 2 Clock: 49
UPdate from Process 1 for id: 0 percent: 2
P3: Entry Write id: 2 Percent: -1
P3: Exit Write id: 2 Percent: -1 Clock: 9
UPdate from Process 4 for id: 2 percent: -1
P3: Entry Write id: 1 Percent: 1
P3: Exit Write id: 1 Percent: 1 Clock: 50
UPdate from Process 1 for id: 1 percent: 1
P3: Synch end 38
P1: Entry Read id: 1
P1: Exit Read id: 1 Percent: 1 Clock: 50
P1: Entry Read id: 6
P1: Exit Read id: 6 Percent: 0 Clock: 48
P1: Synch start 38
P1: Synch end 38
P1: Synch start 39
P1: Entry Write id: 3 Percent: 0
P1: Exit Write id: 3 Percent: 0 Clock: 52
UPdate from Process 1 for id: 3 percent: 0
P1: Synch end 39
P1: Synch start 40
P1: Entry Write id: 4 Percent: 6
P1: Exit Write id: 4 Percent: 6 Clock: 53
UPdate from Process 1 for id: 4 percent: 6
P1: Synch end 40
P3: Entry Read id: 2
P3: Exit Read id: 2 Percent: -1 Clock: 9
P2: Entry Read id: 2
P2: Exit Read id: 2 Percent: -1 Clock: 9
P3: Synch start 40
P3: Entry Write id: 3 Percent: 0
P3: Exit Write id: 3 Percent: 0 Clock: 52
UPdate from Process 1 for id: 3 percent: 0
P3: Entry Write id: 4 Percent: 6
P3: Exit Write id: 4 Percent: 6 Clock: 53
UPdate from Process 1 for id: 4 percent: 6
P3: Synch end 40
P2: Synch start 40
P2: Entry Write id: 3 Percent: 0
P2: Exit Write id: 3 Percent: 0 Clock: 52
UPdate from Process 1 for id: 3 percent: 0
P2: Entry Write id: 4 Percent: 6
P2: Exit Write id: 4 Percent: 6 Clock: 53
UPdate from Process 1 for id: 4 percent: 6
P2: Synch end 40
P1: Synch start 41
P1: Entry Write id: 5 Percent: 4
P1: Exit Write id: 5 Percent: 4 Clock: 54
UPdate from Process 1 for id: 5 percent: 4
P1: Synch end 41
P4: Synch start 42
P4: Entry Write id: 1 Percent: 1
P4: Exit Write id: 1 Percent: 1 Clock: 50
UPdate from Process 1 for id: 1 percent: 1
P4: Entry Write id: 3 Percent: 0
P4: Exit Write id: 3 Percent: 0 Clock: 52
UPdate from Process 1 for id: 3 percent: 0
P4: Entry Write id: 4 Percent: 6
P4: Exit Write id: 4 Percent: 6 Clock: 53
UPdate from Process 1 for id: 4 percent: 6
P4: Entry Write id: 5 Percent: 4
P4: Exit Write id: 5 Percent: 4 Clock: 54
UPdate from Process 1 for id: 5 percent: 4
P4: Entry Write id: 3 Percent: -6
P4: Exit Write id: 3 Percent: -6 Clock: 10
UPdate from Process 4 for id: 3 percent: -6
P4: Synch end 42
P1: Synch start 43
P1: Entry Write id: 3 Percent: -6
P1: Exit Write id: 3 Percent: -6 Clock: 10
UPdate from Process 4 for id: 3 percent: -6
P1: Entry Write id: 6 Percent: 1
P1: Exit Write id: 6 Percent: 1 Clock: 55
UPdate from Process 1 for id: 6 percent: 1
P1: Synch end 43
P3: Entry Read id: 0
P3: Exit Read id: 0 Percent: 2 Clock: 49
P1: Entry Read id: 3
P1: Exit Read id: 3 Percent: -6 Clock: 10
P1: Entry Read id: 4
P1: Exit Read id: 4 Percent: 6 Clock: 53
P3: Synch start 43
P3: Entry Write id: 5 Percent: 4
P3: Exit Write id: 5 Percent: 4 Clock: 54
UPdate from Process 1 for id: 5 percent: 4
P3: Entry Write id: 3 Percent: -6
P3: Exit Write id: 3 Percent: -6 Clock: 10
UPdate from Process 4 for id: 3 percent: -6
P3: Entry Write id: 6 Percent: 1
P3: Exit Write id: 6 Percent: 1 Clock: 55
UPdate from Process 1 for id: 6 percent: 1
P3: Synch end 43
P1: Synch start 43
P1: Synch end 43
P1: Entry Read id: 3
P1: Exit Read id: 3 Percent: -6 Clock: 10
P1: Entry Read id: 2
P1: Exit Read id: 2 Percent: -1 Clock: 9
P2: Entry Read id: 3
P2: Exit Read id: 3 Percent: 0 Clock: 52
P1: Synch start 43
P1: Synch end 43
P2: Synch start 43
P2: Entry Write id: 5 Percent: 4
P2: Exit Write id: 5 Percent: 4 Clock: 54
UPdate from Process 1 for id: 5 percent: 4
P2: Entry Write id: 3 Percent: -6
P2: Exit Write id: 3 Percent: -6 Clock: 10
UPdate from Process 4 for id: 3 percent: -6
P2: Entry Write id: 6 Percent: 1
P2: Exit Write id: 6 Percent: 1 Clock: 55
UPdate from Process 1 for id: 6 percent: 1
P2: Synch end 43
P1: Entry Read id: 2
P1: Exit Read id: 2 Percent: -1 Clock: 9
P1: Entry Read id: 6
P1: Exit Read id: 6 Percent: 1 Clock: 55
P1: Synch start 43
P1: Synch end 43
P3: Entry Read id: 1
P3: Exit Read id: 1 Percent: 1 Clock: 50
P3: Synch start 43
P3: Synch end 43
P1: Entry Read id: 0
P1: Exit Read id: 0 Percent: 2 Clock: 49
P1: Entry Read id: 4
P1: Exit Read id: 4 Percent: 6 Clock: 53
P1: Synch start 43
P1: Synch end 43
P4: Synch start 44
P4: Entry Write id: 6 Percent: 1
P4: Exit Write id: 6 Percent: 1 Clock: 55
UPdate from Process 1 for id: 6 percent: 1
P4: Entry Write id: 4 Percent: 1
P4: Exit Write id: 4 Percent: 1 Clock: 11
UPdate from Process 4 for id: 4 percent: 1
P4: Synch end 44
P1: Entry Read id: 6
P1: Exit Read id: 6 Percent: 1 Clock: 55
P1: Entry Read id: 0
P1: Exit Read id: 0 Percent: 2 Clock: 49
P1: Synch start 44
P1: Entry Write id: 4 Percent: 1
P1: Exit Write id: 4 Percent: 1 Clock: 11
UPdate from Process 4 for id: 4 percent: 1
P1: Synch end 44
P2: Entry Read id: 4
P2: Exit Read id: 4 Percent: 6 Clock: 53
P2: Synch start 44
P2: Entry Write id: 4 Percent: 1
P2: Exit Write id: 4 Percent: 1 Clock: 11
UPdate from Process 4 for id: 4 percent: 1
P2: Synch end 44
P3: Entry Read id: 5
P3: Exit Read id: 5 Percent: 4 Clock: 54
P1: Synch start 45
P1: Entry Write id: 5 Percent: 5
P1: Exit Write id: 5 Percent: 5 Clock: 61
UPdate from Process 1 for id: 5 percent: 5
P1: Synch end 45
P3: Synch start 45
P3: Entry Write id: 4 Percent: 1
P3: Exit Write id: 4 Percent: 1 Clock: 11
UPdate from Process 4 for id: 4 percent: 1
P3: Entry Write id: 5 Percent: 5
P3: Exit Write id: 5 Percent: 5 Clock: 61
UPdate from Process 1 for id: 5 percent: 5
P3: Synch end 45
P1: Synch start 46
P1: Entry Write id: 6 Percent: 2
P1: Exit Write id: 6 Percent: 2 Clock: 62
UPdate from Process 1 for id: 6 percent: 2
P1: Synch end 46
P1: Entry Read id: 1
P1: Exit Read id: 1 Percent: 1 Clock: 50
P1: Entry Read id: 2
P1: Exit Read id: 2 Percent: -1 Clock: 9
P1: Synch start 46
P1: Synch end 46
P3: Entry Read id: 1
P3: Exit Read id: 1 Percent: 1 Clock: 50
P3: Synch start 46
P3: Entry Write id: 6 Percent: 2
P3: Exit Write id: 6 Percent: 2 Clock: 62
UPdate from Process 1 for id: 6 percent: 2
P3: Synch end 46
P1: Entry Read id: 3
P1: Exit Read id: 3 Percent: -6 Clock: 10
P1: Entry Read id: 6
P1: Exit Read id: 6 Percent: 2 Clock: 62
P1: Synch start 46
P1: Synch end 46
P2: Entry Read id: 4
P2: Exit Read id: 4 Percent: 1 Clock: 11
P2: Synch start 46
P4: Entry Read id: 6
P2: Entry Write id: 5 Percent: 5
P2: Exit Write id: 5 Percent: 5 Clock: 61
UPdate from Process 1 for id: 5 percent: 5
P4: Exit Read id: 6 Percent: 1 Clock: 55
P2: Entry Write id: 6 Percent: 2
P2: Exit Write id: 6 Percent: 2 Clock: 62
UPdate from Process 1 for id: 6 percent: 2
P2: Synch end 46
P4: Synch start 46
P4: Entry Write id: 5 Percent: 5
P4: Exit Write id: 5 Percent: 5 Clock: 61
UPdate from Process 1 for id: 5 percent: 5
P4: Entry Write id: 6 Percent: 2
P4: Exit Write id: 6 Percent: 2 Clock: 62
UPdate from Process 1 for id: 6 percent: 2
P4: Synch end 46
P1: Entry Read id: 0
P1: Exit Read id: 0 Percent: 2 Clock: 49
P1: Entry Read id: 2
P1: Exit Read id: 2 Percent: -1 Clock: 9
P1: Synch start 46
P1: Synch end 46
P1: Entry Read id: 2
P1: Exit Read id: 2 Percent: -1 Clock: 9
P1: Entry Read id: 0
P1: Exit Read id: 0 Percent: 2 Clock: 49
P3: Entry Read id: 0
P3: Exit Read id: 0 Percent: 2 Clock: 49
P1: Synch start 46
P1: Synch end 46
P3: Synch start 46
P3: Synch end 46
P1: Synch start 47
P1: Entry Write id: 4 Percent: 2
P1: Exit Write id: 4 Percent: 2 Clock: 67
UPdate from Process 1 for id: 4 percent: 2
P1: Synch end 47
P2: Entry Read id: 3
P2: Exit Read id: 3 Percent: -6 Clock: 10
P1: Entry Read id: 1
P1: Exit Read id: 1 Percent: 1 Clock: 50
P1: Entry Read id: 0
P1: Exit Read id: 0 Percent: 2 Clock: 49
P1: Synch start 47
P1: Synch end 47
P2: Synch start 47
P2: Entry Write id: 4 Percent: 2
P2: Exit Write id: 4 Percent: 2 Clock: 67
UPdate from Process 1 for id: 4 percent: 2
P2: Synch end 47
P3: Entry Read id: 3
P3: Exit Read id: 3 Percent: -6 Clock: 10
P1: Synch start 48
P1: Entry Write id: 6 Percent: 3
P1: Exit Write id: 6 Percent: 3 Clock: 69
UPdate from Process 1 for id: 6 percent: 3
P1: Synch end 48
P3: Synch start 47
P3: Entry Write id: 4 Percent: 2
P3: Exit Write id: 4 Percent: 2 Clock: 67
UPdate from Process 1 for id: 4 percent: 2
P3: Entry Write id: 6 Percent: 3
P3: Exit Write id: 6 Percent: 3 Clock: 69
UPdate from Process 1 for id: 6 percent: 3
P3: Synch end 47
P4: Synch start 49
P4: Entry Write id: 4 Percent: 2
P4: Exit Write id: 4 Percent: 2 Clock: 67
UPdate from Process 1 for id: 4 percent: 2
P4: Entry Write id: 6 Percent: 3
P4: Exit Write id: 6 Percent: 3 Clock: 69
UPdate from Process 1 for id: 6 percent: 3
P4: Entry Write id: 6 Percent: -3
P4: Exit Write id: 6 Percent: -3 Clock: 13
UPdate from Process 4 for id: 6 percent: -3
P4: Synch end 49
P1: Synch start 50
P1: Entry Write id: 6 Percent: -3
P1: Exit Write id: 6 Percent: -3 Clock: 13
UPdate from Process 4 for id: 6 percent: -3
P1: Entry Write id: 0 Percent: 3
P1: Exit Write id: 0 Percent: 3 Clock: 70
UPdate from Process 1 for id: 0 percent: 3
P1: Synch end 50
P1: Entry Read id: 0
P1: Exit Read id: 0 Percent: 3 Clock: 70
P1: Entry Read id: 3
P1: Exit Read id: 3 Percent: -6 Clock: 10
P1: Synch start 50
P1: Synch end 50
P3: Entry Read id: 1
P3: Exit Read id: 1 Percent: 1 Clock: 50
P2: Entry Read id: 4
P2: Exit Read id: 4 Percent: 2 Clock: 67
P3: Synch start 50
P2: Synch start 50
P3: Entry Write id: 6 Percent: -3
P3: Exit Write id: 6 Percent: -3 Clock: 13
UPdate from Process 4 for id: 6 percent: -3
P2: Entry Write id: 6 Percent: 3
P2: Exit Write id: 6 Percent: 3 Clock: 69
UPdate from Process 1 for id: 6 percent: 3
P3: Entry Write id: 0 Percent: 3
P3: Exit Write id: 0 Percent: 3 Clock: 70
UPdate from Process 1 for id: 0 percent: 3
P3: Synch end 50
P2: Entry Write id: 6 Percent: -3
P2: Exit Write id: 6 Percent: -3 Clock: 13
UPdate from Process 4 for id: 6 percent: -3
P2: Entry Write id: 0 Percent: 3
P2: Exit Write id: 0 Percent: 3 Clock: 70
UPdate from Process 1 for id: 0 percent: 3
P2: Synch end 50
P1: Entry Read id: 3
P1: Exit Read id: 3 Percent: -6 Clock: 10
P1: Entry Read id: 0
P1: Exit Read id: 0 Percent: 3 Clock: 70
P1: Synch start 50
P1: Synch end 50
P1: Synch start 51
P1: Entry Write id: 3 Percent: -5
P1: Exit Write id: 3 Percent: -5 Clock: 73
UPdate from Process 1 for id: 3 percent: -5
P1: Synch end 51
P3: Entry Read id: 4
P3: Exit Read id: 4 Percent: 2 Clock: 67
P1: Entry Read id: 6
P1: Exit Read id: 6 Percent: -3 Clock: 13
P1: Entry Read id: 1
P1: Exit Read id: 1 Percent: 1 Clock: 50
P3: Synch start 51
P3: Entry Write id: 3 Percent: -5
P3: Exit Write id: 3 Percent: -5 Clock: 73
UPdate from Process 1 for id: 3 percent: -5
P3: Synch end 51
P1: Synch start 51
P1: Synch end 51
P4: Synch start 52
P4: Entry Write id: 0 Percent: 3
P4: Exit Write id: 0 Percent: 3 Clock: 70
UPdate from Process 1 for id: 0 percent: 3
P4: Entry Write id: 3 Percent: -5
P4: Exit Write id: 3 Percent: -5 Clock: 73
UPdate from Process 1 for id: 3 percent: -5
P4: Entry Write id: 0 Percent: -3
P4: Exit Write id: 0 Percent: -3 Clock: 14
UPdate from Process 4 for id: 0 percent: -3
P4: Synch end 52
P2: Entry Read id: 2
P2: Exit Read id: 2 Percent: -1 Clock: 9
P1: Synch start 53
P1: Entry Write id: 0 Percent: -3
P1: Exit Write id: 0 Percent: -3 Clock: 14
UPdate from Process 4 for id: 0 percent: -3
P1: Entry Write id: 5 Percent: 6
P1: Exit Write id: 5 Percent: 6 Clock: 75
UPdate from Process 1 for id: 5 percent: 6
P1: Synch end 53
P2: Synch start 53
P2: Entry Write id: 3 Percent: -5
P2: Exit Write id: 3 Percent: -5 Clock: 73
UPdate from Process 1 for id: 3 percent: -5
P2: Entry Write id: 0 Percent: -3
P2: Exit Write id: 0 Percent: -3 Clock: 14
UPdate from Process 4 for id: 0 percent: -3
P2: Entry Write id: 5 Percent: 6
P2: Exit Write id: 5 Percent: 6 Clock: 75
UPdate from Process 1 for id: 5 percent: 6
P2: Synch end 53
P1: Synch start 54
P1: Entry Write id: 6 Percent: -2
P1: Exit Write id: 6 Percent: -2 Clock: 76
UPdate from Process 1 for id: 6 percent: -2
P1: Synch end 54
P3: Entry Read id: 1
P3: Exit Read id: 1 Percent: 1 Clock: 50
P3: Synch start 54
P3: Entry Write id: 0 Percent: -3
P3: Exit Write id: 0 Percent: -3 Clock: 14
UPdate from Process 4 for id: 0 percent: -3
P3: Entry Write id: 5 Percent: 6
P3: Exit Write id: 5 Percent: 6 Clock: 75
UPdate from Process 1 for id: 5 percent: 6
P3: Entry Write id: 6 Percent: -2
P3: Exit Write id: 6 Percent: -2 Clock: 76
UPdate from Process 1 for id: 6 percent: -2
P3: Synch end 54
P1: Entry Read id: 2
P1: Exit Read id: 2 Percent: -1 Clock: 9
P1: Entry Read id: 2
P1: Exit Read id: 2 Percent: -1 Clock: 9
P1: Synch start 54
P1: Synch end 54
P1: Entry Read id: 4
P1: Exit Read id: 4 Percent: 2 Clock: 67
P1: Entry Read id: 0
P1: Exit Read id: 0 Percent: -3 Clock: 14
P1: Synch start 54
P1: Synch end 54
P2: Entry Read id: 4
P2: Exit Read id: 4 Percent: 2 Clock: 67
P2: Synch start 54
P2: Entry Write id: 6 Percent: -2
P2: Exit Write id: 6 Percent: -2 Clock: 76
UPdate from Process 1 for id: 6 percent: -2
P2: Synch end 54
P1: Entry Read id: 4
P1: Exit Read id: 4 Percent: 2 Clock: 67
P1: Entry Read id: 2
P1: Exit Read id: 2 Percent: -1 Clock: 9
P1: Synch start 54
P1: Synch end 54
P3: Entry Read id: 5
P3: Exit Read id: 5 Percent: 6 Clock: 75
P3: Synch start 54
P3: Entry Write id: 1 Percent: -4
P3: Exit Write id: 1 Percent: -4 Clock: 15
UPdate from Process 4 for id: 1 percent: -4
P3: Synch end 54
P4: Synch start 55
P4: Entry Write id: 5 Percent: 6
P4: Exit Write id: 5 Percent: 6 Clock: 75
UPdate from Process 1 for id: 5 percent: 6
P4: Entry Write id: 6 Percent: -2
P4: Exit Write id: 6 Percent: -2 Clock: 76
UPdate from Process 1 for id: 6 percent: -2
P4: Entry Write id: 1 Percent: -4
P4: Exit Write id: 1 Percent: -4 Clock: 15
UPdate from Process 4 for id: 1 percent: -4
P4: Synch end 55
P1: Entry Read id: 5
P1: Exit Read id: 5 Percent: 6 Clock: 75
P1: Entry Read id: 0
P1: Exit Read id: 0 Percent: -3 Clock: 14
P1: Synch start 55
P1: Entry Write id: 1 Percent: -4
P1: Exit Write id: 1 Percent: -4 Clock: 15
UPdate from Process 4 for id: 1 percent: -4
P1: Synch end 55
P1: Synch start 56
P1: Entry Write id: 4 Percent: 3
P1: Exit Write id: 4 Percent: 3 Clock: 81
UPdate from Process 1 for id: 4 percent: 3
P1: Synch end 56
P3: Entry Read id: 4
P3: Exit Read id: 4 Percent: 2 Clock: 67
P1: Entry Read id: 3
P1: Exit Read id: 3 Percent: -5 Clock: 73
P1: Entry Read id: 3
P1: Exit Read id: 3 Percent: -5 Clock: 73
P3: Synch start 56
P3: Entry Write id: 4 Percent: 3
P3: Exit Write id: 4 Percent: 3 Clock: 81
UPdate from Process 1 for id: 4 percent: 3
P3: Synch end 56
P1: Synch start 56
P1: Synch end 56
P2: Entry Read id: 1
P2: Exit Read id: 1 Percent: 1 Clock: 50
P2: Synch start 56
P2: Entry Write id: 1 Percent: -4
P2: Exit Write id: 1 Percent: -4 Clock: 15
UPdate from Process 4 for id: 1 percent: -4
P2: Entry Write id: 4 Percent: 3
P2: Exit Write id: 4 Percent: 3 Clock: 81
UPdate from Process 1 for id: 4 percent: 3
P2: Synch end 56
P1: Entry Read id: 6
P1: Exit Read id: 6 Percent: -2 Clock: 76
P1: Entry Read id: 5
P1: Exit Read id: 5 Percent: 6 Clock: 75
P1: Synch start 56
P1: Synch end 56
P1: Entry Read id: 1
P1: Exit Read id: 1 Percent: -4 Clock: 15
P1: Entry Read id: 6
P1: Exit Read id: 6 Percent: -2 Clock: 76
P1: Synch start 56
P1: Synch end 56
P4: Entry Read id: 2
P3: Entry Read id: 2
P4: Exit Read id: 2 Percent: -1 Clock: 9
P3: Exit Read id: 2 Percent: -1 Clock: 9
P4: Synch start 56
P4: Entry Write id: 4 Percent: 3
P4: Exit Write id: 4 Percent: 3 Clock: 81
UPdate from Process 1 for id: 4 percent: 3
P4: Synch end 56
P3: Synch start 56
P3: Synch end 56
P1: Synch start 57
P1: Entry Write id: 1 Percent: -3
P1: Exit Write id: 1 Percent: -3 Clock: 85
UPdate from Process 1 for id: 1 percent: -3
P1: Synch end 57
P2: Entry Read id: 5
P2: Exit Read id: 5 Percent: 6 Clock: 75
P1: Entry Read id: 6
P1: Exit Read id: 6 Percent: -2 Clock: 76
P1: Entry Read id: 2
P1: Exit Read id: 2 Percent: -1 Clock: 9
P2: Synch start 57
P2: Entry Write id: 1 Percent: -3
P2: Exit Write id: 1 Percent: -3 Clock: 85
UPdate from Process 1 for id: 1 percent: -3
P2: Synch end 57
P1: Synch start 57
P1: Synch end 57
P3: Entry Read id: 2
P3: Exit Read id: 2 Percent: -1 Clock: 9
P1: Entry Read id: 0
P1: Exit Read id: 0 Percent: -3 Clock: 14
P1: Entry Read id: 3
P1: Exit Read id: 3 Percent: -5 Clock: 73
P3: Synch start 57
P3: Entry Write id: 1 Percent: -3
P3: Exit Write id: 1 Percent: -3 Clock: 85
UPdate from Process 1 for id: 1 percent: -3
P3: Synch end 57
P1: Synch start 57
P1: Synch end 57
P1: Entry Read id: 0
P1: Exit Read id: 0 Percent: -3 Clock: 14
P1: Entry Read id: 4
P1: Exit Read id: 4 Percent: 3 Clock: 81
P1: Synch start 57
P1: Synch end 57
P1: Entry Read id: 5
P1: Exit Read id: 5 Percent: 6 Clock: 75
P1: Entry Read id: 1
P1: Exit Read id: 1 Percent: -3 Clock: 85
P1: Synch start 57
P1: Synch end 57
P4: Entry Read id: 4
P4: Exit Read id: 4 Percent: 3 Clock: 81
P4: Synch start 57
P2: Entry Read id: 5
P4: Entry Write id: 1 Percent: -3
P4: Exit Write id: 1 Percent: -3 Clock: 85
UPdate from Process 1 for id: 1 percent: -3
P4: Synch end 57
P2: Exit Read id: 5 Percent: 6 Clock: 75
P3: Entry Read id: 4
P3: Exit Read id: 4 Percent: 3 Clock: 81
P2: Synch start 57
P2: Synch end 57
P3: Synch start 57
P3: Synch end 57
P1: Synch start 58
P1: Entry Write id: 6 Percent: -1
P1: Exit Write id: 6 Percent: -1 Clock: 90
UPdate from Process 1 for id: 6 percent: -1
P1: Synch end 58
P1: Synch start 59
P1: Entry Write id: 0 Percent: -2
P1: Exit Write id: 0 Percent: -2 Clock: 91
UPdate from Process 1 for id: 0 percent: -2
P1: Synch end 59
P1: Synch start 60
P1: Entry Write id: 1 Percent: -2
P1: Exit Write id: 1 Percent: -2 Clock: 92
UPdate from Process 1 for id: 1 percent: -2
P1: Synch end 60
P3: Entry Read id: 4
P3: Exit Read id: 4 Percent: 3 Clock: 81
P3: Synch start 60
P3: Entry Write id: 6 Percent: -1
P3: Exit Write id: 6 Percent: -1 Clock: 90
UPdate from Process 1 for id: 6 percent: -1
P3: Entry Write id: 0 Percent: -2
P3: Exit Write id: 0 Percent: -2 Clock: 91
UPdate from Process 1 for id: 0 percent: -2
P3: Entry Write id: 1 Percent: -2
P3: Exit Write id: 1 Percent: -2 Clock: 92
UPdate from Process 1 for id: 1 percent: -2
P3: Synch end 60
P2: Entry Read id: 3
P2: Exit Read id: 3 Percent: -5 Clock: 73
P1: Synch start 61
P1: Entry Write id: 2 Percent: 0
P2: Synch start 60
P1: Exit Write id: 2 Percent: 0 Clock: 93
UPdate from Process 1 for id: 2 percent: 0
P1: Synch end 61
P2: Entry Write id: 6 Percent: -1
P2: Exit Write id: 6 Percent: -1 Clock: 90
UPdate from Process 1 for id: 6 percent: -1
P2: Entry Write id: 0 Percent: -2
P2: Exit Write id: 0 Percent: -2 Clock: 91
UPdate from Process 1 for id: 0 percent: -2
P2: Entry Write id: 1 Percent: -2
P2: Exit Write id: 1 Percent: -2 Clock: 92
UPdate from Process 1 for id: 1 percent: -2
P2: Entry Write id: 2 Percent: 0
P2: Exit Write id: 2 Percent: 0 Clock: 93
UPdate from Process 1 for id: 2 percent: 0
P2: Synch end 60
P1: Synch start 62
P1: Entry Write id: 3 Percent: -4
P1: Exit Write id: 3 Percent: -4 Clock: 94
UPdate from Process 1 for id: 3 percent: -4
P1: Synch end 62
P4: Entry Read id: 1
P4: Exit Read id: 1 Percent: -3 Clock: 85
P4: Synch start 62
P4: Entry Write id: 6 Percent: -1
P4: Exit Write id: 6 Percent: -1 Clock: 90
UPdate from Process 1 for id: 6 percent: -1
P4: Entry Write id: 0 Percent: -2
P4: Exit Write id: 0 Percent: -2 Clock: 91
UPdate from Process 1 for id: 0 percent: -2
P4: Entry Write id: 1 Percent: -2
P4: Exit Write id: 1 Percent: -2 Clock: 92
UPdate from Process 1 for id: 1 percent: -2
P4: Entry Write id: 2 Percent: 0
P4: Exit Write id: 2 Percent: 0 Clock: 93
UPdate from Process 1 for id: 2 percent: 0
P4: Entry Write id: 3 Percent: -4
P4: Exit Write id: 3 Percent: -4 Clock: 94
UPdate from Process 1 for id: 3 percent: -4
P4: Synch end 62
P3: Entry Read id: 6
P3: Exit Read id: 6 Percent: -1 Clock: 90
P3: Synch start 62
P3: Entry Write id: 2 Percent: 0
P3: Exit Write id: 2 Percent: 0 Clock: 93
UPdate from Process 1 for id: 2 percent: 0
P3: Entry Write id: 3 Percent: -4
P3: Exit Write id: 3 Percent: -4 Clock: 94
UPdate from Process 1 for id: 3 percent: -4
P3: Synch end 62
P1: Synch start 63
P1: Entry Write id: 4 Percent: 4
P1: Exit Write id: 4 Percent: 4 Clock: 95
UPdate from Process 1 for id: 4 percent: 4
P1: Synch end 63
P1: Entry Read id: 5
P1: Exit Read id: 5 Percent: 6 Clock: 75
P1: Entry Read id: 0
P1: Exit Read id: 0 Percent: -2 Clock: 91
P1: Synch start 63
P1: Synch end 63
P2: Entry Read id: 2
P2: Exit Read id: 2 Percent: 0 Clock: 93
P2: Synch start 63
P2: Entry Write id: 3 Percent: -4
P2: Exit Write id: 3 Percent: -4 Clock: 94
UPdate from Process 1 for id: 3 percent: -4
P2: Entry Write id: 4 Percent: 4
P2: Exit Write id: 4 Percent: 4 Clock: 95
UPdate from Process 1 for id: 4 percent: 4
P2: Synch end 63
P1: Entry Read id: 6
P1: Exit Read id: 6 Percent: -1 Clock: 90
P1: Entry Read id: 5
P1: Exit Read id: 5 Percent: 6 Clock: 75
P1: Synch start 63
P1: Synch end 63
P3: Entry Read id: 1
P3: Exit Read id: 1 Percent: -2 Clock: 92
P3: Synch start 63
P3: Entry Write id: 4 Percent: 4
P3: Exit Write id: 4 Percent: 4 Clock: 95
UPdate from Process 1 for id: 4 percent: 4
P3: Synch end 63
P1: Synch start 64
P1: Entry Write id: 0 Percent: -1
P1: Exit Write id: 0 Percent: -1 Clock: 98
UPdate from Process 1 for id: 0 percent: -1
P1: Synch end 64
P1: Synch start 65
P1: Entry Write id: 1 Percent: -1
P1: Exit Write id: 1 Percent: -1 Clock: 99
UPdate from Process 1 for id: 1 percent: -1
P1: Synch end 65
P4: Synch start 66
P4: Entry Write id: 4 Percent: 4
P4: Exit Write id: 4 Percent: 4 Clock: 95
UPdate from Process 1 for id: 4 percent: 4
P4: Entry Write id: 0 Percent: -1
P4: Exit Write id: 0 Percent: -1 Clock: 98
UPdate from Process 1 for id: 0 percent: -1
P4: Entry Write id: 1 Percent: -1
P4: Exit Write id: 1 Percent: -1 Clock: 99
UPdate from Process 1 for id: 1 percent: -1
P4: Entry Write id: 5 Percent: 1
P4: Exit Write id: 5 Percent: 1 Clock: 19
UPdate from Process 4 for id: 5 percent: 1
P4: Synch end 66
P3: Entry Read id: 5
P3: Exit Read id: 5 Percent: 6 Clock: 75
P1: Synch start 67
P1: Entry Write id: 5 Percent: 1
P1: Exit Write id: 5 Percent: 1 Clock: 19
UPdate from Process 4 for id: 5 percent: 1
P1: Entry Write id: 2 Percent: 1
P1: Exit Write id: 2 Percent: 1 Clock: 100
UPdate from Process 1 for id: 2 percent: 1
P1: Synch end 67
P2: Entry Read id: 6
P3: Synch start 66
P2: Exit Read id: 6 Percent: -1 Clock: 90
P3: Entry Write id: 0 Percent: -1
P3: Exit Write id: 0 Percent: -1 Clock: 98
UPdate from Process 1 for id: 0 percent: -1
P3: Entry Write id: 1 Percent: -1
P3: Exit Write id: 1 Percent: -1 Clock: 99
UPdate from Process 1 for id: 1 percent: -1
P3: Entry Write id: 5 Percent: 1
P3: Exit Write id: 5 Percent: 1 Clock: 19
UPdate from Process 4 for id: 5 percent: 1
P3: Entry Write id: 2 Percent: 1
P3: Exit Write id: 2 Percent: 1 Clock: 100
UPdate from Process 1 for id: 2 percent: 1
P3: Synch end 66
P2: Synch start 67
P2: Entry Write id: 0 Percent: -1
P2: Exit Write id: 0 Percent: -1 Clock: 98
UPdate from Process 1 for id: 0 percent: -1
P2: Entry Write id: 1 Percent: -1
P2: Exit Write id: 1 Percent: -1 Clock: 99
UPdate from Process 1 for id: 1 percent: -1
P2: Entry Write id: 5 Percent: 1
P2: Exit Write id: 5 Percent: 1 Clock: 19
UPdate from Process 4 for id: 5 percent: 1
P2: Entry Write id: 2 Percent: 1
P2: Exit Write id: 2 Percent: 1 Clock: 100
UPdate from Process 1 for id: 2 percent: 1
P2: Synch end 67
P1: Synch start 68
P1: Entry Write id: 3 Percent: -3
P1: Exit Write id: 3 Percent: -3 Clock: 101
UPdate from Process 1 for id: 3 percent: -3
P1: Synch end 68
P1: Synch start 69
P1: Entry Write id: 4 Percent: 5
P1: Exit Write id: 4 Percent: 5 Clock: 102
UPdate from Process 1 for id: 4 percent: 5
P1: Synch end 69
P3: Entry Read id: 4
P3: Exit Read id: 4 Percent: 4 Clock: 95
P3: Synch start 69
P3: Entry Write id: 3 Percent: -3
P3: Exit Write id: 3 Percent: -3 Clock: 101
UPdate from Process 1 for id: 3 percent: -3
P3: Entry Write id: 4 Percent: 5
P3: Exit Write id: 4 Percent: 5 Clock: 102
UPdate from Process 1 for id: 4 percent: 5
P3: Synch end 69
P1: Synch start 70
P1: Entry Write id: 5 Percent: 2
P1: Exit Write id: 5 Percent: 2 Clock: 103
UPdate from Process 1 for id: 5 percent: 2
P1: Synch end 70
P2: Entry Read id: 0
P2: Exit Read id: 0 Percent: -1 Clock: 98
P2: Synch start 70
P2: Entry Write id: 3 Percent: -3
P2: Exit Write id: 3 Percent: -3 Clock: 101
UPdate from Process 1 for id: 3 percent: -3
P2: Entry Write id: 4 Percent: 5
P2: Exit Write id: 4 Percent: 5 Clock: 102
UPdate from Process 1 for id: 4 percent: 5
P2: Entry Write id: 5 Percent: 2
P2: Exit Write id: 5 Percent: 2 Clock: 103
UPdate from Process 1 for id: 5 percent: 2
P2: Synch end 70
P1: Synch start 71
P1: Entry Write id: 6 Percent: 0
P1: Exit Write id: 6 Percent: 0 Clock: 104
UPdate from Process 1 for id: 6 percent: 0
P1: Synch end 71
P4: Entry Read id: 6
P4: Exit Read id: 6 Percent: -1 Clock: 90
P4: Synch start 71
P4: Entry Write id: 2 Percent: 1
P4: Exit Write id: 2 Percent: 1 Clock: 100
UPdate from Process 1 for id: 2 percent: 1
P4: Entry Write id: 3 Percent: -3
P4: Exit Write id: 3 Percent: -3 Clock: 101
UPdate from Process 1 for id: 3 percent: -3
P4: Entry Write id: 4 Percent: 5
P4: Exit Write id: 4 Percent: 5 Clock: 102
UPdate from Process 1 for id: 4 percent: 5
P4: Entry Write id: 5 Percent: 2
P4: Exit Write id: 5 Percent: 2 Clock: 103
UPdate from Process 1 for id: 5 percent: 2
P4: Entry Write id: 6 Percent: 0
P4: Exit Write id: 6 Percent: 0 Clock: 104
UPdate from Process 1 for id: 6 percent: 0
P4: Synch end 71
P3: Entry Read id: 4
P3: Exit Read id: 4 Percent: 5 Clock: 102
P1: Synch start 72
P1: Entry Write id: 0 Percent: 0
P1: Exit Write id: 0 Percent: 0 Clock: 105
UPdate from Process 1 for id: 0 percent: 0
P1: Synch end 72
P3: Synch start 72
P3: Entry Write id: 5 Percent: 2
P3: Exit Write id: 5 Percent: 2 Clock: 103
UPdate from Process 1 for id: 5 percent: 2
P3: Entry Write id: 6 Percent: 0
P3: Exit Write id: 6 Percent: 0 Clock: 104
UPdate from Process 1 for id: 6 percent: 0
P3: Entry Write id: 0 Percent: 0
P3: Exit Write id: 0 Percent: 0 Clock: 105
UPdate from Process 1 for id: 0 percent: 0
P3: Synch end 72
P1: Synch start 73
P1: Entry Write id: 1 Percent: 0
P1: Exit Write id: 1 Percent: 0 Clock: 106
UPdate from Process 1 for id: 1 percent: 0
P1: Synch end 73
P1: Synch start 74
P1: Entry Write id: 2 Percent: 2
P1: Exit Write id: 2 Percent: 2 Clock: 107
UPdate from Process 1 for id: 2 percent: 2
P1: Synch end 74
P2: Entry Read id: 1
P2: Exit Read id: 1 Percent: -1 Clock: 99
P2: Synch start 74
P2: Entry Write id: 6 Percent: 0
P2: Exit Write id: 6 Percent: 0 Clock: 104
UPdate from Process 1 for id: 6 percent: 0
P2: Entry Write id: 0 Percent: 0
P2: Exit Write id: 0 Percent: 0 Clock: 105
UPdate from Process 1 for id: 0 percent: 0
P2: Entry Write id: 1 Percent: 0
P2: Exit Write id: 1 Percent: 0 Clock: 106
UPdate from Process 1 for id: 1 percent: 0
P2: Entry Write id: 2 Percent: 2
P2: Exit Write id: 2 Percent: 2 Clock: 107
UPdate from Process 1 for id: 2 percent: 2
P2: Synch end 74
P3: Entry Read id: 1
P3: Exit Read id: 1 Percent: -1 Clock: 99
P3: Synch start 74
P3: Entry Write id: 1 Percent: 0
P3: Exit Write id: 1 Percent: 0 Clock: 106
UPdate from Process 1 for id: 1 percent: 0
P3: Entry Write id: 2 Percent: 2
P3: Exit Write id: 2 Percent: 2 Clock: 107
UPdate from Process 1 for id: 2 percent: 2
P3: Synch end 74
P1: Entry Read id: 2
P1: Exit Read id: 2 Percent: 2 Clock: 107
P1: Entry Read id: 5
P1: Exit Read id: 5 Percent: 2 Clock: 103
P1: Synch start 74
P1: Synch end 74
P1: Synch start 75
P1: Entry Write id: 4 Percent: 6
P1: Exit Write id: 4 Percent: 6 Clock: 109
UPdate from Process 1 for id: 4 percent: 6
P1: Synch end 75
P4: Synch start 76
P4: Entry Write id: 0 Percent: 0
P4: Exit Write id: 0 Percent: 0 Clock: 105
UPdate from Process 1 for id: 0 percent: 0
P4: Entry Write id: 1 Percent: 0
P4: Exit Write id: 1 Percent: 0 Clock: 106
UPdate from Process 1 for id: 1 percent: 0
P4: Entry Write id: 2 Percent: 2
P4: Exit Write id: 2 Percent: 2 Clock: 107
UPdate from Process 1 for id: 2 percent: 2
P4: Entry Write id: 4 Percent: 6
P4: Exit Write id: 4 Percent: 6 Clock: 109
UPdate from Process 1 for id: 4 percent: 6
P4: Entry Write id: 0 Percent: -6
P4: Exit Write id: 0 Percent: -6 Clock: 21
UPdate from Process 4 for id: 0 percent: -6
P4: Synch end 76
P1: Entry Read id: 1
P1: Exit Read id: 1 Percent: 0 Clock: 106
P1: Entry Read id: 6
P1: Exit Read id: 6 Percent: 0 Clock: 104
P1: Synch start 76
P1: Entry Write id: 0 Percent: -6
P1: Exit Write id: 0 Percent: -6 Clock: 21
UPdate from Process 4 for id: 0 percent: -6
P1: Synch end 76
P3: Entry Read id: 5
P3: Exit Read id: 5 Percent: 2 Clock: 103
P3: Synch start 76
P3: Entry Write id: 4 Percent: 6
P3: Exit Write id: 4 Percent: 6 Clock: 109
UPdate from Process 1 for id: 4 percent: 6
P3: Entry Write id: 0 Percent: -6
P3: Exit Write id: 0 Percent: -6 Clock: 21
UPdate from Process 4 for id: 0 percent: -6
P3: Synch end 76
P2: Entry Read id: 2
P2: Exit Read id: 2 Percent: 2 Clock: 107
P1: Synch start 77
P1: Entry Write id: 6 Percent: 1
P1: Exit Write id: 6 Percent: 1 Clock: 111
UPdate from Process 1 for id: 6 percent: 1
P1: Synch end 77
P2: Synch start 76
P2: Entry Write id: 4 Percent: 6
P2: Exit Write id: 4 Percent: 6 Clock: 109
UPdate from Process 1 for id: 4 percent: 6
P2: Entry Write id: 0 Percent: -6
P2: Exit Write id: 0 Percent: -6 Clock: 21
UPdate from Process 4 for id: 0 percent: -6
P2: Entry Write id: 6 Percent: 1
P2: Exit Write id: 6 Percent: 1 Clock: 111
UPdate from Process 1 for id: 6 percent: 1
P2: Synch end 76
P1: Entry Read id: 4
P1: Exit Read id: 4 Percent: 6 Clock: 109
P1: Entry Read id: 4
P1: Exit Read id: 4 Percent: 6 Clock: 109
P1: Synch start 77
P1: Synch end 77
P3: Entry Read id: 1
P3: Exit Read id: 1 Percent: 0 Clock: 106
P3: Synch start 77
P3: Entry Write id: 6 Percent: 1
P3: Exit Write id: 6 Percent: 1 Clock: 111
UPdate from Process 1 for id: 6 percent: 1
P3: Entry Write id: 1 Percent: 1
P3: Exit Write id: 1 Percent: 1 Clock: 113
UPdate from Process 1 for id: 1 percent: 1
P3: Synch end 77
P1: Synch start 78
P1: Entry Write id: 1 Percent: 1
P1: Exit Write id: 1 Percent: 1 Clock: 113
UPdate from Process 1 for id: 1 percent: 1
P1: Synch end 78
P1: Synch start 79
P1: Entry Write id: 2 Percent: 3
P1: Exit Write id: 2 Percent: 3 Clock: 114
UPdate from Process 1 for id: 2 percent: 3
P1: Synch end 79
P4: Synch start 80
P4: Entry Write id: 6 Percent: 1
P4: Exit Write id: 6 Percent: 1 Clock: 111
UPdate from Process 1 for id: 6 percent: 1
P4: Entry Write id: 1 Percent: 1
P4: Exit Write id: 1 Percent: 1 Clock: 113
UPdate from Process 1 for id: 1 percent: 1
P4: Entry Write id: 2 Percent: 3
P4: Exit Write id: 2 Percent: 3 Clock: 114
UPdate from Process 1 for id: 2 percent: 3
P4: Entry Write id: 1 Percent: -5
P4: Exit Write id: 1 Percent: -5 Clock: 22
UPdate from Process 4 for id: 1 percent: -5
P4: Synch end 80
P2: Entry Read id: 3
P2: Exit Read id: 3 Percent: -3 Clock: 101
P2: Synch start 80
P2: Entry Write id: 1 Percent: 1
P2: Exit Write id: 1 Percent: 1 Clock: 113
UPdate from Process 1 for id: 1 percent: 1
P2: Entry Write id: 2 Percent: 3
P2: Exit Write id: 2 Percent: 3 Clock: 114
UPdate from Process 1 for id: 2 percent: 3
P2: Entry Write id: 1 Percent: -5
P2: Exit Write id: 1 Percent: -5 Clock: 22
UPdate from Process 4 for id: 1 percent: -5
P2: Synch end 80
P1: Synch start 81
P1: Entry Write id: 1 Percent: -5
P1: Exit Write id: 1 Percent: -5 Clock: 22
UPdate from Process 4 for id: 1 percent: -5
P1: Entry Write id: 3 Percent: -2
P1: Exit Write id: 3 Percent: -2 Clock: 115
UPdate from Process 1 for id: 3 percent: -2
P1: Synch end 81
P3: Entry Read id: 4
P3: Exit Read id: 4 Percent: 6 Clock: 109
P3: Synch start 81
P3: Entry Write id: 2 Percent: 3
P3: Exit Write id: 2 Percent: 3 Clock: 114
UPdate from Process 1 for id: 2 percent: 3
P3: Entry Write id: 1 Percent: -5
P3: Exit Write id: 1 Percent: -5 Clock: 22
UPdate from Process 4 for id: 1 percent: -5
P3: Entry Write id: 3 Percent: -2
P3: Exit Write id: 3 Percent: -2 Clock: 115
UPdate from Process 1 for id: 3 percent: -2
P3: Synch end 81
P1: Synch start 82
P1: Entry Write id: 4 Percent: 7
P1: Exit Write id: 4 Percent: 7 Clock: 116
UPdate from Process 1 for id: 4 percent: 7
P1: Synch end 82
P1: Synch start 83
P1: Entry Write id: 5 Percent: 3
P1: Exit Write id: 5 Percent: 3 Clock: 117
UPdate from Process 1 for id: 5 percent: 3
P1: Synch end 83
P3: Entry Read id: 2
P3: Exit Read id: 2 Percent: 3 Clock: 114
P2: Entry Read id: 4
P2: Exit Read id: 4 Percent: 6 Clock: 109
P2: Synch start 84
P1: Synch start 84
P2: Entry Write id: 3 Percent: -2
P1: Entry Write id: 6 Percent: 2
P2: Exit Write id: 3 Percent: -2 Clock: 115
P1: Exit Write id: 6 Percent: 2 Clock: 118
UPdate from Process 1 for id: 3 percent: -2
UPdate from Process 1 for id: 6 percent: 2
P1: Synch end 84
P2: Entry Write id: 4 Percent: 7
P2: Exit Write id: 4 Percent: 7 Clock: 116
UPdate from Process 1 for id: 4 percent: 7
P2: Entry Write id: 5 Percent: 3
P3: Synch start 84
P2: Exit Write id: 5 Percent: 3 Clock: 117
UPdate from Process 1 for id: 5 percent: 3
P3: Entry Write id: 4 Percent: 7
P3: Exit Write id: 4 Percent: 7 Clock: 116
UPdate from Process 1 for id: 4 percent: 7
P2: Entry Write id: 6 Percent: 2
P2: Exit Write id: 6 Percent: 2 Clock: 118
UPdate from Process 1 for id: 6 percent: 2
P2: Synch end 84
P3: Entry Write id: 5 Percent: 3
P3: Exit Write id: 5 Percent: 3 Clock: 117
UPdate from Process 1 for id: 5 percent: 3
P3: Entry Write id: 6 Percent: 2
P3: Exit Write id: 6 Percent: 2 Clock: 118
UPdate from Process 1 for id: 6 percent: 2
P3: Synch end 84
P1: Entry Read id: 4
P1: Exit Read id: 4 Percent: 7 Clock: 116
P1: Entry Read id: 3
P1: Exit Read id: 3 Percent: -2 Clock: 115
P1: Synch start 84
P1: Synch end 84
P4: Synch start 85
P4: Entry Write id: 3 Percent: -2
P4: Exit Write id: 3 Percent: -2 Clock: 115
UPdate from Process 1 for id: 3 percent: -2
P4: Entry Write id: 4 Percent: 7
P4: Exit Write id: 4 Percent: 7 Clock: 116
UPdate from Process 1 for id: 4 percent: 7
P4: Entry Write id: 5 Percent: 3
P4: Exit Write id: 5 Percent: 3 Clock: 117
UPdate from Process 1 for id: 5 percent: 3
P4: Entry Write id: 6 Percent: 2
P4: Exit Write id: 6 Percent: 2 Clock: 118
UPdate from Process 1 for id: 6 percent: 2
P4: Entry Write id: 2 Percent: -2
P4: Exit Write id: 2 Percent: -2 Clock: 23
UPdate from Process 4 for id: 2 percent: -2
P4: Synch end 85
P1: Synch start 86
P1: Entry Write id: 2 Percent: -2
P1: Exit Write id: 2 Percent: -2 Clock: 23
UPdate from Process 4 for id: 2 percent: -2
P1: Entry Write id: 1 Percent: -4
P1: Exit Write id: 1 Percent: -4 Clock: 120
UPdate from Process 1 for id: 1 percent: -4
P1: Synch end 86
P3: Entry Read id: 2
P3: Exit Read id: 2 Percent: 3 Clock: 114
P3: Synch start 86
P3: Entry Write id: 2 Percent: -2
P3: Exit Write id: 2 Percent: -2 Clock: 23
UPdate from Process 4 for id: 2 percent: -2
P3: Entry Write id: 1 Percent: -4
P3: Exit Write id: 1 Percent: -4 Clock: 120
UPdate from Process 1 for id: 1 percent: -4
P3: Synch end 86
P1: Synch start 87
P1: Entry Write id: 2 Percent: -1
P1: Exit Write id: 2 Percent: -1 Clock: 121
UPdate from Process 1 for id: 2 percent: -1
P1: Synch end 87
P2: Entry Read id: 3
P2: Exit Read id: 3 Percent: -2 Clock: 115
P2: Synch start 87
P2: Entry Write id: 2 Percent: -2
P2: Exit Write id: 2 Percent: -2 Clock: 23
UPdate from Process 4 for id: 2 percent: -2
P2: Entry Write id: 1 Percent: -4
P2: Exit Write id: 1 Percent: -4 Clock: 120
UPdate from Process 1 for id: 1 percent: -4
P2: Entry Write id: 2 Percent: -1
P2: Exit Write id: 2 Percent: -1 Clock: 121
UPdate from Process 1 for id: 2 percent: -1
P2: Synch end 87
P1: Entry Read id: 1
P1: Exit Read id: 1 Percent: -4 Clock: 120
P1: Entry Read id: 4
P1: Exit Read id: 4 Percent: 7 Clock: 116
P1: Synch start 87
P1: Synch end 87
P1: Entry Read id: 0
P1: Exit Read id: 0 Percent: -6 Clock: 21
P1: Entry Read id: 6
P1: Exit Read id: 6 Percent: 2 Clock: 118
P1: Synch start 87
P1: Synch end 87
P3: Entry Read id: 5
P3: Exit Read id: 5 Percent: 3 Clock: 117
P3: Synch start 87
P3: Entry Write id: 2 Percent: -1
P3: Exit Write id: 2 Percent: -1 Clock: 121
UPdate from Process 1 for id: 2 percent: -1
P3: Synch end 87
P4: Entry Read id: 3
P4: Exit Read id: 3 Percent: -2 Clock: 115
P1: Synch start 88
P1: Entry Write id: 5 Percent: 4
P1: Exit Write id: 5 Percent: 4 Clock: 124
UPdate from Process 1 for id: 5 percent: 4
P1: Synch end 88
P4: Synch start 88
P4: Entry Write id: 1 Percent: -4
P4: Exit Write id: 1 Percent: -4 Clock: 120
UPdate from Process 1 for id: 1 percent: -4
P4: Entry Write id: 2 Percent: -1
P4: Exit Write id: 2 Percent: -1 Clock: 121
UPdate from Process 1 for id: 2 percent: -1
P4: Entry Write id: 5 Percent: 4
P4: Exit Write id: 5 Percent: 4 Clock: 124
UPdate from Process 1 for id: 5 percent: 4
P4: Synch end 88
P1: Synch start 89
P1: Entry Write id: 6 Percent: 3
P1: Exit Write id: 6 Percent: 3 Clock: 125
UPdate from Process 1 for id: 6 percent: 3
P1: Synch end 89
P2: Entry Read id: 2
P2: Exit Read id: 2 Percent: -1 Clock: 121
P2: Synch start 89
P2: Entry Write id: 5 Percent: 4
P2: Exit Write id: 5 Percent: 4 Clock: 124
UPdate from Process 1 for id: 5 percent: 4
P2: Entry Write id: 6 Percent: 3
P2: Exit Write id: 6 Percent: 3 Clock: 125
UPdate from Process 1 for id: 6 percent: 3
P2: Synch end 89
P3: Entry Read id: 4
P3: Exit Read id: 4 Percent: 7 Clock: 116
P3: Synch start 89
P3: Entry Write id: 5 Percent: 4
P3: Exit Write id: 5 Percent: 4 Clock: 124
UPdate from Process 1 for id: 5 percent: 4
P3: Entry Write id: 6 Percent: 3
P3: Exit Write id: 6 Percent: 3 Clock: 125
UPdate from Process 1 for id: 6 percent: 3
P3: Synch end 89
P1: Entry Read id: 6
P1: Exit Read id: 6 Percent: 3 Clock: 125
P1: Entry Read id: 0
P1: Exit Read id: 0 Percent: -6 Clock: 21
P1: Synch start 89
P1: Synch end 89
P1: Synch start 90
P1: Entry Write id: 1 Percent: -3
P1: Exit Write id: 1 Percent: -3 Clock: 127
UPdate from Process 1 for id: 1 percent: -3
P1: Synch end 90
P1: Entry Read id: 3
P1: Exit Read id: 3 Percent: -2 Clock: 115
P1: Entry Read id: 5
P1: Exit Read id: 5 Percent: 4 Clock: 124
P1: Synch start 90
P1: Synch end 90
P3: Entry Read id: 1
P3: Exit Read id: 1 Percent: -4 Clock: 120
P3: Synch start 90
P3: Entry Write id: 1 Percent: -3
P3: Exit Write id: 1 Percent: -3 Clock: 127
UPdate from Process 1 for id: 1 percent: -3
P3: Synch end 90
P2: Entry Read id: 5
P2: Exit Read id: 5 Percent: 4 Clock: 124
P1: Entry Read id: 6
P1: Exit Read id: 6 Percent: 3 Clock: 125
P1: Entry Read id: 6
P1: Exit Read id: 6 Percent: 3 Clock: 125
P1: Synch start 90
P1: Entry Write id: 4 Percent: 2
P2: Synch start 90
P1: Exit Write id: 4 Percent: 2 Clock: 25
UPdate from Process 4 for id: 4 percent: 2
P1: Synch end 90
P2: Entry Write id: 1 Percent: -3
P2: Exit Write id: 1 Percent: -3 Clock: 127
UPdate from Process 1 for id: 1 percent: -3
P2: Entry Write id: 4 Percent: 2
P2: Exit Write id: 4 Percent: 2 Clock: 25
UPdate from Process 4 for id: 4 percent: 2
P2: Synch end 90
P4: Synch start 91
P4: Entry Write id: 6 Percent: 3
P4: Exit Write id: 6 Percent: 3 Clock: 125
UPdate from Process 1 for id: 6 percent: 3
P4: Entry Write id: 1 Percent: -3
P4: Exit Write id: 1 Percent: -3 Clock: 127
UPdate from Process 1 for id: 1 percent: -3
P4: Entry Write id: 4 Percent: 2
P4: Exit Write id: 4 Percent: 2 Clock: 25
UPdate from Process 4 for id: 4 percent: 2
P4: Synch end 91
P1: Entry Read id: 3
P1: Exit Read id: 3 Percent: -2 Clock: 115
P1: Entry Read id: 5
P1: Exit Read id: 5 Percent: 4 Clock: 124
P1: Synch start 91
P1: Synch end 91
P3: Entry Read id: 5
P3: Exit Read id: 5 Percent: 4 Clock: 124
P1: Entry Read id: 3
P1: Exit Read id: 3 Percent: -2 Clock: 115
P1: Entry Read id: 2
P1: Exit Read id: 2 Percent: -1 Clock: 121
P1: Synch start 91
P1: Synch end 91
P3: Synch start 91
P3: Entry Write id: 4 Percent: 2
P3: Exit Write id: 4 Percent: 2 Clock: 25
UPdate from Process 4 for id: 4 percent: 2
P3: Synch end 91
P1: Synch start 92
P1: Entry Write id: 6 Percent: 4
P1: Exit Write id: 6 Percent: 4 Clock: 132
UPdate from Process 1 for id: 6 percent: 4
P1: Synch end 92
P2: Entry Read id: 0
P2: Exit Read id: 0 Percent: -6 Clock: 21
P2: Synch start 92
P2: Entry Write id: 6 Percent: 4
P2: Exit Write id: 6 Percent: 4 Clock: 132
UPdate from Process 1 for id: 6 percent: 4
P2: Synch end 92
P1: Entry Read id: 6
P1: Exit Read id: 6 Percent: 4 Clock: 132
P1: Entry Read id: 4
P1: Exit Read id: 4 Percent: 2 Clock: 25
P1: Synch start 92
P1: Synch end 92
P3: Entry Read id: 4
P3: Exit Read id: 4 Percent: 2 Clock: 25
P3: Synch start 92
P3: Entry Write id: 6 Percent: 4
P3: Exit Write id: 6 Percent: 4 Clock: 132
UPdate from Process 1 for id: 6 percent: 4
P3: Synch end 92
P1: Entry Read id: 6
P1: Exit Read id: 6 Percent: 4 Clock: 132
P1: Entry Read id: 3
P1: Exit Read id: 3 Percent: -2 Clock: 115
P4: Synch start 93
P4: Entry Write id: 6 Percent: 4
P4: Exit Write id: 6 Percent: 4 Clock: 132
UPdate from Process 1 for id: 6 percent: 4
P4: Entry Write id: 5 Percent: -1
P4: Exit Write id: 5 Percent: -1 Clock: 26
UPdate from Process 4 for id: 5 percent: -1
P4: Synch end 93
P1: Synch start 93
P1: Entry Write id: 5 Percent: -1
P1: Exit Write id: 5 Percent: -1 Clock: 26
UPdate from Process 4 for id: 5 percent: -1
P1: Synch end 93
P1: Entry Read id: 4
P1: Exit Read id: 4 Percent: 2 Clock: 25
P1: Entry Read id: 0
P1: Exit Read id: 0 Percent: -6 Clock: 21
P1: Synch start 93
P1: Synch end 93
P2: Entry Read id: 6
P2: Exit Read id: 6 Percent: 4 Clock: 132
P1: Entry Read id: 4
P1: Exit Read id: 4 Percent: 2 Clock: 25
P1: Entry Read id: 1
P1: Exit Read id: 1 Percent: -3 Clock: 127
P1: Synch start 93
P1: Synch end 93
P3: Entry Read id: 1
P3: Exit Read id: 1 Percent: -3 Clock: 127
P2: Synch start 93
P2: Entry Write id: 5 Percent: -1
P2: Exit Write id: 5 Percent: -1 Clock: 26
UPdate from Process 4 for id: 5 percent: -1
P2: Synch end 93
P3: Synch start 93
P3: Entry Write id: 5 Percent: -1
P3: Exit Write id: 5 Percent: -1 Clock: 26
UPdate from Process 4 for id: 5 percent: -1
P3: Synch end 93
P1: Synch start 94
P1: Entry Write id: 4 Percent: 3
P1: Exit Write id: 4 Percent: 3 Clock: 137
UPdate from Process 1 for id: 4 percent: 3
P1: Synch end 94
P1: Entry Read id: 3
P1: Exit Read id: 3 Percent: -2 Clock: 115
P1: Entry Read id: 4
P1: Exit Read id: 4 Percent: 3 Clock: 137
P1: Synch start 94
P1: Synch end 94
P3: Entry Read id: 3
P3: Exit Read id: 3 Percent: -2 Clock: 115
P4: Synch start 95
P4: Entry Write id: 4 Percent: 3
P4: Exit Write id: 4 Percent: 3 Clock: 137
UPdate from Process 1 for id: 4 percent: 3
P4: Entry Write id: 6 Percent: -1
P4: Exit Write id: 6 Percent: -1 Clock: 27
UPdate from Process 4 for id: 6 percent: -1
P4: Synch end 95
P3: Synch start 94
P3: Entry Write id: 4 Percent: 3
P3: Exit Write id: 4 Percent: 3 Clock: 137
UPdate from Process 1 for id: 4 percent: 3
P3: Entry Write id: 6 Percent: -1
P3: Exit Write id: 6 Percent: -1 Clock: 27
UPdate from Process 4 for id: 6 percent: -1
P3: Entry Write id: 6 Percent: 5
P3: Exit Write id: 6 Percent: 5 Clock: 139
UPdate from Process 1 for id: 6 percent: 5
P3: Synch end 94
P1: Synch start 96
P1: Entry Write id: 6 Percent: -1
P1: Exit Write id: 6 Percent: -1 Clock: 27
UPdate from Process 4 for id: 6 percent: -1
P1: Entry Write id: 6 Percent: 5
P1: Exit Write id: 6 Percent: 5 Clock: 139
UPdate from Process 1 for id: 6 percent: 5
P1: Synch end 96
P2: Entry Read id: 0
P2: Exit Read id: 0 Percent: -6 Clock: 21
P2: Synch start 96
P2: Entry Write id: 4 Percent: 3
P2: Exit Write id: 4 Percent: 3 Clock: 137
UPdate from Process 1 for id: 4 percent: 3
P2: Entry Write id: 6 Percent: -1
P2: Exit Write id: 6 Percent: -1 Clock: 27
UPdate from Process 4 for id: 6 percent: -1
P2: Entry Write id: 6 Percent: 5
P2: Exit Write id: 6 Percent: 5 Clock: 139
UPdate from Process 1 for id: 6 percent: 5
P2: Synch end 96
P1: Entry Read id: 2
P1: Exit Read id: 2 Percent: -1 Clock: 121
P1: Entry Read id: 4
P1: Exit Read id: 4 Percent: 3 Clock: 137
P1: Synch start 96
P1: Synch end 96
P1: Synch start 97
P1: Entry Write id: 1 Percent: -2
P1: Exit Write id: 1 Percent: -2 Clock: 141
UPdate from Process 1 for id: 1 percent: -2
P1: Synch end 97
P3: Entry Read id: 2
P3: Exit Read id: 2 Percent: -1 Clock: 121
P3: Synch start 97
P3: Entry Write id: 1 Percent: -2
P3: Exit Write id: 1 Percent: -2 Clock: 141
UPdate from Process 1 for id: 1 percent: -2
P3: Synch end 97
P1: Synch start 98
P1: Entry Write id: 2 Percent: 0
P1: Exit Write id: 2 Percent: 0 Clock: 142
UPdate from Process 1 for id: 2 percent: 0
P1: Synch end 98
P1: Entry Read id: 2
P1: Exit Read id: 2 Percent: 0 Clock: 142
P1: Entry Read id: 1
P1: Exit Read id: 1 Percent: -2 Clock: 141
P2: Entry Read id: 4
P1: Synch start 98
P1: Synch end 98
P2: Exit Read id: 4 Percent: 3 Clock: 137
P2: Synch start 98
P2: Entry Write id: 1 Percent: -2
P2: Exit Write id: 1 Percent: -2 Clock: 141
UPdate from Process 1 for id: 1 percent: -2
P2: Entry Write id: 2 Percent: 0
P2: Exit Write id: 2 Percent: 0 Clock: 142
UPdate from Process 1 for id: 2 percent: 0
P2: Synch end 98
P3: Entry Read id: 2
P3: Exit Read id: 2 Percent: -1 Clock: 121
P4: Synch start 99
P4: Entry Write id: 6 Percent: 5
P4: Exit Write id: 6 Percent: 5 Clock: 139
UPdate from Process 1 for id: 6 percent: 5
P4: Entry Write id: 1 Percent: -2
P4: Exit Write id: 1 Percent: -2 Clock: 141
UPdate from Process 1 for id: 1 percent: -2
P4: Entry Write id: 2 Percent: 0
P4: Exit Write id: 2 Percent: 0 Clock: 142
UPdate from Process 1 for id: 2 percent: 0
P4: Entry Write id: 0 Percent: -11
P4: Exit Write id: 0 Percent: -11 Clock: 28
UPdate from Process 4 for id: 0 percent: -11
P4: Entry Write id: 4 Percent: 4
P4: Exit Write id: 4 Percent: 4 Clock: 144
UPdate from Process 1 for id: 4 percent: 4
P4: Synch end 99
P1: Synch start 100
P3: Synch start 98
P1: Entry Write id: 0 Percent: -11
P3: Entry Write id: 2 Percent: 0
P3: Exit Write id: 2 Percent: 0 Clock: 142
P1: Exit Write id: 0 Percent: -11 Clock: 28
UPdate from Process 1 for id: 2 percent: 0
UPdate from Process 4 for id: 0 percent: -11
P1: Entry Write id: 4 Percent: 4
P1: Exit Write id: 4 Percent: 4 Clock: 144
P3: Entry Write id: 0 Percent: -11
UPdate from Process 1 for id: 4 percent: 4
P1: Synch end 100
P3: Exit Write id: 0 Percent: -11 Clock: 28
UPdate from Process 4 for id: 0 percent: -11
P3: Entry Write id: 4 Percent: 4
P3: Exit Write id: 4 Percent: 4 Clock: 144
UPdate from Process 1 for id: 4 percent: 4
P3: Synch end 98
P1: Synch start 101
P1: Entry Write id: 5 Percent: 0
P1: Exit Write id: 5 Percent: 0 Clock: 145
UPdate from Process 1 for id: 5 percent: 0
P1: Synch end 101
P3: Entry Read id: 1
P3: Exit Read id: 1 Percent: -2 Clock: 141
P2: Entry Read id: 5
P3: Synch start 101
P3: Entry Write id: 5 Percent: 0
P2: Exit Read id: 5 Percent: -1 Clock: 26
P3: Exit Write id: 5 Percent: 0 Clock: 145
UPdate from Process 1 for id: 5 percent: 0
P3: Synch end 101
P2: Synch start 101
P2: Entry Write id: 0 Percent: -11
P2: Exit Write id: 0 Percent: -11 Clock: 28
UPdate from Process 4 for id: 0 percent: -11
P2: Entry Write id: 4 Percent: 4
P2: Exit Write id: 4 Percent: 4 Clock: 144
UPdate from Process 1 for id: 4 percent: 4
P2: Entry Write id: 5 Percent: 0
P2: Exit Write id: 5 Percent: 0 Clock: 145
UPdate from Process 1 for id: 5 percent: 0
P2: Synch end 101
P4: Entry Read id: 1
P4: Exit Read id: 1 Percent: -2 Clock: 141
P4: Synch start 101
P4: Entry Write id: 5 Percent: 0
P4: Exit Write id: 5 Percent: 0 Clock: 145
UPdate from Process 1 for id: 5 percent: 0
P4: Synch end 101
