P5: Entry Read id: 0
P5: Exit Read id: 0 Percent: 0 Clock: 0
P5: Synch start 0
P5: Entry name: Process 2 : Write id: 0 Percent: 1
P5: Exit name: Process 2 : Write id: 0 Percent: 1 Clock: 0
P5: UPdate from Process 2 for id: 0 percent: 1
P5: Entry name: Process 4 : Write id: 0 Percent: 1
P5: Exit name: Process 4 : Write id: 0 Percent: 1 Clock: 0
P5: UPdate from Process 4 for id: 0 percent: 1
P5: Synch end 0
P5: Entry Read id: 4
P5: Exit Read id: 4 Percent: 0 Clock: 0
P5: Entry Read id: 2
P5: Exit Read id: 2 Percent: 0 Clock: 0
P5: Entry Read id: 6
P5: Exit Read id: 6 Percent: 0 Clock: 0
P5: Synch start 0
P5: Entry name: Process 3 : Write id: 0 Percent: 1
P5: Exit name: Process 3 : Write id: 0 Percent: 1 Clock: 0
P5: UPdate from Process 3 for id: 0 percent: 1
P5: Entry name: Process 3 : Write id: 1 Percent: 1
P5: Exit name: Process 3 : Write id: 1 Percent: 1 Clock: 1
P5: UPdate from Process 3 for id: 1 percent: 1
P5: Entry name: Process 1 : Write id: 1 Percent: 1
P5: Exit name: Process 1 : Write id: 1 Percent: 1 Clock: 1
P5: UPdate from Process 1 for id: 1 percent: 1
P5: Entry name: Process 4 : Write id: 2 Percent: 1
P5: Exit name: Process 4 : Write id: 2 Percent: 1 Clock: 2
P5: UPdate from Process 4 for id: 2 percent: 1
P5: Entry name: Process 2 : Write id: 2 Percent: 1
P5: Exit name: Process 2 : Write id: 2 Percent: 1 Clock: 2
P5: UPdate from Process 2 for id: 2 percent: 1
P5: Synch end 0
P5: Entry Read id: 4
P5: Exit Read id: 4 Percent: 0 Clock: 0
P5: Synch start 0
P5: Entry name: Process 1 : Write id: 2 Percent: 1
P5: Exit name: Process 1 : Write id: 2 Percent: 1 Clock: 2
P5: UPdate from Process 1 for id: 2 percent: 1
P5: Entry name: Process 4 : Write id: 3 Percent: 1
P5: Exit name: Process 4 : Write id: 3 Percent: 1 Clock: 3
P5: UPdate from Process 4 for id: 3 percent: 1
P5: Entry name: Process 1 : Write id: 3 Percent: 1
P5: Exit name: Process 1 : Write id: 3 Percent: 1 Clock: 3
P5: UPdate from Process 1 for id: 3 percent: 1
P5: Entry name: Process 4 : Write id: 4 Percent: 1
P5: Exit name: Process 4 : Write id: 4 Percent: 1 Clock: 4
P5: UPdate from Process 4 for id: 4 percent: 1
P5: Entry name: Process 1 : Write id: 4 Percent: 1
P5: Exit name: Process 1 : Write id: 4 Percent: 1 Clock: 4
P5: UPdate from Process 1 for id: 4 percent: 1
P5: Synch end 0
P5: Synch start 0
P5: Entry name: Process 2 : Write id: 5 Percent: 1
P5: Exit name: Process 2 : Write id: 5 Percent: 1 Clock: 5
P5: UPdate from Process 2 for id: 5 percent: 1
P5: Entry name: Process 4 : Write id: 5 Percent: 1
P5: Exit name: Process 4 : Write id: 5 Percent: 1 Clock: 5
P5: UPdate from Process 4 for id: 5 percent: 1
P5: Entry name: Process 1 : Write id: 6 Percent: 1
P5: Exit name: Process 1 : Write id: 6 Percent: 1 Clock: 6
P5: UPdate from Process 1 for id: 6 percent: 1
P5: Entry name: Process 2 : Write id: 0 Percent: 207
P5: Exit name: Process 2 : Write id: 0 Percent: 207 Clock: 7
P5: UPdate from Process 2 for id: 0 percent: 207
P5: Synch end 0
P5: Synch start 0
P5: Entry name: Process 4 : Write id: 0 Percent: 407
P5: Exit name: Process 4 : Write id: 0 Percent: 407 Clock: 7
P5: UPdate from Process 4 for id: 0 percent: 407
P5: Entry name: Process 1 : Write id: 0 Percent: 107
P5: Exit name: Process 1 : Write id: 0 Percent: 107 Clock: 7
P5: UPdate from Process 1 for id: 0 percent: 107
P5: Entry name: Process 3 : Write id: 1 Percent: 308
P5: Exit name: Process 3 : Write id: 1 Percent: 308 Clock: 8
P5: UPdate from Process 3 for id: 1 percent: 308
P5: Entry name: Process 2 : Write id: 1 Percent: 208
P5: Exit name: Process 2 : Write id: 1 Percent: 208 Clock: 8
P5: UPdate from Process 2 for id: 1 percent: 208
P5: Synch end 0
P5: Entry Read id: 0
P5: Exit Read id: 0 Percent: 107 Clock: 7
P5: Synch start 0
P5: Entry name: Process 4 : Write id: 1 Percent: 408
P5: Exit name: Process 4 : Write id: 1 Percent: 408 Clock: 8
P5: UPdate from Process 4 for id: 1 percent: 408
P5: Entry name: Process 1 : Write id: 1 Percent: 108
P5: Exit name: Process 1 : Write id: 1 Percent: 108 Clock: 8
P5: UPdate from Process 1 for id: 1 percent: 108
P5: Entry name: Process 2 : Write id: 2 Percent: 209
P5: Exit name: Process 2 : Write id: 2 Percent: 209 Clock: 9
P5: UPdate from Process 2 for id: 2 percent: 209
P5: Synch end 0
P5: Entry Read id: 2
P5: Exit Read id: 2 Percent: 209 Clock: 9
P5: Entry Read id: 0
P5: Exit Read id: 0 Percent: 107 Clock: 7
P5: Synch start 0
P5: Entry name: Process 1 : Write id: 2 Percent: 109
P5: Exit name: Process 1 : Write id: 2 Percent: 109 Clock: 9
P5: UPdate from Process 1 for id: 2 percent: 109
P5: Entry name: Process 3 : Write id: 3 Percent: 310
P5: Exit name: Process 3 : Write id: 3 Percent: 310 Clock: 10
P5: UPdate from Process 3 for id: 3 percent: 310
P5: Entry name: Process 4 : Write id: 5 Percent: 412
P5: Exit name: Process 4 : Write id: 5 Percent: 412 Clock: 12
P5: UPdate from Process 4 for id: 5 percent: 412
P5: Synch end 0
P5: Synch start 0
P5: Entry name: Process 4 : Write id: 6 Percent: 413
P5: Exit name: Process 4 : Write id: 6 Percent: 413 Clock: 13
P5: UPdate from Process 4 for id: 6 percent: 413
P5: Entry name: Process 1 : Write id: 6 Percent: 109
P5: Exit name: Process 1 : Write id: 6 Percent: 109 Clock: 13
P5: UPdate from Process 1 for id: 6 percent: 109
P5: Entry name: Process 4 : Write id: 0 Percent: 414
P5: Exit name: Process 4 : Write id: 0 Percent: 414 Clock: 14
P5: UPdate from Process 4 for id: 0 percent: 414
P5: Synch end 0
P5: Synch start 0
P5: Entry name: Process 1 : Write id: 0 Percent: 114
P5: Exit name: Process 1 : Write id: 0 Percent: 114 Clock: 14
P5: UPdate from Process 1 for id: 0 percent: 114
P5: Entry name: Process 3 : Write id: 1 Percent: 315
P5: Exit name: Process 3 : Write id: 1 Percent: 315 Clock: 15
P5: UPdate from Process 3 for id: 1 percent: 315
P5: Synch end 0
P5: Entry Read id: 1
P5: Exit Read id: 1 Percent: 315 Clock: 15
P5: Entry Read id: 6
P5: Exit Read id: 6 Percent: 109 Clock: 13
P5: Synch start 0
P5: Entry name: Process 4 : Write id: 1 Percent: 415
P5: Exit name: Process 4 : Write id: 1 Percent: 415 Clock: 15
P5: UPdate from Process 4 for id: 1 percent: 415
P5: Entry name: Process 2 : Write id: 2 Percent: 216
P5: Exit name: Process 2 : Write id: 2 Percent: 216 Clock: 16
P5: UPdate from Process 2 for id: 2 percent: 216
P5: Entry name: Process 4 : Write id: 2 Percent: 416
P5: Exit name: Process 4 : Write id: 2 Percent: 416 Clock: 16
P5: UPdate from Process 4 for id: 2 percent: 416
P5: Entry name: Process 1 : Write id: 2 Percent: 116
P5: Exit name: Process 1 : Write id: 2 Percent: 116 Clock: 16
P5: UPdate from Process 1 for id: 2 percent: 116
P5: Entry name: Process 2 : Write id: 3 Percent: 217
P5: Exit name: Process 2 : Write id: 3 Percent: 217 Clock: 17
P5: UPdate from Process 2 for id: 3 percent: 217
P5: Entry name: Process 4 : Write id: 3 Percent: 417
P5: Exit name: Process 4 : Write id: 3 Percent: 417 Clock: 17
P5: UPdate from Process 4 for id: 3 percent: 417
P5: Synch end 0
P5: Synch start 0
P5: Entry name: Process 3 : Write id: 4 Percent: 318
P5: Exit name: Process 3 : Write id: 4 Percent: 318 Clock: 18
P5: UPdate from Process 3 for id: 4 percent: 318
P5: Entry name: Process 2 : Write id: 4 Percent: 218
P5: Exit name: Process 2 : Write id: 4 Percent: 218 Clock: 18
P5: UPdate from Process 2 for id: 4 percent: 218
P5: Entry name: Process 1 : Write id: 3 Percent: 117
P5: Exit name: Process 1 : Write id: 3 Percent: 117 Clock: 17
P5: UPdate from Process 1 for id: 3 percent: 117
P5: Entry name: Process 4 : Write id: 4 Percent: 418
P5: Exit name: Process 4 : Write id: 4 Percent: 418 Clock: 18
P5: UPdate from Process 4 for id: 4 percent: 418
P5: Synch end 0
P5: Synch start 0
P5: Entry name: Process 2 : Write id: 5 Percent: 219
P5: Exit name: Process 2 : Write id: 5 Percent: 219 Clock: 19
P5: UPdate from Process 2 for id: 5 percent: 219
P5: Entry name: Process 4 : Write id: 5 Percent: 419
P5: Exit name: Process 4 : Write id: 5 Percent: 419 Clock: 19
P5: UPdate from Process 4 for id: 5 percent: 419
P5: Synch end 0
P5: Synch start 0
P5: Entry name: Process 3 : Write id: 6 Percent: 320
P5: Exit name: Process 3 : Write id: 6 Percent: 320 Clock: 20
P5: UPdate from Process 3 for id: 6 percent: 320
P5: Synch end 0
