P2: Entry Read id: 2
P2: Exit Read id: 2 Percent: 0 Clock: 0
P2: Synch start 0
P2: Entry name: Process 4 : Write id: 0 Percent: 1
P2: Exit name: Process 4 : Write id: 0 Percent: 1 Clock: 0
P2: UPdate from Process 4 for id: 0 percent: 1
P2: Entry name: Process 3 : Write id: 0 Percent: 1
P2: Exit name: Process 3 : Write id: 0 Percent: 1 Clock: 0
P2: UPdate from Process 3 for id: 0 percent: 1
P2: Entry name: Process 3 : Write id: 1 Percent: 1
P2: Exit name: Process 3 : Write id: 1 Percent: 1 Clock: 1
P2: UPdate from Process 3 for id: 1 percent: 1
P2: Synch end 0
P2: Entry Read id: 4
P2: Exit Read id: 4 Percent: 0 Clock: 0
P2: Entry Read id: 1
P2: Exit Read id: 1 Percent: 1 Clock: 1
P2: Synch start 0
P2: Entry name: Process 1 : Write id: 1 Percent: 1
P2: Exit name: Process 1 : Write id: 1 Percent: 1 Clock: 1
P2: UPdate from Process 1 for id: 1 percent: 1
P2: Entry name: Process 5 : Write id: 1 Percent: 1
P2: Exit name: Process 5 : Write id: 1 Percent: 1 Clock: 1
P2: UPdate from Process 5 for id: 1 percent: 1
P2: Entry name: Process 4 : Write id: 2 Percent: 1
P2: Exit name: Process 4 : Write id: 2 Percent: 1 Clock: 2
P2: UPdate from Process 4 for id: 2 percent: 1
P2: Entry name: Process 1 : Write id: 2 Percent: 1
P2: Exit name: Process 1 : Write id: 2 Percent: 1 Clock: 2
P2: UPdate from Process 1 for id: 2 percent: 1
P2: Synch end 0
P2: Entry Read id: 5
P2: Exit Read id: 5 Percent: 0 Clock: 0
P2: Synch start 0
P2: Entry name: Process 4 : Write id: 3 Percent: 1
P2: Exit name: Process 4 : Write id: 3 Percent: 1 Clock: 3
P2: UPdate from Process 4 for id: 3 percent: 1
P2: Entry name: Process 1 : Write id: 3 Percent: 1
P2: Exit name: Process 1 : Write id: 3 Percent: 1 Clock: 3
P2: UPdate from Process 1 for id: 3 percent: 1
P2: Entry name: Process 4 : Write id: 4 Percent: 1
P2: Exit name: Process 4 : Write id: 4 Percent: 1 Clock: 4
P2: UPdate from Process 4 for id: 4 percent: 1
P2: Entry name: Process 1 : Write id: 4 Percent: 1
P2: Exit name: Process 1 : Write id: 4 Percent: 1 Clock: 4
P2: UPdate from Process 1 for id: 4 percent: 1
P2: Synch end 0
P2: Synch start 0
P2: Entry name: Process 4 : Write id: 5 Percent: 1
P2: Exit name: Process 4 : Write id: 5 Percent: 1 Clock: 5
P2: UPdate from Process 4 for id: 5 percent: 1
P2: Entry name: Process 5 : Write id: 5 Percent: 1
P2: Exit name: Process 5 : Write id: 5 Percent: 1 Clock: 5
P2: UPdate from Process 5 for id: 5 percent: 1
P2: Entry name: Process 1 : Write id: 6 Percent: 1
P2: Exit name: Process 1 : Write id: 6 Percent: 1 Clock: 6
P2: UPdate from Process 1 for id: 6 percent: 1
P2: Synch end 0
P2: Synch start 0
P2: Entry name: Process 4 : Write id: 0 Percent: 407
P2: Exit name: Process 4 : Write id: 0 Percent: 407 Clock: 7
P2: UPdate from Process 4 for id: 0 percent: 407
P2: Entry name: Process 5 : Write id: 0 Percent: 507
P2: Exit name: Process 5 : Write id: 0 Percent: 507 Clock: 7
P2: UPdate from Process 5 for id: 0 percent: 507
P2: Entry name: Process 1 : Write id: 0 Percent: 107
P2: Exit name: Process 1 : Write id: 0 Percent: 107 Clock: 7
P2: UPdate from Process 1 for id: 0 percent: 107
P2: Entry name: Process 3 : Write id: 1 Percent: 308
P2: Exit name: Process 3 : Write id: 1 Percent: 308 Clock: 8
P2: UPdate from Process 3 for id: 1 percent: 308
P2: Synch end 0
P2: Entry Read id: 3
P2: Exit Read id: 3 Percent: 1 Clock: 3
P2: Entry Read id: 3
P2: Exit Read id: 3 Percent: 1 Clock: 3
P2: Entry Read id: 5
P2: Exit Read id: 5 Percent: 1 Clock: 5
P2: Entry Read id: 1
P2: Exit Read id: 1 Percent: 308 Clock: 8
P2: Entry Read id: 5
P2: Exit Read id: 5 Percent: 1 Clock: 5
P2: Entry Read id: 1
P2: Exit Read id: 1 Percent: 308 Clock: 8
P2: Synch start 0
P2: Entry name: Process 5 : Write id: 1 Percent: 508
P2: Exit name: Process 5 : Write id: 1 Percent: 508 Clock: 8
P2: UPdate from Process 5 for id: 1 percent: 508
P2: Entry name: Process 4 : Write id: 1 Percent: 408
P2: Exit name: Process 4 : Write id: 1 Percent: 408 Clock: 8
P2: UPdate from Process 4 for id: 1 percent: 408
P2: Entry name: Process 1 : Write id: 1 Percent: 108
P2: Exit name: Process 1 : Write id: 1 Percent: 108 Clock: 8
P2: UPdate from Process 1 for id: 1 percent: 108
P2: Entry name: Process 5 : Write id: 2 Percent: 509
P2: Exit name: Process 5 : Write id: 2 Percent: 509 Clock: 9
P2: UPdate from Process 5 for id: 2 percent: 509
P2: Entry name: Process 1 : Write id: 2 Percent: 109
P2: Exit name: Process 1 : Write id: 2 Percent: 109 Clock: 9
P2: UPdate from Process 1 for id: 2 percent: 109
P2: Entry name: Process 3 : Write id: 3 Percent: 310
P2: Exit name: Process 3 : Write id: 3 Percent: 310 Clock: 10
P2: UPdate from Process 3 for id: 3 percent: 310
P2: Entry name: Process 5 : Write id: 4 Percent: 511
P2: Exit name: Process 5 : Write id: 4 Percent: 511 Clock: 11
P2: UPdate from Process 5 for id: 4 percent: 511
P2: Entry name: Process 4 : Write id: 5 Percent: 412
P2: Exit name: Process 4 : Write id: 5 Percent: 412 Clock: 12
P2: UPdate from Process 4 for id: 5 percent: 412
P2: Synch end 0
P2: Synch start 0
P2: Entry name: Process 4 : Write id: 6 Percent: 413
P2: Exit name: Process 4 : Write id: 6 Percent: 413 Clock: 13
P2: UPdate from Process 4 for id: 6 percent: 413
P2: Entry name: Process 1 : Write id: 6 Percent: 109
P2: Exit name: Process 1 : Write id: 6 Percent: 109 Clock: 13
P2: UPdate from Process 1 for id: 6 percent: 109
P2: Entry name: Process 4 : Write id: 0 Percent: 414
P2: Exit name: Process 4 : Write id: 0 Percent: 414 Clock: 14
P2: UPdate from Process 4 for id: 0 percent: 414
P2: Entry name: Process 5 : Write id: 0 Percent: 514
P2: Exit name: Process 5 : Write id: 0 Percent: 514 Clock: 14
P2: UPdate from Process 5 for id: 0 percent: 514
P2: Entry name: Process 1 : Write id: 0 Percent: 114
P2: Exit name: Process 1 : Write id: 0 Percent: 114 Clock: 14
P2: UPdate from Process 1 for id: 0 percent: 114
P2: Synch end 0
P2: Synch start 0
P2: Entry name: Process 3 : Write id: 1 Percent: 315
P2: Exit name: Process 3 : Write id: 1 Percent: 315 Clock: 15
P2: UPdate from Process 3 for id: 1 percent: 315
P2: Entry name: Process 4 : Write id: 1 Percent: 415
P2: Exit name: Process 4 : Write id: 1 Percent: 415 Clock: 15
P2: UPdate from Process 4 for id: 1 percent: 415
P2: Entry name: Process 5 : Write id: 1 Percent: 515
P2: Exit name: Process 5 : Write id: 1 Percent: 515 Clock: 15
P2: UPdate from Process 5 for id: 1 percent: 515
P2: Entry name: Process 4 : Write id: 2 Percent: 416
P2: Exit name: Process 4 : Write id: 2 Percent: 416 Clock: 16
P2: UPdate from Process 4 for id: 2 percent: 416
P2: Synch end 0
P2: Synch start 0
P2: Entry name: Process 5 : Write id: 2 Percent: 516
P2: Exit name: Process 5 : Write id: 2 Percent: 516 Clock: 16
P2: UPdate from Process 5 for id: 2 percent: 516
P2: Entry name: Process 1 : Write id: 2 Percent: 116
P2: Exit name: Process 1 : Write id: 2 Percent: 116 Clock: 16
P2: UPdate from Process 1 for id: 2 percent: 116
P2: Entry name: Process 4 : Write id: 3 Percent: 417
P2: Exit name: Process 4 : Write id: 3 Percent: 417 Clock: 17
P2: UPdate from Process 4 for id: 3 percent: 417
P2: Synch end 0
P2: Synch start 0
P2: Entry name: Process 3 : Write id: 4 Percent: 318
P2: Exit name: Process 3 : Write id: 4 Percent: 318 Clock: 18
P2: UPdate from Process 3 for id: 4 percent: 318
P2: Entry name: Process 1 : Write id: 3 Percent: 117
P2: Exit name: Process 1 : Write id: 3 Percent: 117 Clock: 17
P2: UPdate from Process 1 for id: 3 percent: 117
P2: Entry name: Process 4 : Write id: 4 Percent: 418
P2: Exit name: Process 4 : Write id: 4 Percent: 418 Clock: 18
P2: UPdate from Process 4 for id: 4 percent: 418
P2: Synch end 0
P2: Synch start 0
P2: Entry name: Process 5 : Write id: 5 Percent: 519
P2: Exit name: Process 5 : Write id: 5 Percent: 519 Clock: 19
P2: UPdate from Process 5 for id: 5 percent: 519
P2: Entry name: Process 4 : Write id: 5 Percent: 419
P2: Exit name: Process 4 : Write id: 5 Percent: 419 Clock: 19
P2: UPdate from Process 4 for id: 5 percent: 419
P2: Synch end 0
P2: Synch start 0
P2: Entry name: Process 3 : Write id: 6 Percent: 320
P2: Exit name: Process 3 : Write id: 6 Percent: 320 Clock: 20
P2: UPdate from Process 3 for id: 6 percent: 320
P2: Synch end 0
P2: Synch start 0
P2: Entry name: Process 1 : Write id: 5 Percent: 119
P2: Exit name: Process 1 : Write id: 5 Percent: 119 Clock: 19
P2: UPdate from Process 1 for id: 5 percent: 119
P2: Synch end 0
