P3: Entry Read id: 1
P4: Entry Read id: 5
P4: Exit Read id: 5 Percent: 11 Clock: 19
P3: Exit Read id: 1 Percent: 1 Clock: 1
P6: Entry Read id: 3
P2: Entry Read id: 6
P6: Exit Read id: 3 Percent: 1 Clock: 3
P2: Exit Read id: 6 Percent: 41 Clock: 20
P2: Synch start 0
P3: Synch start 0
P4: Synch start 0
P6: Synch start 0
P4: Entry Read id: 1
P4: Exit Read id: 1 Percent: 41 Clock: 1
P2: Synch start 0
P6: Synch start 0
P2: Entry Write id: 1 Percent: 46
P2: Exit Write id: 1 Percent: 46 Clock: 1
UPdate from Process 5 for id: 1 percent: 46
P4: Synch start 0
P3: Synch start 0
P6: Entry Write id: 1 Percent: 46
P6: Exit Write id: 1 Percent: 46 Clock: 1
UPdate from Process 5 for id: 1 percent: 46
P4: Entry Write id: 1 Percent: 46
P4: Exit Write id: 1 Percent: 46 Clock: 1
UPdate from Process 5 for id: 1 percent: 46
P3: Entry Write id: 1 Percent: 46
P3: Exit Write id: 1 Percent: 46 Clock: 1
UPdate from Process 5 for id: 1 percent: 46
P5: Synch start 0
P6: Entry Read id: 2
P6: Exit Read id: 2 Percent: 6 Clock: 9
P2: Entry Read id: 3
P4: Entry Read id: 0
P2: Exit Read id: 3 Percent: 11 Clock: 17
P4: Exit Read id: 0 Percent: 36 Clock: 0
P6: Synch start 0
P5: Entry Write id: 1 Percent: 6
P6: Entry Write id: 1 Percent: 6
P6: Exit Write id: 1 Percent: 6 Clock: 0
UPdate from Process 3 for id: 1 percent: 6
P5: Exit Write id: 1 Percent: 6 Clock: 0
UPdate from Process 3 for id: 1 percent: 6
P3: Synch start 0
P3: Entry Write id: 1 Percent: 46
P3: Exit Write id: 1 Percent: 46 Clock: 0
UPdate from Process 6 for id: 1 percent: 46
P4: Synch start 0
P4: Entry Write id: 1 Percent: 6
P4: Exit Write id: 1 Percent: 6 Clock: 0
UPdate from Process 3 for id: 1 percent: 6
P2: Synch start 0
P2: Entry Write id: 1 Percent: 6
P2: Exit Write id: 1 Percent: 6 Clock: 0
UPdate from Process 3 for id: 1 percent: 6
P5: Synch start 0
P5: Entry Write id: 1 Percent: 11
P5: Exit Write id: 1 Percent: 11 Clock: 0
UPdate from Process 2 for id: 1 percent: 11
P3: Synch start 0
P6: Entry Read id: 5
P6: Exit Read id: 5 Percent: 26 Clock: 5
P3: Entry Write id: 2 Percent: 41
P3: Exit Write id: 2 Percent: 41 Clock: 2
UPdate from Process 5 for id: 2 percent: 41
P4: Synch start 0
P4: Entry Write id: 2 Percent: 41
P4: Entry Write id: 1 Percent: 11
P4: Exit Write id: 2 Percent: 41 Clock: 2
UPdate from Process 5 for id: 2 percent: 41
P4: Exit Write id: 1 Percent: 11 Clock: 0
UPdate from Process 2 for id: 1 percent: 11
P2: Synch start 0
P2: Entry Write id: 2 Percent: 41
P2: Exit Write id: 2 Percent: 41 Clock: 2
UPdate from Process 5 for id: 2 percent: 41
P6: Synch start 0
P6: Entry Write id: 2 Percent: 41
P6: Exit Write id: 2 Percent: 41 Clock: 2
UPdate from Process 5 for id: 2 percent: 41
P5: Synch start 0
P5: Entry Write id: 2 Percent: 11
P5: Entry Write id: 3 Percent: 16
P5: Exit Write id: 3 Percent: 16 Clock: 2
P5: Exit Write id: 2 Percent: 11 Clock: 1
UPdate from Process 3 for id: 3 percent: 16
UPdate from Process 3 for id: 2 percent: 11
P6: Entry Read id: 0
P6: Exit Read id: 0 Percent: 41 Clock: 7
P3: Synch start 0
P3: Entry Write id: 3 Percent: 16
P3: Exit Write id: 3 Percent: 16 Clock: 3
UPdate from Process 5 for id: 3 percent: 16
P2: Synch start 0
P2: Entry Write id: 3 Percent: 16
P2: Exit Write id: 3 Percent: 16 Clock: 3
UPdate from Process 5 for id: 3 percent: 16
P4: Synch start 0
P4: Entry Write id: 3 Percent: 16
P4: Entry Write id: 2 Percent: 11
P4: Exit Write id: 3 Percent: 16 Clock: 3
UPdate from Process 5 for id: 3 percent: 16
P4: Exit Write id: 2 Percent: 11 Clock: 1
UPdate from Process 3 for id: 2 percent: 11
P6: Synch start 0
P6: Entry Write id: 3 Percent: 16
P6: Exit Write id: 3 Percent: 16 Clock: 3
UPdate from Process 5 for id: 3 percent: 16
P5: Synch start 0
P5: Entry Write id: 3 Percent: 16
P5: Entry Write id: 4 Percent: 26
P5: Exit Write id: 3 Percent: 16 Clock: 0
UPdate from Process 4 for id: 3 percent: 16
P5: Exit Write id: 4 Percent: 26 Clock: 3
UPdate from Process 3 for id: 4 percent: 26
P3: Entry Read id: 3
P3: Exit Read id: 3 Percent: 16 Clock: 3
P2: Entry Read id: 1
P2: Exit Read id: 1 Percent: 6 Clock: 0
P4: Synch start 0
P6: Entry Read id: 0
P6: Exit Read id: 0 Percent: 41 Clock: 7
P4: Entry Write id: 3 Percent: 16
P4: Entry Write id: 4 Percent: 16
P4: Exit Write id: 3 Percent: 16 Clock: 1
UPdate from Process 2 for id: 3 percent: 16
P4: Exit Write id: 4 Percent: 16 Clock: 4
UPdate from Process 5 for id: 4 percent: 16
P3: Synch start 0
P3: Entry Write id: 4 Percent: 16
P3: Entry Write id: 3 Percent: 16
P3: Exit Write id: 4 Percent: 16 Clock: 4
UPdate from Process 5 for id: 4 percent: 16
P3: Exit Write id: 3 Percent: 16 Clock: 0
UPdate from Process 4 for id: 3 percent: 16
P6: Synch start 0
P6: Entry Write id: 3 Percent: 16
P6: Entry Write id: 4 Percent: 16
P6: Exit Write id: 3 Percent: 16 Clock: 1
UPdate from Process 2 for id: 3 percent: 16
P6: Exit Write id: 4 Percent: 16 Clock: 4
UPdate from Process 5 for id: 4 percent: 16
P2: Synch start 0
P2: Entry Write id: 4 Percent: 16
P2: Exit Write id: 4 Percent: 16 Clock: 4
UPdate from Process 5 for id: 4 percent: 16
P5: Entry Read id: 1
P5: Exit Read id: 1 Percent: 11 Clock: 0
P3: Entry Read id: 4
P3: Exit Read id: 4 Percent: 16 Clock: 4
P3: Synch start 0
P3: Entry Write id: 4 Percent: 26
P3: Entry Write id: 5 Percent: 31
P3: Exit Write id: 4 Percent: 26 Clock: 2
UPdate from Process 2 for id: 4 percent: 26
P3: Exit Write id: 5 Percent: 31 Clock: 5
UPdate from Process 5 for id: 5 percent: 31
P4: Entry Read id: 3
P4: Exit Read id: 3 Percent: 16 Clock: 1
P6: Entry Read id: 5
P6: Exit Read id: 5 Percent: 26 Clock: 5
P5: Synch start 0
P5: Entry Write id: 4 Percent: 21
P5: Exit Write id: 4 Percent: 21 Clock: 1
UPdate from Process 4 for id: 4 percent: 21
P2: Synch start 0
P2: Entry Write id: 5 Percent: 31
P2: Entry Write id: 4 Percent: 21
P2: Exit Write id: 4 Percent: 21 Clock: 1
UPdate from Process 4 for id: 4 percent: 21
P2: Exit Write id: 5 Percent: 31 Clock: 5
UPdate from Process 5 for id: 5 percent: 31
P6: Synch start 0
P6: Entry Write id: 4 Percent: 21
P4: Synch start 0
P6: Exit Write id: 4 Percent: 21 Clock: 1
UPdate from Process 4 for id: 4 percent: 21
P4: Entry Write id: 4 Percent: 26
P4: Exit Write id: 4 Percent: 26 Clock: 2
UPdate from Process 2 for id: 4 percent: 26
P2: Entry Read id: 3
P2: Exit Read id: 3 Percent: 16 Clock: 3
P3: Synch start 0
P5: Synch start 0
P3: Entry Write id: 6 Percent: 46
P3: Entry Write id: 5 Percent: 16
P3: Exit Write id: 6 Percent: 46 Clock: 3
UPdate from Process 2 for id: 6 percent: 46
P3: Exit Write id: 5 Percent: 16 Clock: 2
UPdate from Process 4 for id: 5 percent: 16
P5: Entry Write id: 5 Percent: 16
P5: Exit Write id: 5 Percent: 16 Clock: 2
UPdate from Process 4 for id: 5 percent: 16
P6: Entry Read id: 5
P6: Exit Read id: 5 Percent: 26 Clock: 5
P6: Synch start 0
P4: Synch start 0
P6: Entry Write id: 5 Percent: 31
P6: Entry Write id: 6 Percent: 46
P6: Exit Write id: 5 Percent: 31 Clock: 5
UPdate from Process 5 for id: 5 percent: 31
P6: Exit Write id: 6 Percent: 46 Clock: 3
UPdate from Process 2 for id: 6 percent: 46
P4: Entry Write id: 5 Percent: 31
P4: Exit Write id: 5 Percent: 31 Clock: 5
UPdate from Process 5 for id: 5 percent: 31
P2: Synch start 0
P4: Entry Write id: 6 Percent: 46
P4: Exit Write id: 6 Percent: 46 Clock: 3
UPdate from Process 2 for id: 6 percent: 46
P2: Entry Write id: 5 Percent: 16
P2: Exit Write id: 5 Percent: 16 Clock: 2
UPdate from Process 4 for id: 5 percent: 16
P5: Entry Read id: 4
P5: Exit Read id: 4 Percent: 21 Clock: 1
P3: Entry Read id: 2
P3: Exit Read id: 2 Percent: 41 Clock: 2
P5: Synch start 0
P2: Entry Read id: 2
P2: Exit Read id: 2 Percent: 41 Clock: 2
P5: Entry Write id: 6 Percent: 46
P5: Exit Write id: 6 Percent: 46 Clock: 3
UPdate from Process 2 for id: 6 percent: 46
P4: Entry Read id: 1
P4: Exit Read id: 1 Percent: 11 Clock: 0
P3: Synch start 0
P6: Synch start 0
P4: Synch start 0
P2: Synch start 0
P5: Entry Read id: 0
P5: Exit Read id: 0 Percent: 41 Clock: 7
P3: Entry Read id: 2
P3: Exit Read id: 2 Percent: 41 Clock: 2
P3: Synch start 0
P5: Synch start 0
P4: Entry Read id: 3
P4: Exit Read id: 3 Percent: 16 Clock: 1
P6: Synch start 0
P2: Synch start 0
P4: Synch start 0
P3: Synch start 0
P3: Entry Write id: 2 Percent: 46
P3: Entry Write id: 1 Percent: 11
P5: Synch start 0
P3: Exit Write id: 2 Percent: 46 Clock: 2
UPdate from Process 6 for id: 2 percent: 46
P3: Exit Write id: 1 Percent: 11 Clock: 1
UPdate from Process 6 for id: 1 percent: 11
P5: Entry Write id: 1 Percent: 11
P5: Exit Write id: 1 Percent: 11 Clock: 1
UPdate from Process 6 for id: 1 percent: 11
P5: Entry Write id: 2 Percent: 46
P5: Exit Write id: 2 Percent: 46 Clock: 2
UPdate from Process 6 for id: 2 percent: 46
P6: Entry Read id: 3
P6: Exit Read id: 3 Percent: 16 Clock: 1
P4: Entry Read id: 0
P4: Exit Read id: 0 Percent: 36 Clock: 0
P4: Synch start 0
P6: Synch start 0
P4: Entry Write id: 1 Percent: 11
P4: Exit Write id: 1 Percent: 11 Clock: 1
UPdate from Process 6 for id: 1 percent: 11
P4: Entry Write id: 2 Percent: 46
P4: Exit Write id: 2 Percent: 46 Clock: 2
P2: Synch start 0
P6: Entry Write id: 2 Percent: 46
P6: Exit Write id: 2 Percent: 46 Clock: 4
UPdate from Process 2 for id: 2 percent: 46
UPdate from Process 6 for id: 2 percent: 46
P2: Entry Write id: 2 Percent: 46
P2: Entry Write id: 1 Percent: 11
P2: Exit Write id: 2 Percent: 46 Clock: 2
UPdate from Process 6 for id: 2 percent: 46
P2: Exit Write id: 1 Percent: 11 Clock: 1
UPdate from Process 6 for id: 1 percent: 11
P5: Synch start 0
P5: Entry Write id: 2 Percent: 46
P5: Entry Write id: 3 Percent: 21
P5: Exit Write id: 2 Percent: 46 Clock: 4
UPdate from Process 2 for id: 2 percent: 46
P5: Exit Write id: 3 Percent: 21 Clock: 5
UPdate from Process 3 for id: 3 percent: 21
P6: Entry Read id: 0
P6: Exit Read id: 0 Percent: 41 Clock: 7
P3: Synch start 0
P2: Synch start 0
P3: Entry Write id: 2 Percent: 46
P3: Entry Write id: 3 Percent: 21
P3: Exit Write id: 2 Percent: 46 Clock: 4
UPdate from Process 2 for id: 2 percent: 46
P3: Exit Write id: 3 Percent: 21 Clock: 7
UPdate from Process 5 for id: 3 percent: 21
P2: Entry Write id: 3 Percent: 21
P2: Exit Write id: 3 Percent: 21 Clock: 7
UPdate from Process 5 for id: 3 percent: 21
P4: Synch start 0
P4: Entry Write id: 3 Percent: 21
P4: Exit Write id: 3 Percent: 21 Clock: 7
UPdate from Process 5 for id: 3 percent: 21
P6: Synch start 0
P6: Entry Write id: 3 Percent: 21
P6: Exit Write id: 3 Percent: 21 Clock: 7
UPdate from Process 5 for id: 3 percent: 21
P5: Synch start 0
P5: Entry Write id: 3 Percent: 21
P5: Entry Write id: 4 Percent: 31
P5: Exit Write id: 3 Percent: 21 Clock: 5
P5: Exit Write id: 4 Percent: 31 Clock: 6
UPdate from Process 3 for id: 4 percent: 31
UPdate from Process 2 for id: 3 percent: 21
P3: Entry Read id: 3
P3: Exit Read id: 3 Percent: 21 Clock: 7
P3: Synch start 0
P6: Entry Read id: 6
P6: Exit Read id: 6 Percent: 46 Clock: 3
P3: Entry Write id: 3 Percent: 21
P3: Exit Write id: 3 Percent: 21 Clock: 5
UPdate from Process 2 for id: 3 percent: 21
P3: Entry Write id: 4 Percent: 26
P3: Exit Write id: 4 Percent: 26 Clock: 8
UPdate from Process 5 for id: 4 percent: 26
P4: Synch start 0
P6: Synch start 0
P2: Synch start 0
P4: Entry Write id: 4 Percent: 26
P4: Exit Write id: 4 Percent: 26 Clock: 8
UPdate from Process 5 for id: 4 percent: 26
P2: Entry Write id: 4 Percent: 26
P2: Exit Write id: 4 Percent: 26 Clock: 8
P6: Entry Write id: 4 Percent: 26
UPdate from Process 5 for id: 4 percent: 26
P6: Exit Write id: 4 Percent: 26 Clock: 8
UPdate from Process 5 for id: 4 percent: 26
P5: Entry Read id: 0
P5: Exit Read id: 0 Percent: 41 Clock: 7
P5: Synch start 0
P5: Entry Write id: 4 Percent: 26
P5: Exit Write id: 4 Percent: 26 Clock: 6
UPdate from Process 2 for id: 4 percent: 26
P2: Entry Read id: 3
P2: Exit Read id: 3 Percent: 21 Clock: 7
P6: Entry Read id: 2
P6: Exit Read id: 2 Percent: 46 Clock: 4
P3: Synch start 0
P3: Entry Write id: 4 Percent: 31
P3: Exit Write id: 4 Percent: 31 Clock: 4
UPdate from Process 4 for id: 4 percent: 31
P2: Synch start 0
P3: Entry Write id: 5 Percent: 21
P3: Exit Write id: 5 Percent: 21 Clock: 9
UPdate from Process 5 for id: 5 percent: 21
P2: Entry Write id: 4 Percent: 31
P4: Synch start 0
P2: Exit Write id: 4 Percent: 31 Clock: 4
UPdate from Process 4 for id: 4 percent: 31
P2: Entry Write id: 5 Percent: 21
P2: Exit Write id: 5 Percent: 21 Clock: 9
UPdate from Process 5 for id: 5 percent: 21
P4: Entry Write id: 5 Percent: 21
P4: Exit Write id: 5 Percent: 21 Clock: 9
UPdate from Process 5 for id: 5 percent: 21
P6: Synch start 0
P6: Entry Write id: 4 Percent: 31
P6: Exit Write id: 4 Percent: 31 Clock: 4
UPdate from Process 4 for id: 4 percent: 31
P6: Entry Write id: 5 Percent: 21
P6: Exit Write id: 5 Percent: 21 Clock: 9
UPdate from Process 5 for id: 5 percent: 21
P5: Entry Read id: 6
P5: Exit Read id: 6 Percent: 46 Clock: 3
P5: Synch start 0
P5: Entry Write id: 5 Percent: 21
P5: Exit Write id: 5 Percent: 21 Clock: 7
UPdate from Process 2 for id: 5 percent: 21
P3: Entry Read id: 6
P3: Exit Read id: 6 Percent: 46 Clock: 3
P3: Synch start 0
P3: Entry Write id: 5 Percent: 21
P3: Exit Write id: 5 Percent: 21 Clock: 7
UPdate from Process 2 for id: 5 percent: 21
P2: Entry Read id: 2
P2: Exit Read id: 2 Percent: 46 Clock: 2
P4: Entry Read id: 2
P4: Exit Read id: 2 Percent: 46 Clock: 2
P2: Synch start 0
P2: Entry Write id: 6 Percent: 51
P2: Entry Write id: 5 Percent: 36
P2: Exit Write id: 6 Percent: 51 Clock: 7
UPdate from Process 3 for id: 6 percent: 51
P2: Exit Write id: 5 Percent: 36 Clock: 5
UPdate from Process 4 for id: 5 percent: 36
P4: Synch start 0
P4: Entry Write id: 6 Percent: 51
P4: Exit Write id: 6 Percent: 51 Clock: 7
UPdate from Process 3 for id: 6 percent: 51
P6: Synch start 0
P6: Entry Write id: 5 Percent: 36
P6: Entry Write id: 6 Percent: 51
P6: Exit Write id: 5 Percent: 36 Clock: 5
UPdate from Process 4 for id: 5 percent: 36
P6: Exit Write id: 6 Percent: 51 Clock: 7
UPdate from Process 3 for id: 6 percent: 51
P5: Entry Read id: 3
P5: Exit Read id: 3 Percent: 21 Clock: 5
P5: Synch start 0
P5: Entry Write id: 6 Percent: 51
P3: Entry Read id: 3
P3: Exit Read id: 3 Percent: 21 Clock: 5
P5: Exit Write id: 6 Percent: 51 Clock: 7
UPdate from Process 3 for id: 6 percent: 51
P3: Synch start 0
P2: Entry Read id: 6
P2: Exit Read id: 6 Percent: 51 Clock: 7
P3: Entry Write id: 6 Percent: 51
P3: Exit Write id: 6 Percent: 51 Clock: 6
UPdate from Process 4 for id: 6 percent: 51
P2: Synch start 0
P6: Entry Read id: 0
P6: Exit Read id: 0 Percent: 41 Clock: 7
P2: Entry Write id: 6 Percent: 51
P2: Exit Write id: 6 Percent: 51 Clock: 6
UPdate from Process 4 for id: 6 percent: 51
P4: Synch start 0
P6: Synch start 0
P6: Entry Write id: 6 Percent: 51
P6: Exit Write id: 6 Percent: 51 Clock: 6
UPdate from Process 4 for id: 6 percent: 51
P5: Entry Read id: 0
P5: Exit Read id: 0 Percent: 41 Clock: 7
P5: Synch start 0
P3: Entry Read id: 1
P3: Exit Read id: 1 Percent: 11 Clock: 1
P3: Synch start 0
P2: Synch start 0
P4: Synch start 0
P6: Synch start 0
P4: Entry Write id: 2 Percent: 51
P6: Entry Write id: 1 Percent: 16
P4: Exit Write id: 2 Percent: 51 Clock: 8
UPdate from Process 2 for id: 2 percent: 51
P6: Exit Write id: 1 Percent: 16 Clock: 7
UPdate from Process 4 for id: 1 percent: 16
P6: Entry Write id: 2 Percent: 51
P6: Exit Write id: 2 Percent: 51 Clock: 8
UPdate from Process 2 for id: 2 percent: 51
P5: Entry Read id: 6
P5: Exit Read id: 6 Percent: 51 Clock: 7
P5: Synch start 0
P5: Entry Write id: 1 Percent: 16
P5: Entry Write id: 2 Percent: 51
P5: Exit Write id: 2 Percent: 51 Clock: 8
UPdate from Process 2 for id: 2 percent: 51
P5: Exit Write id: 1 Percent: 16 Clock: 7
UPdate from Process 4 for id: 1 percent: 16
P3: Entry Read id: 1
P3: Exit Read id: 1 Percent: 11 Clock: 1
P2: Synch start 0
P2: Entry Write id: 1 Percent: 16
P2: Entry Write id: 2 Percent: 51
P2: Exit Write id: 1 Percent: 16 Clock: 7
UPdate from Process 4 for id: 1 percent: 16
P2: Exit Write id: 2 Percent: 51 Clock: 8
UPdate from Process 4 for id: 2 percent: 51
P4: Entry Read id: 3
P4: Exit Read id: 3 Percent: 21 Clock: 7
P3: Synch start 0
P3: Entry Write id: 1 Percent: 16
P3: Exit Write id: 1 Percent: 16 Clock: 7
UPdate from Process 4 for id: 1 percent: 16
P3: Entry Write id: 2 Percent: 51
P3: Exit Write id: 2 Percent: 51 Clock: 8
UPdate from Process 2 for id: 2 percent: 51
P6: Entry Read id: 6
P6: Exit Read id: 6 Percent: 51 Clock: 6
P4: Synch start 0
P4: Entry Write id: 2 Percent: 51
P4: Exit Write id: 2 Percent: 51 Clock: 4
UPdate from Process 6 for id: 2 percent: 51
P6: Synch start 0
P6: Entry Write id: 2 Percent: 51
P6: Exit Write id: 2 Percent: 51 Clock: 8
UPdate from Process 4 for id: 2 percent: 51
P3: Synch start 0
P3: Entry Write id: 2 Percent: 51
P5: Synch start 0
P3: Exit Write id: 2 Percent: 51 Clock: 8
UPdate from Process 4 for id: 2 percent: 51
P2: Synch start 0
P5: Entry Write id: 2 Percent: 51
P5: Exit Write id: 2 Percent: 51 Clock: 8
UPdate from Process 4 for id: 2 percent: 51
P4: Entry Read id: 3
P4: Exit Read id: 3 Percent: 21 Clock: 7
P2: Entry Write id: 2 Percent: 51
P2: Exit Write id: 2 Percent: 51 Clock: 4
UPdate from Process 6 for id: 2 percent: 51
P6: Entry Read id: 2
P6: Exit Read id: 2 Percent: 51 Clock: 8
P4: Synch start 0
P6: Synch start 0
P4: Entry Write id: 4 Percent: 31
P4: Entry Write id: 3 Percent: 26
P4: Exit Write id: 4 Percent: 31 Clock: 10
UPdate from Process 5 for id: 4 percent: 31
P4: Exit Write id: 3 Percent: 26 Clock: 9
UPdate from Process 2 for id: 3 percent: 26
P6: Entry Write id: 3 Percent: 26
P6: Entry Write id: 4 Percent: 31
P6: Exit Write id: 4 Percent: 31 Clock: 10
UPdate from Process 5 for id: 4 percent: 31
P6: Exit Write id: 3 Percent: 26 Clock: 9
UPdate from Process 2 for id: 3 percent: 26
P3: Entry Read id: 3
P3: Exit Read id: 3 Percent: 21 Clock: 5
P5: Synch start 0
P5: Entry Write id: 4 Percent: 36
P5: Entry Write id: 3 Percent: 26
P5: Exit Write id: 4 Percent: 36 Clock: 8
UPdate from Process 3 for id: 4 percent: 36
P5: Exit Write id: 3 Percent: 26 Clock: 9
UPdate from Process 2 for id: 3 percent: 26
P3: Synch start 0
P2: Synch start 0
P2: Entry Write id: 4 Percent: 31
P2: Exit Write id: 4 Percent: 31 Clock: 10
UPdate from Process 5 for id: 4 percent: 31
P3: Entry Write id: 4 Percent: 31
P3: Entry Write id: 3 Percent: 26
P3: Exit Write id: 3 Percent: 26 Clock: 9
UPdate from Process 2 for id: 3 percent: 26
P3: Exit Write id: 4 Percent: 31 Clock: 10
UPdate from Process 5 for id: 4 percent: 31
P4: Synch start 0
P6: Entry Read id: 2
P6: Exit Read id: 2 Percent: 51 Clock: 8
P4: Entry Write id: 4 Percent: 36
P4: Exit Write id: 4 Percent: 36 Clock: 8
UPdate from Process 3 for id: 4 percent: 36
P6: Synch start 0
P6: Entry Write id: 4 Percent: 36
P6: Entry Write id: 5 Percent: 26
P6: Exit Write id: 5 Percent: 26 Clock: 11
UPdate from Process 5 for id: 5 percent: 26
P6: Exit Write id: 4 Percent: 36 Clock: 8
UPdate from Process 3 for id: 4 percent: 36
P5: Synch start 0
P5: Entry Write id: 5 Percent: 41
P5: Entry Write id: 4 Percent: 36
P5: Exit Write id: 5 Percent: 41 Clock: 11
UPdate from Process 2 for id: 5 percent: 41
P5: Exit Write id: 4 Percent: 36 Clock: 10
UPdate from Process 2 for id: 4 percent: 36
P3: Synch start 0
P2: Synch start 0
P2: Entry Write id: 5 Percent: 26
P2: Exit Write id: 5 Percent: 26 Clock: 11
UPdate from Process 5 for id: 5 percent: 26
P3: Entry Write id: 5 Percent: 26
P3: Entry Write id: 4 Percent: 36
P3: Exit Write id: 5 Percent: 26 Clock: 11
UPdate from Process 5 for id: 5 percent: 26
P3: Exit Write id: 4 Percent: 36 Clock: 10
UPdate from Process 2 for id: 4 percent: 36
P4: Entry Read id: 0
P4: Exit Read id: 0 Percent: 36 Clock: 0
P4: Synch start 0
P4: Entry Write id: 5 Percent: 26
P4: Exit Write id: 5 Percent: 26 Clock: 11
UPdate from Process 5 for id: 5 percent: 26
P4: Entry Write id: 6 Percent: 56
P4: Exit Write id: 6 Percent: 56 Clock: 12
UPdate from Process 5 for id: 6 percent: 56
P6: Synch start 0
P6: Entry Write id: 5 Percent: 41
P6: Entry Write id: 6 Percent: 56
P6: Exit Write id: 5 Percent: 41 Clock: 11
P6: Exit Write id: 6 Percent: 56 Clock: 12
UPdate from Process 5 for id: 6 percent: 56
UPdate from Process 2 for id: 5 percent: 41
P5: Synch start 0
P5: Entry Write id: 6 Percent: 56
P5: Entry Write id: 5 Percent: 26
P5: Exit Write id: 6 Percent: 56 Clock: 9
UPdate from Process 3 for id: 6 percent: 56
P5: Exit Write id: 5 Percent: 26 Clock: 9
UPdate from Process 4 for id: 5 percent: 26
P3: Entry Read id: 5
P3: Exit Read id: 5 Percent: 26 Clock: 11
P3: Synch start 0
P3: Entry Write id: 5 Percent: 26
P3: Exit Write id: 5 Percent: 26 Clock: 9
UPdate from Process 4 for id: 5 percent: 26
P3: Entry Write id: 6 Percent: 56
P3: Exit Write id: 6 Percent: 56 Clock: 12
UPdate from Process 5 for id: 6 percent: 56
P4: Entry Read id: 4
P4: Exit Read id: 4 Percent: 36 Clock: 8
P3: Entry Read id: 1
P3: Exit Read id: 1 Percent: 0 Clock: 0
P6: Entry Read id: 4
P6: Exit Read id: 4 Percent: 0 Clock: 0
P4: Entry Read id: 3
P4: Exit Read id: 3 Percent: 0 Clock: 0
P2: Entry Read id: 4
P2: Exit Read id: 4 Percent: 0 Clock: 0
P6: Synch start 0
P3: Synch start 0
P4: Synch start 0
P2: Synch start 0
P5: Entry Read id: 1
P5: Exit Read id: 1 Percent: 0 Clock: 0
P6: Entry Read id: 2
P6: Exit Read id: 2 Percent: 0 Clock: 0
P4: Entry Read id: 1
P4: Exit Read id: 1 Percent: 0 Clock: 0
P2: Synch start 0
P2: Entry Write id: 1 Percent: 1
P2: Exit Write id: 1 Percent: 1 Clock: 0
UPdate from Process 3 for id: 1 percent: 1
P5: Entry Read id: 6
P5: Exit Read id: 6 Percent: 0 Clock: 0
P3: Entry Read id: 4
P3: Exit Read id: 4 Percent: 0 Clock: 0
P6: Entry Read id: 4
P6: Exit Read id: 4 Percent: 0 Clock: 0
P5: Synch start 0
P4: Entry Read id: 6
P4: Exit Read id: 6 Percent: 0 Clock: 0
P6: Synch start 0
P5: Entry Write id: 1 Percent: 1
P6: Entry Write id: 1 Percent: 1
P6: Exit Write id: 1 Percent: 1 Clock: 0
UPdate from Process 3 for id: 1 percent: 1
P5: Exit Write id: 1 Percent: 1 Clock: 0
UPdate from Process 3 for id: 1 percent: 1
P3: Synch start 0
P3: Entry Write id: 1 Percent: 1
P4: Synch start 0
P3: Exit Write id: 1 Percent: 1 Clock: 0
UPdate from Process 2 for id: 1 percent: 1
P4: Entry Write id: 1 Percent: 1
P4: Exit Write id: 1 Percent: 1 Clock: 0
UPdate from Process 3 for id: 1 percent: 1
P5: Entry Read id: 4
P5: Exit Read id: 4 Percent: 0 Clock: 0
P3: Entry Read id: 1
P3: Exit Read id: 1 Percent: 1 Clock: 0
P6: Entry Read id: 0
P6: Exit Read id: 0 Percent: 0 Clock: 0
P2: Entry Read id: 5
P2: Exit Read id: 5 Percent: 0 Clock: 0
P4: Entry Read id: 3
P4: Exit Read id: 3 Percent: 0 Clock: 0
P5: Synch start 0
P5: Entry Write id: 1 Percent: 1
P4: Synch start 0
P6: Synch start 0
P5: Exit Write id: 1 Percent: 1 Clock: 0
UPdate from Process 2 for id: 1 percent: 1
P3: Synch start 0
P4: Entry Write id: 2 Percent: 1
P4: Exit Write id: 2 Percent: 1 Clock: 1
UPdate from Process 2 for id: 2 percent: 1
P6: Entry Write id: 1 Percent: 1
P3: Entry Write id: 2 Percent: 1
P3: Exit Write id: 2 Percent: 1 Clock: 1
UPdate from Process 2 for id: 2 percent: 1
P6: Exit Write id: 1 Percent: 1 Clock: 0
UPdate from Process 2 for id: 1 percent: 1
P5: Entry Read id: 5
P5: Exit Read id: 5 Percent: 0 Clock: 0
P3: Entry Read id: 1
P3: Exit Read id: 1 Percent: 1 Clock: 0
P6: Entry Read id: 4
P6: Exit Read id: 4 Percent: 0 Clock: 0
P6: Synch start 0
P6: Entry Write id: 2 Percent: 1
P5: Synch start 0
P6: Exit Write id: 2 Percent: 1 Clock: 1
UPdate from Process 2 for id: 2 percent: 1
P5: Entry Write id: 2 Percent: 1
P5: Exit Write id: 2 Percent: 1 Clock: 1
UPdate from Process 2 for id: 2 percent: 1
P4: Entry Read id: 5
P4: Exit Read id: 5 Percent: 0 Clock: 0
P5: Entry Read id: 6
P5: Exit Read id: 6 Percent: 0 Clock: 0
P5: Synch start 0
P5: Entry Write id: 4 Percent: 1
P5: Exit Write id: 4 Percent: 1 Clock: 2
UPdate from Process 2 for id: 4 percent: 1
P2: Entry Read id: 4
P2: Exit Read id: 4 Percent: 0 Clock: 0
P3: Synch start 0
P3: Entry Write id: 4 Percent: 1
P3: Exit Write id: 4 Percent: 1 Clock: 2
UPdate from Process 2 for id: 4 percent: 1
P4: Entry Read id: 4
P4: Exit Read id: 4 Percent: 0 Clock: 0
P6: Synch start 0
P2: Synch start 0
P6: Entry Write id: 4 Percent: 1
P2: Entry Write id: 5 Percent: 1
P6: Exit Write id: 4 Percent: 1 Clock: 2
UPdate from Process 2 for id: 4 percent: 1
P2: Exit Write id: 5 Percent: 1 Clock: 1
UPdate from Process 3 for id: 5 percent: 1
P4: Synch start 0
P4: Entry Write id: 5 Percent: 1
P4: Entry Write id: 4 Percent: 1
P4: Exit Write id: 5 Percent: 1 Clock: 1
UPdate from Process 3 for id: 5 percent: 1
P4: Exit Write id: 4 Percent: 1 Clock: 2
UPdate from Process 2 for id: 4 percent: 1
P5: Entry Read id: 2
P5: Exit Read id: 2 Percent: 1 Clock: 1
P6: Synch start 0
P6: Entry Write id: 5 Percent: 1
P6: Exit Write id: 5 Percent: 1 Clock: 1
UPdate from Process 3 for id: 5 percent: 1
P5: Synch start 0
P5: Entry Write id: 5 Percent: 1
P5: Exit Write id: 5 Percent: 1 Clock: 1
UPdate from Process 3 for id: 5 percent: 1
P3: Synch start 0
P3: Entry Write id: 5 Percent: 1
P3: Exit Write id: 5 Percent: 1 Clock: 0
UPdate from Process 6 for id: 5 percent: 1
P2: Synch start 0
P2: Entry Write id: 5 Percent: 1
P2: Entry Write id: 6 Percent: 1
P2: Exit Write id: 6 Percent: 1 Clock: 2
UPdate from Process 3 for id: 6 percent: 1
P2: Exit Write id: 5 Percent: 1 Clock: 0
UPdate from Process 6 for id: 5 percent: 1
P4: Synch start 0
P4: Entry Write id: 5 Percent: 1
P4: Entry Write id: 6 Percent: 1
P4: Exit Write id: 6 Percent: 1 Clock: 2
UPdate from Process 3 for id: 6 percent: 1
P4: Exit Write id: 5 Percent: 1 Clock: 0
UPdate from Process 6 for id: 5 percent: 1
P5: Entry Read id: 0
P5: Exit Read id: 0 Percent: 0 Clock: 0
P5: Synch start 0
P5: Entry Write id: 6 Percent: 1
P5: Entry Write id: 5 Percent: 1
P5: Exit Write id: 6 Percent: 1 Clock: 2
UPdate from Process 3 for id: 6 percent: 1
P5: Exit Write id: 5 Percent: 1 Clock: 0
UPdate from Process 6 for id: 5 percent: 1
P2: Entry Read id: 3
P2: Exit Read id: 3 Percent: 0 Clock: 0
P4: Entry Read id: 1
P4: Exit Read id: 1 Percent: 1 Clock: 0
P3: Synch start 0
P2: Synch start 0
P3: Entry Write id: 6 Percent: 1
P3: Exit Write id: 6 Percent: 1 Clock: 1
UPdate from Process 6 for id: 6 percent: 1
P6: Synch start 0
P2: Entry Write id: 6 Percent: 1
P2: Exit Write id: 6 Percent: 1 Clock: 1
UPdate from Process 6 for id: 6 percent: 1
P6: Entry Write id: 6 Percent: 1
P6: Exit Write id: 6 Percent: 1 Clock: 2
UPdate from Process 3 for id: 6 percent: 1
P4: Synch start 0
P4: Entry Write id: 6 Percent: 1
P4: Exit Write id: 6 Percent: 1 Clock: 1
UPdate from Process 6 for id: 6 percent: 1
P5: Synch start 0
P5: Entry Write id: 6 Percent: 1
P5: Exit Write id: 6 Percent: 1 Clock: 3
UPdate from Process 2 for id: 6 percent: 1
P3: Entry Read id: 2
P3: Exit Read id: 2 Percent: 1 Clock: 1
P3: Synch start 0
P3: Entry Write id: 6 Percent: 1
P3: Exit Write id: 6 Percent: 1 Clock: 0
UPdate from Process 4 for id: 6 percent: 1
P6: Entry Read id: 3
P6: Exit Read id: 3 Percent: 0 Clock: 0
P2: Synch start 0
P6: Synch start 0
P4: Synch start 0
P6: Entry Write id: 6 Percent: 1
P6: Exit Write id: 6 Percent: 1 Clock: 0
UPdate from Process 4 for id: 6 percent: 1
P5: Entry Read id: 0
P5: Exit Read id: 0 Percent: 0 Clock: 0
P5: Synch start 0
P3: Entry Read id: 1
P3: Exit Read id: 1 Percent: 1 Clock: 0
P3: Synch start 0
P3: Entry Write id: 1 Percent: 6
P3: Exit Write id: 1 Percent: 6 Clock: 1
UPdate from Process 5 for id: 1 percent: 6
P4: Entry Read id: 6
P4: Exit Read id: 6 Percent: 1 Clock: 1
P2: Synch start 0
P6: Synch start 0
P2: Entry Write id: 1 Percent: 6
P2: Exit Write id: 1 Percent: 6 Clock: 1
UPdate from Process 5 for id: 1 percent: 6
P6: Entry Write id: 1 Percent: 6
P6: Exit Write id: 1 Percent: 6 Clock: 1
UPdate from Process 5 for id: 1 percent: 6
P4: Synch start 0
P4: Entry Write id: 1 Percent: 6
P4: Exit Write id: 1 Percent: 6 Clock: 1
UPdate from Process 5 for id: 1 percent: 6
P5: Entry Read id: 0
P5: Exit Read id: 0 Percent: 0 Clock: 0
P2: Entry Read id: 2
P2: Exit Read id: 2 Percent: 0 Clock: 0
P5: Synch start 0
P5: Entry Write id: 1 Percent: 6
P5: Exit Write id: 1 Percent: 6 Clock: 4
UPdate from Process 2 for id: 1 percent: 6
P4: Entry Read id: 0
P4: Exit Read id: 0 Percent: 0 Clock: 0
P3: Synch start 0
P6: Synch start 0
P2: Synch start 0
P3: Entry Write id: 2 Percent: 6
P3: Entry Write id: 1 Percent: 6
P3: Exit Write id: 2 Percent: 6 Clock: 5
UPdate from Process 2 for id: 2 percent: 6
P3: Exit Write id: 1 Percent: 6 Clock: 1
UPdate from Process 4 for id: 1 percent: 6
P2: Entry Write id: 1 Percent: 6
P2: Exit Write id: 1 Percent: 6 Clock: 1
UPdate from Process 4 for id: 1 percent: 6
P6: Entry Write id: 1 Percent: 6
P6: Exit Write id: 1 Percent: 6 Clock: 1
UPdate from Process 4 for id: 1 percent: 6
P4: Synch start 0
P4: Entry Write id: 2 Percent: 6
P4: Exit Write id: 2 Percent: 6 Clock: 5
UPdate from Process 2 for id: 2 percent: 6
P5: Entry Read id: 5
P5: Exit Read id: 5 Percent: 1 Clock: 0
P5: Synch start 0
P5: Entry Write id: 2 Percent: 6
P5: Exit Write id: 2 Percent: 6 Clock: 5
UPdate from Process 2 for id: 2 percent: 6
P6: Entry Read id: 4
P6: Exit Read id: 4 Percent: 1 Clock: 2
P3: Synch start 0
P3: Entry Write id: 2 Percent: 6
P3: Exit Write id: 2 Percent: 6 Clock: 3
UPdate from Process 6 for id: 2 percent: 6
P6: Synch start 0
P6: Entry Write id: 2 Percent: 6
P2: Synch start 0
P4: Synch start 0
P6: Entry Write id: 3 Percent: 6
P6: Exit Write id: 2 Percent: 6 Clock: 5
UPdate from Process 2 for id: 2 percent: 6
P6: Exit Write id: 3 Percent: 6 Clock: 4
UPdate from Process 3 for id: 3 percent: 6
P2: Entry Write id: 2 Percent: 6
P2: Entry Write id: 3 Percent: 6
P2: Exit Write id: 2 Percent: 6 Clock: 3
UPdate from Process 6 for id: 2 percent: 6
P2: Exit Write id: 3 Percent: 6 Clock: 4
UPdate from Process 3 for id: 3 percent: 6
P4: Entry Write id: 3 Percent: 6
P4: Exit Write id: 3 Percent: 6 Clock: 4
UPdate from Process 3 for id: 3 percent: 6
P5: Entry Read id: 5
P5: Exit Read id: 5 Percent: 1 Clock: 0
P3: Entry Read id: 4
P3: Exit Read id: 4 Percent: 1 Clock: 2
P5: Synch start 0
P5: Entry Write id: 3 Percent: 6
P3: Synch start 0
P5: Exit Write id: 3 Percent: 6 Clock: 4
UPdate from Process 3 for id: 3 percent: 6
P5: Entry Write id: 4 Percent: 6
P2: Entry Read id: 4
P2: Exit Read id: 4 Percent: 0 Clock: 0
P5: Exit Write id: 4 Percent: 6 Clock: 5
UPdate from Process 3 for id: 4 percent: 6
P3: Entry Write id: 3 Percent: 6
P3: Exit Write id: 3 Percent: 6 Clock: 4
UPdate from Process 6 for id: 3 percent: 6
P3: Entry Write id: 4 Percent: 6
P3: Exit Write id: 4 Percent: 6 Clock: 6
UPdate from Process 2 for id: 4 percent: 6
P4: Entry Read id: 2
P4: Exit Read id: 2 Percent: 6 Clock: 5
P2: Synch start 0
P2: Entry Write id: 3 Percent: 6
P2: Entry Write id: 4 Percent: 6
P2: Exit Write id: 3 Percent: 6 Clock: 4
UPdate from Process 6 for id: 3 percent: 6
P6: Synch start 0
P2: Exit Write id: 4 Percent: 6 Clock: 5
UPdate from Process 3 for id: 4 percent: 6
P6: Entry Write id: 4 Percent: 6
P6: Exit Write id: 4 Percent: 6 Clock: 5
UPdate from Process 3 for id: 4 percent: 6
P4: Synch start 0
P4: Entry Write id: 4 Percent: 6
P4: Exit Write id: 4 Percent: 6 Clock: 5
UPdate from Process 3 for id: 4 percent: 6
P5: Synch start 0
P5: Entry Write id: 4 Percent: 6
P5: Exit Write id: 4 Percent: 6 Clock: 6
UPdate from Process 2 for id: 4 percent: 6
P3: Entry Read id: 0
P3: Exit Read id: 0 Percent: 0 Clock: 0
P6: Entry Read id: 3
P6: Exit Read id: 3 Percent: 6 Clock: 4
P2: Entry Read id: 2
P2: Exit Read id: 2 Percent: 6 Clock: 3
P2: Synch start 0
P4: Synch start 0
P4: Entry Write id: 5 Percent: 6
P4: Exit Write id: 5 Percent: 6 Clock: 5
UPdate from Process 6 for id: 5 percent: 6
P3: Synch start 0
P2: Entry Write id: 5 Percent: 6
P2: Entry Write id: 4 Percent: 6
P2: Exit Write id: 4 Percent: 6 Clock: 2
UPdate from Process 4 for id: 4 percent: 6
P2: Exit Write id: 5 Percent: 6 Clock: 5
UPdate from Process 6 for id: 5 percent: 6
P6: Synch start 0
P6: Entry Write id: 4 Percent: 6
P6: Exit Write id: 4 Percent: 6 Clock: 2
UPdate from Process 4 for id: 4 percent: 6
P3: Entry Write id: 5 Percent: 6
P3: Entry Write id: 4 Percent: 6
P3: Exit Write id: 5 Percent: 6 Clock: 5
UPdate from Process 6 for id: 5 percent: 6
P3: Exit Write id: 4 Percent: 6 Clock: 2
UPdate from Process 4 for id: 4 percent: 6
P5: Synch start 0
P5: Entry Write id: 5 Percent: 6
P5: Exit Write id: 5 Percent: 6 Clock: 5
UPdate from Process 6 for id: 5 percent: 6
P3: Synch start 0
P3: Entry Write id: 6 Percent: 6
P3: Exit Write id: 6 Percent: 6 Clock: 2
UPdate from Process 5 for id: 6 percent: 6
P6: Synch start 0
P4: Synch start 0
P6: Entry Write id: 6 Percent: 6
P2: Synch start 0
P6: Exit Write id: 6 Percent: 6 Clock: 2
UPdate from Process 5 for id: 6 percent: 6
P4: Entry Write id: 6 Percent: 6
P4: Exit Write id: 6 Percent: 6 Clock: 2
UPdate from Process 5 for id: 6 percent: 6
P2: Entry Write id: 6 Percent: 6
P2: Exit Write id: 6 Percent: 6 Clock: 2
UPdate from Process 5 for id: 6 percent: 6
